20:16:28.170 [main] INFO  - *****Sub-menu Items of Gyms are printed*****
20:16:28.401 [main] INFO  - ***Screenshot of Gym sub-Menu items taken successfully***
20:16:29.466 [main] DEBUG - Parsing relationship: /xl/_rels/workbook.xml.rels
20:16:29.467 [main] DEBUG - Parsing relationship: /_rels/.rels
20:16:29.491 [main] DEBUG - Save content types part
20:16:29.492 [main] DEBUG - Save package relationships
20:16:29.492 [main] DEBUG - Save part 'docProps/app.xml'
20:16:29.493 [main] DEBUG - Save part 'docProps/core.xml'
20:16:29.493 [main] DEBUG - Save part 'xl/sharedStrings.xml'
20:16:29.493 [main] DEBUG - Save part 'xl/styles.xml'
20:16:29.494 [main] DEBUG - Save part 'xl/workbook.xml'
20:16:29.495 [main] DEBUG - Save part 'xl/worksheets/sheet1.xml'
20:16:29.496 [main] DEBUG - Save part 'xl/worksheets/sheet2.xml'
20:16:29.496 [main] DEBUG - Save part 'xl/worksheets/sheet3.xml'
20:16:29.496 [main] INFO  - Dropdown List of sub-menu gym items are printed
20:16:29.497 [main] INFO  - <------Gym Test Scenario Execution Ended succesfully------>
20:28:13.208 [main] INFO  - <------Car Washing services Test Scenario Execution Started------>
20:28:13.595 [main] INFO  - Justdial logo is verified successfully
20:28:19.583 [main] INFO  - Popup Handled succesfully
20:28:20.082 [main] INFO  - Current location is selected
20:28:20.223 [main] DEBUG - Parsing relationship: /xl/_rels/workbook.xml.rels
20:28:20.226 [main] DEBUG - Parsing relationship: /xl/worksheets/_rels/sheet1.xml.rels
20:28:20.226 [main] DEBUG - Parsing relationship: /_rels/.rels
20:28:20.358 [main] TRACE - Loading type system org.apache.poi.schemas.ooxml.system.ooxml
20:28:20.360 [main] TRACE - Loading type system org.apache.xmlbeans.metadata.system.sXMLCONFIG
20:28:20.361 [main] TRACE - Loading type system org.apache.xmlbeans.metadata.system.sXMLLANG
20:28:20.361 [main] TRACE - Loading type system org.apache.xmlbeans.metadata.system.sXMLSCHEMA
20:28:20.362 [main] TRACE - Loading type system org.apache.xmlbeans.metadata.system.sXMLTOOLS
20:28:20.363 [main] TRACE - Reading unresolved handles for type system org.apache.xmlbeans.metadata.system.sXMLTOOLS
20:28:20.375 [main] TRACE - Finished loading type system org.apache.xmlbeans.metadata.system.sXMLTOOLS
20:28:20.376 [main] TRACE - Reading unresolved handles for type system org.apache.xmlbeans.metadata.system.sXMLSCHEMA
20:28:20.380 [main] TRACE - Finished loading type system org.apache.xmlbeans.metadata.system.sXMLSCHEMA
20:28:20.381 [main] TRACE - Reading unresolved handles for type system org.apache.xmlbeans.metadata.system.sXMLLANG
20:28:20.382 [main] TRACE - Finished loading type system org.apache.xmlbeans.metadata.system.sXMLLANG
20:28:20.384 [main] TRACE - Reading unresolved handles for type system org.apache.xmlbeans.metadata.system.sXMLCONFIG
20:28:20.385 [main] TRACE - Finished loading type system org.apache.xmlbeans.metadata.system.sXMLCONFIG
20:28:20.386 [main] TRACE - Reading unresolved handles for type system org.apache.poi.schemas.ooxml.system.ooxml
20:28:20.435 [main] TRACE - Finished loading type system org.apache.poi.schemas.ooxml.system.ooxml
20:28:20.437 [main] TRACE - Resolving type for handle themefd26doctype
20:28:20.483 [main] TRACE - Resolving type for handle stylesheet5d8bdoctype
20:28:20.486 [main] TRACE - Resolving type for handle ctstylesheet4257type
20:28:20.492 [main] TRACE - Resolving type for handle ctfonts6623type
20:28:20.494 [main] TRACE - Resolving type for handle ctfont14d8type
20:28:20.498 [main] TRACE - Resolving type for handle ctfills2c6ftype
20:28:20.500 [main] TRACE - Resolving type for handle ctfill550ctype
20:28:20.502 [main] TRACE - Resolving type for handle ctborders0d66type
20:28:20.504 [main] TRACE - Resolving type for handle ctborderf935type
20:28:20.507 [main] TRACE - Resolving type for handle ctcellxfs1322type
20:28:20.509 [main] TRACE - Resolving type for handle ctxf97f7type
20:28:20.511 [main] TRACE - Resolving type for handle ctcellstylexfsa81ftype
20:28:20.512 [main] TRACE - Resolving type for handle ctdxfsb26atype
20:28:20.514 [main] TRACE - Resolving type for handle cttablestyles872ftype
20:28:20.517 [main] TRACE - Resolving type for handle sstf81fdoctype
20:28:20.520 [main] TRACE - Resolving type for handle ctsst44f3type
20:28:20.530 [main] TRACE - Resolving type for handle ctrsta472type
20:28:20.543 [main] DEBUG - using default POIXMLDocumentPart for http://schemas.openxmlformats.org/officeDocument/2006/relationships/printerSettings
20:28:20.544 [main] TRACE - Resolving type for handle workbookec17doctype
20:28:20.547 [main] TRACE - Resolving type for handle ctworkbook83c3type
20:28:20.550 [main] TRACE - Resolving type for handle ctsheets49fdtype
20:28:20.553 [main] TRACE - Resolving type for handle ctsheet4dbetype
20:28:20.556 [main] TRACE - Resolving type for handle strelationshipid1e94type
20:28:20.558 [main] TRACE - Resolving type for handle worksheetf539doctype
20:28:20.561 [main] TRACE - Resolving type for handle ctworksheet530dtype
20:28:20.567 [main] TRACE - Resolving type for handle ctsheetdata8408type
20:28:20.570 [main] TRACE - Resolving type for handle ctrowdd39type
20:28:20.573 [main] TRACE - Resolving type for handle ctcell842btype
20:28:20.580 [main] TRACE - Resolving type for handle stcellrefe4e0type
20:28:20.585 [main] TRACE - Resolving type for handle ctcols627ctype
20:28:20.590 [main] TRACE - Resolving type for handle ctcola95ftype
20:28:20.610 [main] TRACE - Resolving type for handle stxstringf179type
20:28:20.612 [main] TRACE - Resolving type for handle stcelltypebf95type
20:28:24.948 [main] INFO  - Searched Car washing services are visible on screen
20:28:45.695 [main] INFO  - 4.0+ rating filter is applied after clicking on rating filter under AllFilters tag
20:28:45.923 [main] INFO  - *****Car Washing services name and rating is printed on console and excel*****
20:28:48.873 [main] TRACE - Resolving type for handle ctworkbookpr03a5type
20:28:48.876 [main] TRACE - Resolving type for handle ctbookviewsb864type
20:28:48.878 [main] TRACE - Resolving type for handle ctbookviewf677type
20:28:48.881 [main] TRACE - Resolving type for handle propertiesee84doctype
20:28:48.882 [main] TRACE - Resolving type for handle ctproperties3f10type
20:28:48.885 [main] TRACE - Resolving type for handle properties288cdoctype
20:28:48.886 [main] TRACE - Resolving type for handle ctproperties2c18type
20:28:48.889 [main] TRACE - Resolving type for handle ctfontsizeb3b9type
20:28:48.891 [main] TRACE - Resolving type for handle ctcolord2c2type
20:28:48.892 [main] TRACE - Resolving type for handle ctfontname2dc3type
20:28:48.894 [main] TRACE - Resolving type for handle ctfontfamily685ctype
20:28:48.896 [main] TRACE - Resolving type for handle stfontfamily9c6ctype
20:28:48.898 [main] TRACE - Resolving type for handle ctfontschemebf5dtype
20:28:48.899 [main] TRACE - Resolving type for handle stfontschemef36dtype
20:28:48.900 [main] TRACE - Resolving type for handle ctpatternfill7452type
20:28:48.902 [main] TRACE - Resolving type for handle stpatterntype7939type
20:28:48.903 [main] TRACE - Resolving type for handle ctborderpre497type
20:28:48.904 [main] TRACE - Resolving type for handle stnumfmtid76fbtype
20:28:48.905 [main] TRACE - Resolving type for handle stfontid9d63type
20:28:48.906 [main] TRACE - Resolving type for handle stfillida097type
20:28:48.906 [main] TRACE - Resolving type for handle stborderid1a80type
20:28:48.907 [main] TRACE - Resolving type for handle stcellstylexfid70c7type
20:28:48.909 [main] TRACE - Resolving type for handle ctsheetformatprdef7type
20:28:48.911 [main] TRACE - Resolving type for handle ctsheetviewsb918type
20:28:48.912 [main] TRACE - Resolving type for handle ctsheetview0f43type
20:28:48.915 [main] TRACE - Resolving type for handle ctsheetdimensiond310type
20:28:48.915 [main] TRACE - Resolving type for handle stref90a2type
20:28:48.916 [main] TRACE - Resolving type for handle ctpagemargins5455type
20:28:49.126 [main] TRACE - Resolving type for handle ctnumfmtsb58btype
20:28:49.136 [main] DEBUG - Save core properties part
20:28:49.136 [main] DEBUG - Save content types part
20:28:49.181 [main] DEBUG - Save package relationships
20:28:49.184 [main] DEBUG - Save part 'docProps/app.xml'
20:28:49.185 [main] DEBUG - Save part 'docProps/core.xml'
20:28:49.187 [main] DEBUG - Save part 'xl/sharedStrings.xml'
20:28:49.188 [main] DEBUG - Save part 'xl/styles.xml'
20:28:49.188 [main] DEBUG - Save part 'xl/workbook.xml'
20:28:49.189 [main] DEBUG - Save part 'xl/worksheets/sheet1.xml'
20:28:49.190 [main] DEBUG - Save content types part
20:28:49.190 [main] DEBUG - Save package relationships
20:28:49.191 [main] DEBUG - Save part 'docProps/app.xml'
20:28:49.191 [main] DEBUG - Save part 'docProps/core.xml'
20:28:49.192 [main] DEBUG - Save part 'xl/sharedStrings.xml'
20:28:49.192 [main] DEBUG - Save part 'xl/styles.xml'
20:28:49.192 [main] DEBUG - Save part 'xl/workbook.xml'
20:28:49.193 [main] DEBUG - Save part 'xl/worksheets/sheet1.xml'
20:28:49.425 [main] INFO  - ***Screenshot of Car washing services taken successfully***
20:28:49.425 [main] INFO  - <------Car Washing services Test Scenario Execution ended successfully------>
20:28:55.134 [main] INFO  - <------FreeListing Test Scenario Execution Started succesfully------>
20:29:02.343 [main] INFO  - FreeListing is launched
20:29:02.576 [main] DEBUG - Parsing relationship: /xl/_rels/workbook.xml.rels
20:29:02.578 [main] DEBUG - Parsing relationship: /xl/worksheets/_rels/sheet1.xml.rels
20:29:02.578 [main] DEBUG - Parsing relationship: /_rels/.rels
20:29:02.586 [main] DEBUG - using default POIXMLDocumentPart for http://schemas.openxmlformats.org/officeDocument/2006/relationships/printerSettings
20:29:04.693 [main] INFO  - Wrong Detail is entered and Start Now button is clicked
20:29:06.886 [main] INFO  - Invalid message is printed
20:29:07.959 [main] INFO  - *****Window navigated back successfully*****
20:29:07.959 [main] INFO  - <------FreeListing Test Scenario Execution Started succesfully------>
20:29:13.477 [main] INFO  - <------Gym Test Scenario Execution Started succesfully------>
20:29:20.052 [main] INFO  - Gym section under fitness is clicked
20:29:42.549 [main] DEBUG - Parsing relationship: /xl/_rels/workbook.xml.rels
20:29:42.550 [main] DEBUG - Parsing relationship: /_rels/.rels
20:30:02.594 [main] DEBUG - Save content types part
20:30:02.595 [main] DEBUG - Save package relationships
20:30:02.595 [main] DEBUG - Save part 'docProps/app.xml'
20:30:02.595 [main] DEBUG - Save part 'docProps/core.xml'
20:30:02.596 [main] DEBUG - Save part 'xl/sharedStrings.xml'
20:30:02.596 [main] DEBUG - Save part 'xl/styles.xml'
20:30:02.596 [main] DEBUG - Save part 'xl/workbook.xml'
20:30:02.597 [main] DEBUG - Save part 'xl/worksheets/sheet1.xml'
20:30:02.597 [main] DEBUG - Save part 'xl/worksheets/sheet2.xml'
20:30:02.598 [main] INFO  - *****Sub-menu Items of Gyms are printed*****
20:30:02.861 [main] INFO  - ***Screenshot of Gym sub-Menu items taken successfully***
20:30:23.164 [main] DEBUG - Parsing relationship: /xl/_rels/workbook.xml.rels
20:30:23.165 [main] DEBUG - Parsing relationship: /_rels/.rels
20:30:23.178 [main] DEBUG - Save content types part
20:30:23.179 [main] DEBUG - Save package relationships
20:30:23.180 [main] DEBUG - Save part 'docProps/app.xml'
20:30:23.180 [main] DEBUG - Save part 'docProps/core.xml'
20:30:23.181 [main] DEBUG - Save part 'xl/sharedStrings.xml'
20:30:23.181 [main] DEBUG - Save part 'xl/styles.xml'
20:30:23.181 [main] DEBUG - Save part 'xl/workbook.xml'
20:30:23.183 [main] DEBUG - Save part 'xl/worksheets/sheet1.xml'
20:30:23.183 [main] DEBUG - Save part 'xl/worksheets/sheet2.xml'
20:30:23.183 [main] DEBUG - Save part 'xl/worksheets/sheet3.xml'
20:30:23.184 [main] INFO  - Dropdown List of sub-menu gym items are printed
20:30:23.184 [main] INFO  - <------Gym Test Scenario Execution Ended succesfully------>
20:31:47.199 [main] INFO  - <------Car Washing services Test Scenario Execution Started------>
20:31:47.341 [main] INFO  - Justdial logo is verified successfully
20:31:53.596 [main] INFO  - Popup Handled succesfully
20:31:54.083 [main] INFO  - Current location is selected
20:31:54.225 [main] DEBUG - Parsing relationship: /xl/_rels/workbook.xml.rels
20:31:54.226 [main] DEBUG - Parsing relationship: /xl/worksheets/_rels/sheet1.xml.rels
20:31:54.227 [main] DEBUG - Parsing relationship: /_rels/.rels
20:31:54.372 [main] TRACE - Loading type system org.apache.poi.schemas.ooxml.system.ooxml
20:31:54.374 [main] TRACE - Loading type system org.apache.xmlbeans.metadata.system.sXMLCONFIG
20:31:54.375 [main] TRACE - Loading type system org.apache.xmlbeans.metadata.system.sXMLLANG
20:31:54.375 [main] TRACE - Loading type system org.apache.xmlbeans.metadata.system.sXMLSCHEMA
20:31:54.375 [main] TRACE - Loading type system org.apache.xmlbeans.metadata.system.sXMLTOOLS
20:31:54.376 [main] TRACE - Reading unresolved handles for type system org.apache.xmlbeans.metadata.system.sXMLTOOLS
20:31:54.387 [main] TRACE - Finished loading type system org.apache.xmlbeans.metadata.system.sXMLTOOLS
20:31:54.388 [main] TRACE - Reading unresolved handles for type system org.apache.xmlbeans.metadata.system.sXMLSCHEMA
20:31:54.393 [main] TRACE - Finished loading type system org.apache.xmlbeans.metadata.system.sXMLSCHEMA
20:31:54.394 [main] TRACE - Reading unresolved handles for type system org.apache.xmlbeans.metadata.system.sXMLLANG
20:31:54.395 [main] TRACE - Finished loading type system org.apache.xmlbeans.metadata.system.sXMLLANG
20:31:54.395 [main] TRACE - Reading unresolved handles for type system org.apache.xmlbeans.metadata.system.sXMLCONFIG
20:31:54.396 [main] TRACE - Finished loading type system org.apache.xmlbeans.metadata.system.sXMLCONFIG
20:31:54.397 [main] TRACE - Reading unresolved handles for type system org.apache.poi.schemas.ooxml.system.ooxml
20:31:54.438 [main] TRACE - Finished loading type system org.apache.poi.schemas.ooxml.system.ooxml
20:31:54.439 [main] TRACE - Resolving type for handle themefd26doctype
20:31:54.481 [main] TRACE - Resolving type for handle stylesheet5d8bdoctype
20:31:54.486 [main] TRACE - Resolving type for handle ctstylesheet4257type
20:31:54.489 [main] TRACE - Resolving type for handle ctfonts6623type
20:31:54.490 [main] TRACE - Resolving type for handle ctfont14d8type
20:31:54.493 [main] TRACE - Resolving type for handle ctfills2c6ftype
20:31:54.494 [main] TRACE - Resolving type for handle ctfill550ctype
20:31:54.496 [main] TRACE - Resolving type for handle ctborders0d66type
20:31:54.497 [main] TRACE - Resolving type for handle ctborderf935type
20:31:54.500 [main] TRACE - Resolving type for handle ctcellxfs1322type
20:31:54.503 [main] TRACE - Resolving type for handle ctxf97f7type
20:31:54.505 [main] TRACE - Resolving type for handle ctcellstylexfsa81ftype
20:31:54.506 [main] TRACE - Resolving type for handle ctdxfsb26atype
20:31:54.508 [main] TRACE - Resolving type for handle cttablestyles872ftype
20:31:54.512 [main] TRACE - Resolving type for handle sstf81fdoctype
20:31:54.516 [main] TRACE - Resolving type for handle ctsst44f3type
20:31:54.527 [main] TRACE - Resolving type for handle ctrsta472type
20:31:54.540 [main] DEBUG - using default POIXMLDocumentPart for http://schemas.openxmlformats.org/officeDocument/2006/relationships/printerSettings
20:31:54.541 [main] TRACE - Resolving type for handle workbookec17doctype
20:31:54.544 [main] TRACE - Resolving type for handle ctworkbook83c3type
20:31:54.546 [main] TRACE - Resolving type for handle ctsheets49fdtype
20:31:54.548 [main] TRACE - Resolving type for handle ctsheet4dbetype
20:31:54.549 [main] TRACE - Resolving type for handle strelationshipid1e94type
20:31:54.550 [main] TRACE - Resolving type for handle worksheetf539doctype
20:31:54.553 [main] TRACE - Resolving type for handle ctworksheet530dtype
20:31:54.557 [main] TRACE - Resolving type for handle ctsheetdata8408type
20:31:54.558 [main] TRACE - Resolving type for handle ctrowdd39type
20:31:54.560 [main] TRACE - Resolving type for handle ctcell842btype
20:31:54.565 [main] TRACE - Resolving type for handle stcellrefe4e0type
20:31:54.570 [main] TRACE - Resolving type for handle ctcols627ctype
20:31:54.572 [main] TRACE - Resolving type for handle ctcola95ftype
20:31:54.588 [main] TRACE - Resolving type for handle stxstringf179type
20:31:54.590 [main] TRACE - Resolving type for handle stcelltypebf95type
20:31:58.933 [main] INFO  - Searched Car washing services are visible on screen
20:32:20.287 [main] INFO  - 4.0+ rating filter is applied after clicking on rating filter under AllFilters tag
20:32:20.511 [main] INFO  - *****Car Washing services name and rating is printed on console and excel*****
20:32:23.555 [main] TRACE - Resolving type for handle ctworkbookpr03a5type
20:32:23.561 [main] TRACE - Resolving type for handle ctbookviewsb864type
20:32:23.563 [main] TRACE - Resolving type for handle ctbookviewf677type
20:32:23.566 [main] TRACE - Resolving type for handle propertiesee84doctype
20:32:23.567 [main] TRACE - Resolving type for handle ctproperties3f10type
20:32:23.570 [main] TRACE - Resolving type for handle properties288cdoctype
20:32:23.571 [main] TRACE - Resolving type for handle ctproperties2c18type
20:32:23.576 [main] TRACE - Resolving type for handle ctfontsizeb3b9type
20:32:23.578 [main] TRACE - Resolving type for handle ctcolord2c2type
20:32:23.579 [main] TRACE - Resolving type for handle ctfontname2dc3type
20:32:23.581 [main] TRACE - Resolving type for handle ctfontfamily685ctype
20:32:23.582 [main] TRACE - Resolving type for handle stfontfamily9c6ctype
20:32:23.583 [main] TRACE - Resolving type for handle ctfontschemebf5dtype
20:32:23.585 [main] TRACE - Resolving type for handle stfontschemef36dtype
20:32:23.586 [main] TRACE - Resolving type for handle ctpatternfill7452type
20:32:23.587 [main] TRACE - Resolving type for handle stpatterntype7939type
20:32:23.588 [main] TRACE - Resolving type for handle ctborderpre497type
20:32:23.592 [main] TRACE - Resolving type for handle stnumfmtid76fbtype
20:32:23.593 [main] TRACE - Resolving type for handle stfontid9d63type
20:32:23.594 [main] TRACE - Resolving type for handle stfillida097type
20:32:23.595 [main] TRACE - Resolving type for handle stborderid1a80type
20:32:23.596 [main] TRACE - Resolving type for handle stcellstylexfid70c7type
20:32:23.598 [main] TRACE - Resolving type for handle ctsheetformatprdef7type
20:32:23.599 [main] TRACE - Resolving type for handle ctsheetviewsb918type
20:32:23.600 [main] TRACE - Resolving type for handle ctsheetview0f43type
20:32:23.603 [main] TRACE - Resolving type for handle ctsheetdimensiond310type
20:32:23.604 [main] TRACE - Resolving type for handle stref90a2type
20:32:23.605 [main] TRACE - Resolving type for handle ctpagemargins5455type
20:32:23.831 [main] TRACE - Resolving type for handle ctnumfmtsb58btype
20:32:23.839 [main] DEBUG - Save core properties part
20:32:23.839 [main] DEBUG - Save content types part
20:32:23.889 [main] DEBUG - Save package relationships
20:32:23.894 [main] DEBUG - Save part 'docProps/app.xml'
20:32:23.894 [main] DEBUG - Save part 'docProps/core.xml'
20:32:23.898 [main] DEBUG - Save part 'xl/sharedStrings.xml'
20:32:23.898 [main] DEBUG - Save part 'xl/styles.xml'
20:32:23.899 [main] DEBUG - Save part 'xl/workbook.xml'
20:32:23.900 [main] DEBUG - Save part 'xl/worksheets/sheet1.xml'
20:32:23.901 [main] DEBUG - Save content types part
20:32:23.902 [main] DEBUG - Save package relationships
20:32:23.903 [main] DEBUG - Save part 'docProps/app.xml'
20:32:23.903 [main] DEBUG - Save part 'docProps/core.xml'
20:32:23.904 [main] DEBUG - Save part 'xl/sharedStrings.xml'
20:32:23.904 [main] DEBUG - Save part 'xl/styles.xml'
20:32:23.906 [main] DEBUG - Save part 'xl/workbook.xml'
20:32:23.908 [main] DEBUG - Save part 'xl/worksheets/sheet1.xml'
20:32:24.120 [main] INFO  - ***Screenshot of Car washing services taken successfully***
20:32:24.120 [main] INFO  - <------Car Washing services Test Scenario Execution ended successfully------>
20:32:30.423 [main] INFO  - <------FreeListing Test Scenario Execution Started succesfully------>
20:32:37.355 [main] INFO  - FreeListing is launched
20:32:37.589 [main] DEBUG - Parsing relationship: /xl/_rels/workbook.xml.rels
20:32:37.590 [main] DEBUG - Parsing relationship: /xl/worksheets/_rels/sheet1.xml.rels
20:32:37.591 [main] DEBUG - Parsing relationship: /_rels/.rels
20:32:37.596 [main] DEBUG - using default POIXMLDocumentPart for http://schemas.openxmlformats.org/officeDocument/2006/relationships/printerSettings
20:32:39.699 [main] INFO  - Wrong Detail is entered and Start Now button is clicked
20:32:41.890 [main] INFO  - Invalid message is printed
20:32:42.921 [main] INFO  - *****Window navigated back successfully*****
20:32:42.921 [main] INFO  - <------FreeListing Test Scenario Execution Started succesfully------>
20:32:49.027 [main] INFO  - <------Gym Test Scenario Execution Started succesfully------>
20:32:55.376 [main] INFO  - Gym section under fitness is clicked
20:33:17.669 [main] DEBUG - Parsing relationship: /xl/_rels/workbook.xml.rels
20:33:17.670 [main] DEBUG - Parsing relationship: /_rels/.rels
20:33:37.690 [main] DEBUG - Save content types part
20:33:37.691 [main] DEBUG - Save package relationships
20:33:37.691 [main] DEBUG - Save part 'docProps/app.xml'
20:33:37.692 [main] DEBUG - Save part 'docProps/core.xml'
20:33:37.692 [main] DEBUG - Save part 'xl/sharedStrings.xml'
20:33:37.693 [main] DEBUG - Save part 'xl/styles.xml'
20:33:37.693 [main] DEBUG - Save part 'xl/workbook.xml'
20:33:37.694 [main] DEBUG - Save part 'xl/worksheets/sheet1.xml'
20:33:37.694 [main] DEBUG - Save part 'xl/worksheets/sheet2.xml'
20:33:37.694 [main] INFO  - *****Sub-menu Items of Gyms are printed*****
20:33:37.944 [main] INFO  - ***Screenshot of Gym sub-Menu items taken successfully***
20:33:58.221 [main] DEBUG - Parsing relationship: /xl/_rels/workbook.xml.rels
20:33:58.222 [main] DEBUG - Parsing relationship: /_rels/.rels
20:33:58.242 [main] DEBUG - Save content types part
20:33:58.244 [main] DEBUG - Save package relationships
20:33:58.246 [main] DEBUG - Save part 'docProps/app.xml'
20:33:58.246 [main] DEBUG - Save part 'docProps/core.xml'
20:33:58.247 [main] DEBUG - Save part 'xl/sharedStrings.xml'
20:33:58.248 [main] DEBUG - Save part 'xl/styles.xml'
20:33:58.248 [main] DEBUG - Save part 'xl/workbook.xml'
20:33:58.249 [main] DEBUG - Save part 'xl/worksheets/sheet1.xml'
20:33:58.250 [main] DEBUG - Save part 'xl/worksheets/sheet2.xml'
20:33:58.250 [main] DEBUG - Save part 'xl/worksheets/sheet3.xml'
20:33:58.251 [main] INFO  - Dropdown List of sub-menu gym items are printed
20:33:58.252 [main] INFO  - <------Gym Test Scenario Execution Ended succesfully------>
20:34:47.754 [main] INFO  - <------Car Washing services Test Scenario Execution Started------>
20:34:47.977 [main] INFO  - Justdial logo is verified successfully
20:34:54.219 [main] INFO  - Popup Handled succesfully
20:34:54.802 [main] INFO  - Current location is selected
20:34:54.953 [main] DEBUG - Parsing relationship: /xl/_rels/workbook.xml.rels
20:34:54.959 [main] DEBUG - Parsing relationship: /xl/worksheets/_rels/sheet1.xml.rels
20:34:54.960 [main] DEBUG - Parsing relationship: /_rels/.rels
20:34:55.132 [main] TRACE - Loading type system org.apache.poi.schemas.ooxml.system.ooxml
20:34:55.136 [main] TRACE - Loading type system org.apache.xmlbeans.metadata.system.sXMLCONFIG
20:34:55.137 [main] TRACE - Loading type system org.apache.xmlbeans.metadata.system.sXMLLANG
20:34:55.137 [main] TRACE - Loading type system org.apache.xmlbeans.metadata.system.sXMLSCHEMA
20:34:55.138 [main] TRACE - Loading type system org.apache.xmlbeans.metadata.system.sXMLTOOLS
20:34:55.139 [main] TRACE - Reading unresolved handles for type system org.apache.xmlbeans.metadata.system.sXMLTOOLS
20:34:55.157 [main] TRACE - Finished loading type system org.apache.xmlbeans.metadata.system.sXMLTOOLS
20:34:55.159 [main] TRACE - Reading unresolved handles for type system org.apache.xmlbeans.metadata.system.sXMLSCHEMA
20:34:55.165 [main] TRACE - Finished loading type system org.apache.xmlbeans.metadata.system.sXMLSCHEMA
20:34:55.167 [main] TRACE - Reading unresolved handles for type system org.apache.xmlbeans.metadata.system.sXMLLANG
20:34:55.167 [main] TRACE - Finished loading type system org.apache.xmlbeans.metadata.system.sXMLLANG
20:34:55.168 [main] TRACE - Reading unresolved handles for type system org.apache.xmlbeans.metadata.system.sXMLCONFIG
20:34:55.169 [main] TRACE - Finished loading type system org.apache.xmlbeans.metadata.system.sXMLCONFIG
20:34:55.170 [main] TRACE - Reading unresolved handles for type system org.apache.poi.schemas.ooxml.system.ooxml
20:34:55.213 [main] TRACE - Finished loading type system org.apache.poi.schemas.ooxml.system.ooxml
20:34:55.213 [main] TRACE - Resolving type for handle themefd26doctype
20:34:55.277 [main] TRACE - Resolving type for handle stylesheet5d8bdoctype
20:34:55.281 [main] TRACE - Resolving type for handle ctstylesheet4257type
20:34:55.285 [main] TRACE - Resolving type for handle ctfonts6623type
20:34:55.288 [main] TRACE - Resolving type for handle ctfont14d8type
20:34:55.293 [main] TRACE - Resolving type for handle ctfills2c6ftype
20:34:55.295 [main] TRACE - Resolving type for handle ctfill550ctype
20:34:55.297 [main] TRACE - Resolving type for handle ctborders0d66type
20:34:55.300 [main] TRACE - Resolving type for handle ctborderf935type
20:34:55.304 [main] TRACE - Resolving type for handle ctcellxfs1322type
20:34:55.307 [main] TRACE - Resolving type for handle ctxf97f7type
20:34:55.311 [main] TRACE - Resolving type for handle ctcellstylexfsa81ftype
20:34:55.313 [main] TRACE - Resolving type for handle ctdxfsb26atype
20:34:55.316 [main] TRACE - Resolving type for handle cttablestyles872ftype
20:34:55.321 [main] TRACE - Resolving type for handle sstf81fdoctype
20:34:55.325 [main] TRACE - Resolving type for handle ctsst44f3type
20:34:55.335 [main] TRACE - Resolving type for handle ctrsta472type
20:34:55.352 [main] DEBUG - using default POIXMLDocumentPart for http://schemas.openxmlformats.org/officeDocument/2006/relationships/printerSettings
20:34:55.353 [main] TRACE - Resolving type for handle workbookec17doctype
20:34:55.358 [main] TRACE - Resolving type for handle ctworkbook83c3type
20:34:55.363 [main] TRACE - Resolving type for handle ctsheets49fdtype
20:34:55.365 [main] TRACE - Resolving type for handle ctsheet4dbetype
20:34:55.367 [main] TRACE - Resolving type for handle strelationshipid1e94type
20:34:55.369 [main] TRACE - Resolving type for handle worksheetf539doctype
20:34:55.375 [main] TRACE - Resolving type for handle ctworksheet530dtype
20:34:55.382 [main] TRACE - Resolving type for handle ctsheetdata8408type
20:34:55.385 [main] TRACE - Resolving type for handle ctrowdd39type
20:34:55.391 [main] TRACE - Resolving type for handle ctcell842btype
20:34:55.397 [main] TRACE - Resolving type for handle stcellrefe4e0type
20:34:55.404 [main] TRACE - Resolving type for handle ctcols627ctype
20:34:55.410 [main] TRACE - Resolving type for handle ctcola95ftype
20:34:55.425 [main] TRACE - Resolving type for handle stxstringf179type
20:34:55.427 [main] TRACE - Resolving type for handle stcelltypebf95type
20:34:59.785 [main] INFO  - Searched Car washing services are visible on screen
20:35:20.819 [main] INFO  - 4.0+ rating filter is applied after clicking on rating filter under AllFilters tag
20:35:21.036 [main] INFO  - *****Car Washing services name and rating is printed on console and excel*****
20:35:27.369 [main] TRACE - Resolving type for handle ctworkbookpr03a5type
20:35:27.372 [main] TRACE - Resolving type for handle ctbookviewsb864type
20:35:27.373 [main] TRACE - Resolving type for handle ctbookviewf677type
20:35:27.376 [main] TRACE - Resolving type for handle propertiesee84doctype
20:35:27.376 [main] TRACE - Resolving type for handle ctproperties3f10type
20:35:27.379 [main] TRACE - Resolving type for handle properties288cdoctype
20:35:27.381 [main] TRACE - Resolving type for handle ctproperties2c18type
20:35:27.384 [main] TRACE - Resolving type for handle ctfontsizeb3b9type
20:35:27.385 [main] TRACE - Resolving type for handle ctcolord2c2type
20:35:27.387 [main] TRACE - Resolving type for handle ctfontname2dc3type
20:35:27.388 [main] TRACE - Resolving type for handle ctfontfamily685ctype
20:35:27.388 [main] TRACE - Resolving type for handle stfontfamily9c6ctype
20:35:27.390 [main] TRACE - Resolving type for handle ctfontschemebf5dtype
20:35:27.391 [main] TRACE - Resolving type for handle stfontschemef36dtype
20:35:27.392 [main] TRACE - Resolving type for handle ctpatternfill7452type
20:35:27.393 [main] TRACE - Resolving type for handle stpatterntype7939type
20:35:27.394 [main] TRACE - Resolving type for handle ctborderpre497type
20:35:27.395 [main] TRACE - Resolving type for handle stnumfmtid76fbtype
20:35:27.396 [main] TRACE - Resolving type for handle stfontid9d63type
20:35:27.397 [main] TRACE - Resolving type for handle stfillida097type
20:35:27.398 [main] TRACE - Resolving type for handle stborderid1a80type
20:35:27.399 [main] TRACE - Resolving type for handle stcellstylexfid70c7type
20:35:27.401 [main] TRACE - Resolving type for handle ctsheetformatprdef7type
20:35:27.402 [main] TRACE - Resolving type for handle ctsheetviewsb918type
20:35:27.403 [main] TRACE - Resolving type for handle ctsheetview0f43type
20:35:27.405 [main] TRACE - Resolving type for handle ctsheetdimensiond310type
20:35:27.406 [main] TRACE - Resolving type for handle stref90a2type
20:35:27.407 [main] TRACE - Resolving type for handle ctpagemargins5455type
20:35:29.655 [main] TRACE - Resolving type for handle ctnumfmtsb58btype
20:35:29.667 [main] DEBUG - Save core properties part
20:35:29.668 [main] DEBUG - Save content types part
20:35:29.723 [main] DEBUG - Save package relationships
20:35:29.727 [main] DEBUG - Save part 'docProps/app.xml'
20:35:29.728 [main] DEBUG - Save part 'docProps/core.xml'
20:35:29.732 [main] DEBUG - Save part 'xl/sharedStrings.xml'
20:35:29.732 [main] DEBUG - Save part 'xl/styles.xml'
20:35:29.732 [main] DEBUG - Save part 'xl/workbook.xml'
20:35:29.734 [main] DEBUG - Save part 'xl/worksheets/sheet1.xml'
20:35:29.735 [main] DEBUG - Save content types part
20:35:29.736 [main] DEBUG - Save package relationships
20:35:29.737 [main] DEBUG - Save part 'docProps/app.xml'
20:35:29.738 [main] DEBUG - Save part 'docProps/core.xml'
20:35:29.739 [main] DEBUG - Save part 'xl/sharedStrings.xml'
20:35:29.739 [main] DEBUG - Save part 'xl/styles.xml'
20:35:29.739 [main] DEBUG - Save part 'xl/workbook.xml'
20:35:29.740 [main] DEBUG - Save part 'xl/worksheets/sheet1.xml'
20:35:30.006 [main] INFO  - ***Screenshot of Car washing services taken successfully***
20:35:30.006 [main] INFO  - <------Car Washing services Test Scenario Execution ended successfully------>
20:35:35.792 [main] INFO  - <------FreeListing Test Scenario Execution Started succesfully------>
20:35:42.962 [main] INFO  - FreeListing is launched
20:35:43.272 [main] DEBUG - Parsing relationship: /xl/_rels/workbook.xml.rels
20:35:43.272 [main] DEBUG - Parsing relationship: /xl/worksheets/_rels/sheet1.xml.rels
20:35:43.273 [main] DEBUG - Parsing relationship: /_rels/.rels
20:35:43.280 [main] DEBUG - using default POIXMLDocumentPart for http://schemas.openxmlformats.org/officeDocument/2006/relationships/printerSettings
20:35:45.384 [main] INFO  - Wrong Detail is entered and Start Now button is clicked
20:35:47.582 [main] INFO  - Invalid message is printed
20:35:48.677 [main] INFO  - *****Window navigated back successfully*****
20:35:48.677 [main] INFO  - <------FreeListing Test Scenario Execution Started succesfully------>
20:35:54.117 [main] INFO  - <------Gym Test Scenario Execution Started succesfully------>
20:36:00.762 [main] INFO  - Gym section under fitness is clicked
20:36:23.133 [main] DEBUG - Parsing relationship: /xl/_rels/workbook.xml.rels
20:36:23.134 [main] DEBUG - Parsing relationship: /_rels/.rels
20:36:43.169 [main] DEBUG - Save content types part
20:36:43.170 [main] DEBUG - Save package relationships
20:36:43.172 [main] DEBUG - Save part 'docProps/app.xml'
20:36:43.173 [main] DEBUG - Save part 'docProps/core.xml'
20:36:43.174 [main] DEBUG - Save part 'xl/sharedStrings.xml'
20:36:43.174 [main] DEBUG - Save part 'xl/styles.xml'
20:36:43.174 [main] DEBUG - Save part 'xl/workbook.xml'
20:36:43.175 [main] DEBUG - Save part 'xl/worksheets/sheet1.xml'
20:36:43.175 [main] DEBUG - Save part 'xl/worksheets/sheet2.xml'
20:36:43.176 [main] INFO  - *****Sub-menu Items of Gyms are printed*****
20:36:43.425 [main] INFO  - ***Screenshot of Gym sub-Menu items taken successfully***
20:37:03.683 [main] DEBUG - Parsing relationship: /xl/_rels/workbook.xml.rels
20:37:03.683 [main] DEBUG - Parsing relationship: /_rels/.rels
20:37:03.700 [main] DEBUG - Save content types part
20:37:03.701 [main] DEBUG - Save package relationships
20:37:03.701 [main] DEBUG - Save part 'docProps/app.xml'
20:37:03.701 [main] DEBUG - Save part 'docProps/core.xml'
20:37:03.702 [main] DEBUG - Save part 'xl/sharedStrings.xml'
20:37:03.702 [main] DEBUG - Save part 'xl/styles.xml'
20:37:03.702 [main] DEBUG - Save part 'xl/workbook.xml'
20:37:03.704 [main] DEBUG - Save part 'xl/worksheets/sheet1.xml'
20:37:03.704 [main] DEBUG - Save part 'xl/worksheets/sheet2.xml'
20:37:03.704 [main] DEBUG - Save part 'xl/worksheets/sheet3.xml'
20:37:03.705 [main] INFO  - Dropdown List of sub-menu gym items are printed
20:37:03.705 [main] INFO  - <------Gym Test Scenario Execution Ended succesfully------>
20:37:44.326 [main] INFO  - <------Car Washing services Test Scenario Execution Started------>
20:37:44.522 [main] INFO  - Justdial logo is verified successfully
20:37:50.817 [main] INFO  - Popup Handled succesfully
20:37:51.326 [main] INFO  - Current location is selected
20:37:51.454 [main] DEBUG - Parsing relationship: /xl/_rels/workbook.xml.rels
20:37:51.456 [main] DEBUG - Parsing relationship: /xl/worksheets/_rels/sheet1.xml.rels
20:37:51.457 [main] DEBUG - Parsing relationship: /_rels/.rels
20:37:51.593 [main] TRACE - Loading type system org.apache.poi.schemas.ooxml.system.ooxml
20:37:51.595 [main] TRACE - Loading type system org.apache.xmlbeans.metadata.system.sXMLCONFIG
20:37:51.595 [main] TRACE - Loading type system org.apache.xmlbeans.metadata.system.sXMLLANG
20:37:51.596 [main] TRACE - Loading type system org.apache.xmlbeans.metadata.system.sXMLSCHEMA
20:37:51.596 [main] TRACE - Loading type system org.apache.xmlbeans.metadata.system.sXMLTOOLS
20:37:51.597 [main] TRACE - Reading unresolved handles for type system org.apache.xmlbeans.metadata.system.sXMLTOOLS
20:37:51.605 [main] TRACE - Finished loading type system org.apache.xmlbeans.metadata.system.sXMLTOOLS
20:37:51.606 [main] TRACE - Reading unresolved handles for type system org.apache.xmlbeans.metadata.system.sXMLSCHEMA
20:37:51.608 [main] TRACE - Finished loading type system org.apache.xmlbeans.metadata.system.sXMLSCHEMA
20:37:51.609 [main] TRACE - Reading unresolved handles for type system org.apache.xmlbeans.metadata.system.sXMLLANG
20:37:51.610 [main] TRACE - Finished loading type system org.apache.xmlbeans.metadata.system.sXMLLANG
20:37:51.610 [main] TRACE - Reading unresolved handles for type system org.apache.xmlbeans.metadata.system.sXMLCONFIG
20:37:51.611 [main] TRACE - Finished loading type system org.apache.xmlbeans.metadata.system.sXMLCONFIG
20:37:51.611 [main] TRACE - Reading unresolved handles for type system org.apache.poi.schemas.ooxml.system.ooxml
20:37:51.640 [main] TRACE - Finished loading type system org.apache.poi.schemas.ooxml.system.ooxml
20:37:51.640 [main] TRACE - Resolving type for handle themefd26doctype
20:37:51.678 [main] TRACE - Resolving type for handle stylesheet5d8bdoctype
20:37:51.681 [main] TRACE - Resolving type for handle ctstylesheet4257type
20:37:51.685 [main] TRACE - Resolving type for handle ctfonts6623type
20:37:51.687 [main] TRACE - Resolving type for handle ctfont14d8type
20:37:51.691 [main] TRACE - Resolving type for handle ctfills2c6ftype
20:37:51.692 [main] TRACE - Resolving type for handle ctfill550ctype
20:37:51.693 [main] TRACE - Resolving type for handle ctborders0d66type
20:37:51.695 [main] TRACE - Resolving type for handle ctborderf935type
20:37:51.697 [main] TRACE - Resolving type for handle ctcellxfs1322type
20:37:51.701 [main] TRACE - Resolving type for handle ctxf97f7type
20:37:51.703 [main] TRACE - Resolving type for handle ctcellstylexfsa81ftype
20:37:51.704 [main] TRACE - Resolving type for handle ctdxfsb26atype
20:37:51.705 [main] TRACE - Resolving type for handle cttablestyles872ftype
20:37:51.708 [main] TRACE - Resolving type for handle sstf81fdoctype
20:37:51.711 [main] TRACE - Resolving type for handle ctsst44f3type
20:37:51.717 [main] TRACE - Resolving type for handle ctrsta472type
20:37:51.727 [main] DEBUG - using default POIXMLDocumentPart for http://schemas.openxmlformats.org/officeDocument/2006/relationships/printerSettings
20:37:51.727 [main] TRACE - Resolving type for handle workbookec17doctype
20:37:51.732 [main] TRACE - Resolving type for handle ctworkbook83c3type
20:37:51.736 [main] TRACE - Resolving type for handle ctsheets49fdtype
20:37:51.739 [main] TRACE - Resolving type for handle ctsheet4dbetype
20:37:51.741 [main] TRACE - Resolving type for handle strelationshipid1e94type
20:37:51.743 [main] TRACE - Resolving type for handle worksheetf539doctype
20:37:51.747 [main] TRACE - Resolving type for handle ctworksheet530dtype
20:37:51.752 [main] TRACE - Resolving type for handle ctsheetdata8408type
20:37:51.755 [main] TRACE - Resolving type for handle ctrowdd39type
20:37:51.760 [main] TRACE - Resolving type for handle ctcell842btype
20:37:51.767 [main] TRACE - Resolving type for handle stcellrefe4e0type
20:37:51.774 [main] TRACE - Resolving type for handle ctcols627ctype
20:37:51.779 [main] TRACE - Resolving type for handle ctcola95ftype
20:37:51.796 [main] TRACE - Resolving type for handle stxstringf179type
20:37:51.798 [main] TRACE - Resolving type for handle stcelltypebf95type
20:37:56.136 [main] INFO  - Searched Car washing services are visible on screen
20:38:16.880 [main] INFO  - 4.0+ rating filter is applied after clicking on rating filter under AllFilters tag
20:38:17.091 [main] INFO  - *****Car Washing services name and rating is printed on console and excel*****
20:38:20.020 [main] TRACE - Resolving type for handle ctworkbookpr03a5type
20:38:20.026 [main] TRACE - Resolving type for handle ctbookviewsb864type
20:38:20.028 [main] TRACE - Resolving type for handle ctbookviewf677type
20:38:20.033 [main] TRACE - Resolving type for handle propertiesee84doctype
20:38:20.035 [main] TRACE - Resolving type for handle ctproperties3f10type
20:38:20.040 [main] TRACE - Resolving type for handle properties288cdoctype
20:38:20.042 [main] TRACE - Resolving type for handle ctproperties2c18type
20:38:20.046 [main] TRACE - Resolving type for handle ctfontsizeb3b9type
20:38:20.048 [main] TRACE - Resolving type for handle ctcolord2c2type
20:38:20.050 [main] TRACE - Resolving type for handle ctfontname2dc3type
20:38:20.052 [main] TRACE - Resolving type for handle ctfontfamily685ctype
20:38:20.054 [main] TRACE - Resolving type for handle stfontfamily9c6ctype
20:38:20.056 [main] TRACE - Resolving type for handle ctfontschemebf5dtype
20:38:20.058 [main] TRACE - Resolving type for handle stfontschemef36dtype
20:38:20.059 [main] TRACE - Resolving type for handle ctpatternfill7452type
20:38:20.062 [main] TRACE - Resolving type for handle stpatterntype7939type
20:38:20.064 [main] TRACE - Resolving type for handle ctborderpre497type
20:38:20.067 [main] TRACE - Resolving type for handle stnumfmtid76fbtype
20:38:20.068 [main] TRACE - Resolving type for handle stfontid9d63type
20:38:20.069 [main] TRACE - Resolving type for handle stfillida097type
20:38:20.070 [main] TRACE - Resolving type for handle stborderid1a80type
20:38:20.071 [main] TRACE - Resolving type for handle stcellstylexfid70c7type
20:38:20.074 [main] TRACE - Resolving type for handle ctsheetformatprdef7type
20:38:20.078 [main] TRACE - Resolving type for handle ctsheetviewsb918type
20:38:20.080 [main] TRACE - Resolving type for handle ctsheetview0f43type
20:38:20.085 [main] TRACE - Resolving type for handle ctsheetdimensiond310type
20:38:20.086 [main] TRACE - Resolving type for handle stref90a2type
20:38:20.088 [main] TRACE - Resolving type for handle ctpagemargins5455type
20:38:20.323 [main] TRACE - Resolving type for handle ctnumfmtsb58btype
20:38:20.334 [main] DEBUG - Save core properties part
20:38:20.334 [main] DEBUG - Save content types part
20:38:20.385 [main] DEBUG - Save package relationships
20:38:20.389 [main] DEBUG - Save part 'docProps/app.xml'
20:38:20.391 [main] DEBUG - Save part 'docProps/core.xml'
20:38:20.396 [main] DEBUG - Save part 'xl/sharedStrings.xml'
20:38:20.396 [main] DEBUG - Save part 'xl/styles.xml'
20:38:20.396 [main] DEBUG - Save part 'xl/workbook.xml'
20:38:20.398 [main] DEBUG - Save part 'xl/worksheets/sheet1.xml'
20:38:20.398 [main] DEBUG - Save content types part
20:38:20.399 [main] DEBUG - Save package relationships
20:38:20.400 [main] DEBUG - Save part 'docProps/app.xml'
20:38:20.400 [main] DEBUG - Save part 'docProps/core.xml'
20:38:20.401 [main] DEBUG - Save part 'xl/sharedStrings.xml'
20:38:20.401 [main] DEBUG - Save part 'xl/styles.xml'
20:38:20.402 [main] DEBUG - Save part 'xl/workbook.xml'
20:38:20.403 [main] DEBUG - Save part 'xl/worksheets/sheet1.xml'
20:38:20.643 [main] INFO  - ***Screenshot of Car washing services taken successfully***
20:38:20.643 [main] INFO  - <------Car Washing services Test Scenario Execution ended successfully------>
20:38:26.147 [main] INFO  - <------FreeListing Test Scenario Execution Started succesfully------>
20:38:33.416 [main] INFO  - FreeListing is launched
20:38:33.681 [main] DEBUG - Parsing relationship: /xl/_rels/workbook.xml.rels
20:38:33.682 [main] DEBUG - Parsing relationship: /xl/worksheets/_rels/sheet1.xml.rels
20:38:33.682 [main] DEBUG - Parsing relationship: /_rels/.rels
20:38:33.690 [main] DEBUG - using default POIXMLDocumentPart for http://schemas.openxmlformats.org/officeDocument/2006/relationships/printerSettings
20:38:35.800 [main] INFO  - Wrong Detail is entered and Start Now button is clicked
20:38:38.003 [main] INFO  - Invalid message is printed
20:38:39.104 [main] INFO  - *****Window navigated back successfully*****
20:38:39.104 [main] INFO  - <------FreeListing Test Scenario Execution Started succesfully------>
20:38:45.064 [main] INFO  - <------Gym Test Scenario Execution Started succesfully------>
20:38:51.207 [main] INFO  - Gym section under fitness is clicked
20:39:13.616 [main] DEBUG - Parsing relationship: /xl/_rels/workbook.xml.rels
20:39:13.617 [main] DEBUG - Parsing relationship: /_rels/.rels
20:39:33.664 [main] DEBUG - Save content types part
20:39:33.667 [main] DEBUG - Save package relationships
20:39:33.668 [main] DEBUG - Save part 'docProps/app.xml'
20:39:33.669 [main] DEBUG - Save part 'docProps/core.xml'
20:39:33.670 [main] DEBUG - Save part 'xl/sharedStrings.xml'
20:39:33.670 [main] DEBUG - Save part 'xl/styles.xml'
20:39:33.670 [main] DEBUG - Save part 'xl/workbook.xml'
20:39:33.671 [main] DEBUG - Save part 'xl/worksheets/sheet1.xml'
20:39:33.671 [main] DEBUG - Save part 'xl/worksheets/sheet2.xml'
20:39:33.672 [main] INFO  - *****Sub-menu Items of Gyms are printed*****
20:39:33.938 [main] INFO  - ***Screenshot of Gym sub-Menu items taken successfully***
20:39:54.240 [main] DEBUG - Parsing relationship: /xl/_rels/workbook.xml.rels
20:39:54.240 [main] DEBUG - Parsing relationship: /_rels/.rels
20:39:54.256 [main] DEBUG - Save content types part
20:39:54.257 [main] DEBUG - Save package relationships
20:39:54.259 [main] DEBUG - Save part 'docProps/app.xml'
20:39:54.259 [main] DEBUG - Save part 'docProps/core.xml'
20:39:54.261 [main] DEBUG - Save part 'xl/sharedStrings.xml'
20:39:54.261 [main] DEBUG - Save part 'xl/styles.xml'
20:39:54.261 [main] DEBUG - Save part 'xl/workbook.xml'
20:39:54.262 [main] DEBUG - Save part 'xl/worksheets/sheet1.xml'
20:39:54.263 [main] DEBUG - Save part 'xl/worksheets/sheet2.xml'
20:39:54.263 [main] DEBUG - Save part 'xl/worksheets/sheet3.xml'
20:39:54.263 [main] INFO  - Dropdown List of sub-menu gym items are printed
20:39:54.263 [main] INFO  - <------Gym Test Scenario Execution Ended succesfully------>
22:00:18.507 [main] INFO  - <------Car Washing services Test Scenario Execution Started------>
22:00:18.579 [main] INFO  - Justdial logo is verified successfully
22:00:24.131 [main] INFO  - Popup Handled succesfully
22:00:25.110 [main] INFO  - Current location is selected
22:00:25.572 [main] DEBUG - Parsing relationship: /xl/_rels/workbook.xml.rels
22:00:25.576 [main] DEBUG - Parsing relationship: /xl/worksheets/_rels/sheet1.xml.rels
22:00:25.577 [main] DEBUG - Parsing relationship: /_rels/.rels
22:00:25.826 [main] TRACE - Loading type system org.apache.poi.schemas.ooxml.system.ooxml
22:00:25.832 [main] TRACE - Loading type system org.apache.xmlbeans.metadata.system.sXMLCONFIG
22:00:25.834 [main] TRACE - Loading type system org.apache.xmlbeans.metadata.system.sXMLLANG
22:00:25.835 [main] TRACE - Loading type system org.apache.xmlbeans.metadata.system.sXMLSCHEMA
22:00:25.837 [main] TRACE - Loading type system org.apache.xmlbeans.metadata.system.sXMLTOOLS
22:00:25.840 [main] TRACE - Reading unresolved handles for type system org.apache.xmlbeans.metadata.system.sXMLTOOLS
22:00:25.858 [main] TRACE - Finished loading type system org.apache.xmlbeans.metadata.system.sXMLTOOLS
22:00:25.859 [main] TRACE - Reading unresolved handles for type system org.apache.xmlbeans.metadata.system.sXMLSCHEMA
22:00:25.869 [main] TRACE - Finished loading type system org.apache.xmlbeans.metadata.system.sXMLSCHEMA
22:00:25.872 [main] TRACE - Reading unresolved handles for type system org.apache.xmlbeans.metadata.system.sXMLLANG
22:00:25.873 [main] TRACE - Finished loading type system org.apache.xmlbeans.metadata.system.sXMLLANG
22:00:25.876 [main] TRACE - Reading unresolved handles for type system org.apache.xmlbeans.metadata.system.sXMLCONFIG
22:00:25.878 [main] TRACE - Finished loading type system org.apache.xmlbeans.metadata.system.sXMLCONFIG
22:00:25.881 [main] TRACE - Reading unresolved handles for type system org.apache.poi.schemas.ooxml.system.ooxml
22:00:25.963 [main] TRACE - Finished loading type system org.apache.poi.schemas.ooxml.system.ooxml
22:00:25.964 [main] TRACE - Resolving type for handle themefd26doctype
22:00:26.028 [main] TRACE - Resolving type for handle stylesheet5d8bdoctype
22:00:26.036 [main] TRACE - Resolving type for handle ctstylesheet4257type
22:00:26.040 [main] TRACE - Resolving type for handle ctfonts6623type
22:00:26.043 [main] TRACE - Resolving type for handle ctfont14d8type
22:00:26.049 [main] TRACE - Resolving type for handle ctfills2c6ftype
22:00:26.051 [main] TRACE - Resolving type for handle ctfill550ctype
22:00:26.053 [main] TRACE - Resolving type for handle ctborders0d66type
22:00:26.055 [main] TRACE - Resolving type for handle ctborderf935type
22:00:26.057 [main] TRACE - Resolving type for handle ctcellxfs1322type
22:00:26.059 [main] TRACE - Resolving type for handle ctxf97f7type
22:00:26.062 [main] TRACE - Resolving type for handle ctcellstylexfsa81ftype
22:00:26.064 [main] TRACE - Resolving type for handle ctdxfsb26atype
22:00:26.067 [main] TRACE - Resolving type for handle cttablestyles872ftype
22:00:26.072 [main] TRACE - Resolving type for handle sstf81fdoctype
22:00:26.077 [main] TRACE - Resolving type for handle ctsst44f3type
22:00:26.092 [main] TRACE - Resolving type for handle ctrsta472type
22:00:26.118 [main] DEBUG - using default POIXMLDocumentPart for http://schemas.openxmlformats.org/officeDocument/2006/relationships/printerSettings
22:00:26.121 [main] TRACE - Resolving type for handle workbookec17doctype
22:00:26.127 [main] TRACE - Resolving type for handle ctworkbook83c3type
22:00:26.133 [main] TRACE - Resolving type for handle ctsheets49fdtype
22:00:26.137 [main] TRACE - Resolving type for handle ctsheet4dbetype
22:00:26.140 [main] TRACE - Resolving type for handle strelationshipid1e94type
22:00:26.143 [main] TRACE - Resolving type for handle worksheetf539doctype
22:00:26.154 [main] TRACE - Resolving type for handle ctworksheet530dtype
22:00:26.162 [main] TRACE - Resolving type for handle ctsheetdata8408type
22:00:26.165 [main] TRACE - Resolving type for handle ctrowdd39type
22:00:26.175 [main] TRACE - Resolving type for handle ctcell842btype
22:00:26.200 [main] TRACE - Resolving type for handle stcellrefe4e0type
22:00:26.211 [main] TRACE - Resolving type for handle ctcols627ctype
22:00:26.220 [main] TRACE - Resolving type for handle ctcola95ftype
22:00:26.279 [main] TRACE - Resolving type for handle stxstringf179type
22:00:26.288 [main] TRACE - Resolving type for handle stcelltypebf95type
22:01:00.800 [main] INFO  - <------Car Washing services Test Scenario Execution Started------>
22:01:00.892 [main] INFO  - Justdial logo is verified successfully
22:01:07.084 [main] INFO  - Popup Handled succesfully
22:01:08.194 [main] INFO  - Current location is selected
22:01:08.456 [main] DEBUG - Parsing relationship: /xl/_rels/workbook.xml.rels
22:01:08.459 [main] DEBUG - Parsing relationship: /xl/worksheets/_rels/sheet1.xml.rels
22:01:08.460 [main] DEBUG - Parsing relationship: /_rels/.rels
