20:06:38.576 [main] DEBUG - Parsing relationship: /xl/_rels/workbook.xml.rels
20:06:38.595 [main] DEBUG - Parsing relationship: /_rels/.rels
20:06:38.677 [main] TRACE - Resolving type for handle workbookec17doctype
20:06:38.688 [main] TRACE - Resolving type for handle worksheetf539doctype
20:06:39.361 [main] DEBUG - Save content types part
20:06:39.363 [main] DEBUG - Save package relationships
20:06:39.365 [main] DEBUG - Save part 'docProps/app.xml'
20:06:39.365 [main] DEBUG - Save part 'docProps/core.xml'
20:06:39.367 [main] DEBUG - Save part 'xl/sharedStrings.xml'
20:06:39.367 [main] DEBUG - Save part 'xl/styles.xml'
20:06:39.377 [main] DEBUG - Save part 'xl/workbook.xml'
20:06:39.379 [main] DEBUG - Save part 'xl/worksheets/sheet1.xml'
20:06:39.379 [main] DEBUG - Save part 'xl/worksheets/sheet2.xml'
20:54:46.120 [main] TRACE - Loading type system org.apache.poi.schemas.ooxml.system.ooxml
20:54:46.129 [main] TRACE - Loading type system org.apache.xmlbeans.metadata.system.sXMLCONFIG
20:54:46.130 [main] TRACE - Loading type system org.apache.xmlbeans.metadata.system.sXMLLANG
20:54:46.130 [main] TRACE - Loading type system org.apache.xmlbeans.metadata.system.sXMLSCHEMA
20:54:46.131 [main] TRACE - Loading type system org.apache.xmlbeans.metadata.system.sXMLTOOLS
20:54:46.133 [main] TRACE - Reading unresolved handles for type system org.apache.xmlbeans.metadata.system.sXMLTOOLS
20:54:46.157 [main] TRACE - Finished loading type system org.apache.xmlbeans.metadata.system.sXMLTOOLS
20:54:46.159 [main] TRACE - Reading unresolved handles for type system org.apache.xmlbeans.metadata.system.sXMLSCHEMA
20:54:46.167 [main] TRACE - Finished loading type system org.apache.xmlbeans.metadata.system.sXMLSCHEMA
20:54:46.169 [main] TRACE - Reading unresolved handles for type system org.apache.xmlbeans.metadata.system.sXMLLANG
20:54:46.170 [main] TRACE - Finished loading type system org.apache.xmlbeans.metadata.system.sXMLLANG
20:54:46.172 [main] TRACE - Reading unresolved handles for type system org.apache.xmlbeans.metadata.system.sXMLCONFIG
20:54:46.174 [main] TRACE - Finished loading type system org.apache.xmlbeans.metadata.system.sXMLCONFIG
20:54:46.177 [main] TRACE - Reading unresolved handles for type system org.apache.poi.schemas.ooxml.system.ooxml
20:54:46.251 [main] TRACE - Finished loading type system org.apache.poi.schemas.ooxml.system.ooxml
20:54:46.252 [main] TRACE - Resolving type for handle ctworkbook83c3type
20:54:46.352 [main] TRACE - Resolving type for handle ctworkbookpr03a5type
20:54:46.365 [main] TRACE - Resolving type for handle ctbookviewsb864type
20:54:46.367 [main] TRACE - Resolving type for handle ctbookviewf677type
20:54:46.376 [main] TRACE - Resolving type for handle ctsheets49fdtype
20:54:46.380 [main] TRACE - Resolving type for handle propertiesee84doctype
20:54:46.382 [main] TRACE - Resolving type for handle ctproperties3f10type
20:54:46.392 [main] TRACE - Resolving type for handle properties288cdoctype
20:54:46.395 [main] TRACE - Resolving type for handle ctproperties2c18type
20:54:46.402 [main] TRACE - Resolving type for handle sstf81fdoctype
20:54:46.403 [main] TRACE - Resolving type for handle ctsst44f3type
20:54:46.409 [main] TRACE - Resolving type for handle stylesheet5d8bdoctype
20:54:46.411 [main] TRACE - Resolving type for handle ctstylesheet4257type
20:54:46.415 [main] TRACE - Resolving type for handle ctfont14d8type
20:54:46.424 [main] TRACE - Resolving type for handle ctfontsizeb3b9type
20:54:46.433 [main] TRACE - Resolving type for handle ctcolord2c2type
20:54:46.437 [main] TRACE - Resolving type for handle ctfontname2dc3type
20:54:46.441 [main] TRACE - Resolving type for handle stxstringf179type
20:54:46.446 [main] TRACE - Resolving type for handle ctfontfamily685ctype
20:54:46.449 [main] TRACE - Resolving type for handle stfontfamily9c6ctype
20:54:46.451 [main] TRACE - Resolving type for handle ctfontschemebf5dtype
20:54:46.454 [main] TRACE - Resolving type for handle stfontschemef36dtype
20:54:46.460 [main] TRACE - Resolving type for handle ctfill550ctype
20:54:46.464 [main] TRACE - Resolving type for handle ctpatternfill7452type
20:54:46.468 [main] TRACE - Resolving type for handle stpatterntype7939type
20:54:46.471 [main] TRACE - Resolving type for handle ctborderf935type
20:54:46.477 [main] TRACE - Resolving type for handle ctborderpre497type
20:54:46.488 [main] TRACE - Resolving type for handle ctxf97f7type
20:54:46.496 [main] TRACE - Resolving type for handle stnumfmtid76fbtype
20:54:46.498 [main] TRACE - Resolving type for handle stfontid9d63type
20:54:46.499 [main] TRACE - Resolving type for handle stfillida097type
20:54:46.501 [main] TRACE - Resolving type for handle stborderid1a80type
20:54:46.503 [main] TRACE - Resolving type for handle stcellstylexfid70c7type
20:54:46.519 [main] TRACE - Resolving type for handle ctsheet4dbetype
20:54:46.530 [main] TRACE - Resolving type for handle ctworksheet530dtype
20:54:46.543 [main] TRACE - Resolving type for handle ctsheetformatprdef7type
20:54:46.551 [main] TRACE - Resolving type for handle ctsheetviewsb918type
20:54:46.554 [main] TRACE - Resolving type for handle ctsheetview0f43type
20:54:46.570 [main] TRACE - Resolving type for handle ctsheetdimensiond310type
20:54:46.579 [main] TRACE - Resolving type for handle stref90a2type
20:54:46.581 [main] TRACE - Resolving type for handle ctsheetdata8408type
20:54:46.589 [main] TRACE - Resolving type for handle ctpagemargins5455type
20:54:46.604 [main] TRACE - Resolving type for handle ctcols627ctype
20:54:46.613 [main] TRACE - Resolving type for handle strelationshipid1e94type
20:54:46.617 [main] TRACE - Resolving type for handle ctrowdd39type
20:54:46.633 [main] TRACE - Resolving type for handle ctcell842btype
20:54:46.669 [main] TRACE - Resolving type for handle stcellrefe4e0type
20:54:46.683 [main] TRACE - Resolving type for handle ctrsta472type
20:54:46.697 [main] TRACE - Resolving type for handle stcelltypebf95type
20:54:47.296 [main] TRACE - Resolving type for handle ctnumfmtsb58btype
20:54:47.298 [main] TRACE - Resolving type for handle ctfonts6623type
20:54:47.301 [main] TRACE - Resolving type for handle ctfills2c6ftype
20:54:47.304 [main] TRACE - Resolving type for handle ctborders0d66type
20:54:47.308 [main] TRACE - Resolving type for handle ctcellxfs1322type
20:54:47.310 [main] TRACE - Resolving type for handle ctcellstylexfsa81ftype
20:54:47.337 [main] DEBUG - Save core properties part
20:54:47.337 [main] DEBUG - Save content types part
20:54:47.505 [main] DEBUG - Save package relationships
20:54:47.530 [main] DEBUG - Save part 'docProps/app.xml'
20:54:47.544 [main] DEBUG - Save part 'docProps/core.xml'
20:54:47.559 [main] DEBUG - Save part 'xl/sharedStrings.xml'
20:54:47.559 [main] DEBUG - Save part 'xl/styles.xml'
20:54:47.560 [main] DEBUG - Save part 'xl/workbook.xml'
20:54:47.562 [main] DEBUG - Save part 'xl/worksheets/sheet1.xml'
20:54:47.579 [main] DEBUG - Save content types part
20:54:47.581 [main] DEBUG - Save package relationships
20:54:47.583 [main] DEBUG - Save part 'docProps/app.xml'
20:54:47.583 [main] DEBUG - Save part 'docProps/core.xml'
20:54:47.585 [main] DEBUG - Save part 'xl/sharedStrings.xml'
20:54:47.585 [main] DEBUG - Save part 'xl/styles.xml'
20:54:47.586 [main] DEBUG - Save part 'xl/workbook.xml'
20:54:47.588 [main] DEBUG - Save part 'xl/worksheets/sheet1.xml'
20:55:30.969 [main] DEBUG - Parsing relationship: /xl/_rels/workbook.xml.rels
20:55:30.971 [main] DEBUG - Parsing relationship: /_rels/.rels
20:55:31.040 [main] TRACE - Resolving type for handle workbookec17doctype
20:55:31.052 [main] TRACE - Resolving type for handle worksheetf539doctype
20:55:31.802 [main] DEBUG - Save content types part
20:55:31.804 [main] DEBUG - Save package relationships
20:55:31.807 [main] DEBUG - Save part 'docProps/app.xml'
20:55:31.808 [main] DEBUG - Save part 'docProps/core.xml'
20:55:31.810 [main] DEBUG - Save part 'xl/sharedStrings.xml'
20:55:31.811 [main] DEBUG - Save part 'xl/styles.xml'
20:55:31.812 [main] DEBUG - Save part 'xl/workbook.xml'
20:55:31.815 [main] DEBUG - Save part 'xl/worksheets/sheet1.xml'
20:55:31.815 [main] DEBUG - Save part 'xl/worksheets/sheet2.xml'
20:58:54.739 [main] TRACE - Loading type system org.apache.poi.schemas.ooxml.system.ooxml
20:58:54.750 [main] TRACE - Loading type system org.apache.xmlbeans.metadata.system.sXMLCONFIG
20:58:54.751 [main] TRACE - Loading type system org.apache.xmlbeans.metadata.system.sXMLLANG
20:58:54.752 [main] TRACE - Loading type system org.apache.xmlbeans.metadata.system.sXMLSCHEMA
20:58:54.752 [main] TRACE - Loading type system org.apache.xmlbeans.metadata.system.sXMLTOOLS
20:58:54.754 [main] TRACE - Reading unresolved handles for type system org.apache.xmlbeans.metadata.system.sXMLTOOLS
20:58:54.780 [main] TRACE - Finished loading type system org.apache.xmlbeans.metadata.system.sXMLTOOLS
20:58:54.783 [main] TRACE - Reading unresolved handles for type system org.apache.xmlbeans.metadata.system.sXMLSCHEMA
20:58:54.789 [main] TRACE - Finished loading type system org.apache.xmlbeans.metadata.system.sXMLSCHEMA
20:58:54.791 [main] TRACE - Reading unresolved handles for type system org.apache.xmlbeans.metadata.system.sXMLLANG
20:58:54.793 [main] TRACE - Finished loading type system org.apache.xmlbeans.metadata.system.sXMLLANG
20:58:54.797 [main] TRACE - Reading unresolved handles for type system org.apache.xmlbeans.metadata.system.sXMLCONFIG
20:58:54.800 [main] TRACE - Finished loading type system org.apache.xmlbeans.metadata.system.sXMLCONFIG
20:58:54.803 [main] TRACE - Reading unresolved handles for type system org.apache.poi.schemas.ooxml.system.ooxml
20:58:54.979 [main] TRACE - Finished loading type system org.apache.poi.schemas.ooxml.system.ooxml
20:58:54.982 [main] TRACE - Resolving type for handle ctworkbook83c3type
20:58:55.060 [main] TRACE - Resolving type for handle ctworkbookpr03a5type
20:58:55.075 [main] TRACE - Resolving type for handle ctbookviewsb864type
20:58:55.080 [main] TRACE - Resolving type for handle ctbookviewf677type
20:58:55.090 [main] TRACE - Resolving type for handle ctsheets49fdtype
20:58:55.096 [main] TRACE - Resolving type for handle propertiesee84doctype
20:58:55.099 [main] TRACE - Resolving type for handle ctproperties3f10type
20:58:55.106 [main] TRACE - Resolving type for handle properties288cdoctype
20:58:55.109 [main] TRACE - Resolving type for handle ctproperties2c18type
20:58:55.119 [main] TRACE - Resolving type for handle sstf81fdoctype
20:58:55.122 [main] TRACE - Resolving type for handle ctsst44f3type
20:58:55.129 [main] TRACE - Resolving type for handle stylesheet5d8bdoctype
20:58:55.131 [main] TRACE - Resolving type for handle ctstylesheet4257type
20:58:55.136 [main] TRACE - Resolving type for handle ctfont14d8type
20:58:55.144 [main] TRACE - Resolving type for handle ctfontsizeb3b9type
20:58:55.150 [main] TRACE - Resolving type for handle ctcolord2c2type
20:58:55.153 [main] TRACE - Resolving type for handle ctfontname2dc3type
20:58:55.156 [main] TRACE - Resolving type for handle stxstringf179type
20:58:55.162 [main] TRACE - Resolving type for handle ctfontfamily685ctype
20:58:55.165 [main] TRACE - Resolving type for handle stfontfamily9c6ctype
20:58:55.172 [main] TRACE - Resolving type for handle ctfontschemebf5dtype
20:58:55.178 [main] TRACE - Resolving type for handle stfontschemef36dtype
20:58:55.200 [main] TRACE - Resolving type for handle ctfill550ctype
20:58:55.205 [main] TRACE - Resolving type for handle ctpatternfill7452type
20:58:55.215 [main] TRACE - Resolving type for handle stpatterntype7939type
20:58:55.222 [main] TRACE - Resolving type for handle ctborderf935type
20:58:55.230 [main] TRACE - Resolving type for handle ctborderpre497type
20:58:55.240 [main] TRACE - Resolving type for handle ctxf97f7type
20:58:55.248 [main] TRACE - Resolving type for handle stnumfmtid76fbtype
20:58:55.252 [main] TRACE - Resolving type for handle stfontid9d63type
20:58:55.255 [main] TRACE - Resolving type for handle stfillida097type
20:58:55.260 [main] TRACE - Resolving type for handle stborderid1a80type
20:58:55.264 [main] TRACE - Resolving type for handle stcellstylexfid70c7type
20:58:55.280 [main] TRACE - Resolving type for handle ctsheet4dbetype
20:58:55.288 [main] TRACE - Resolving type for handle ctworksheet530dtype
20:58:55.296 [main] TRACE - Resolving type for handle ctsheetformatprdef7type
20:58:55.303 [main] TRACE - Resolving type for handle ctsheetviewsb918type
20:58:55.306 [main] TRACE - Resolving type for handle ctsheetview0f43type
20:58:55.317 [main] TRACE - Resolving type for handle ctsheetdimensiond310type
20:58:55.321 [main] TRACE - Resolving type for handle stref90a2type
20:58:55.323 [main] TRACE - Resolving type for handle ctsheetdata8408type
20:58:55.328 [main] TRACE - Resolving type for handle ctpagemargins5455type
20:58:55.338 [main] TRACE - Resolving type for handle ctcols627ctype
20:58:55.345 [main] TRACE - Resolving type for handle strelationshipid1e94type
20:58:55.350 [main] TRACE - Resolving type for handle ctrowdd39type
20:58:55.364 [main] TRACE - Resolving type for handle ctcell842btype
20:58:55.384 [main] TRACE - Resolving type for handle stcellrefe4e0type
20:58:55.392 [main] TRACE - Resolving type for handle ctrsta472type
20:58:55.402 [main] TRACE - Resolving type for handle stcelltypebf95type
20:58:56.038 [main] TRACE - Resolving type for handle ctnumfmtsb58btype
20:58:56.043 [main] TRACE - Resolving type for handle ctfonts6623type
20:58:56.048 [main] TRACE - Resolving type for handle ctfills2c6ftype
20:58:56.052 [main] TRACE - Resolving type for handle ctborders0d66type
20:58:56.055 [main] TRACE - Resolving type for handle ctcellxfs1322type
20:58:56.058 [main] TRACE - Resolving type for handle ctcellstylexfsa81ftype
20:58:56.091 [main] DEBUG - Save core properties part
20:58:56.091 [main] DEBUG - Save content types part
20:58:56.264 [main] DEBUG - Save package relationships
20:58:56.277 [main] DEBUG - Save part 'docProps/app.xml'
20:58:56.286 [main] DEBUG - Save part 'docProps/core.xml'
20:58:56.302 [main] DEBUG - Save part 'xl/sharedStrings.xml'
20:58:56.303 [main] DEBUG - Save part 'xl/styles.xml'
20:58:56.303 [main] DEBUG - Save part 'xl/workbook.xml'
20:58:56.305 [main] DEBUG - Save part 'xl/worksheets/sheet1.xml'
20:58:56.321 [main] DEBUG - Save content types part
20:58:56.323 [main] DEBUG - Save package relationships
20:58:56.324 [main] DEBUG - Save part 'docProps/app.xml'
20:58:56.324 [main] DEBUG - Save part 'docProps/core.xml'
20:58:56.327 [main] DEBUG - Save part 'xl/sharedStrings.xml'
20:58:56.327 [main] DEBUG - Save part 'xl/styles.xml'
20:58:56.327 [main] DEBUG - Save part 'xl/workbook.xml'
20:58:56.329 [main] DEBUG - Save part 'xl/worksheets/sheet1.xml'
20:59:38.823 [main] DEBUG - Parsing relationship: /xl/_rels/workbook.xml.rels
20:59:38.824 [main] DEBUG - Parsing relationship: /_rels/.rels
20:59:38.889 [main] TRACE - Resolving type for handle workbookec17doctype
20:59:38.897 [main] TRACE - Resolving type for handle worksheetf539doctype
20:59:39.581 [main] DEBUG - Save content types part
20:59:39.583 [main] DEBUG - Save package relationships
20:59:39.584 [main] DEBUG - Save part 'docProps/app.xml'
20:59:39.585 [main] DEBUG - Save part 'docProps/core.xml'
20:59:39.586 [main] DEBUG - Save part 'xl/sharedStrings.xml'
20:59:39.587 [main] DEBUG - Save part 'xl/styles.xml'
20:59:39.587 [main] DEBUG - Save part 'xl/workbook.xml'
20:59:39.589 [main] DEBUG - Save part 'xl/worksheets/sheet1.xml'
20:59:39.589 [main] DEBUG - Save part 'xl/worksheets/sheet2.xml'
21:03:47.911 [main] DEBUG - Parsing relationship: /xl/_rels/workbook.xml.rels
21:03:47.932 [main] DEBUG - Parsing relationship: /_rels/.rels
21:03:48.689 [main] TRACE - Loading type system org.apache.poi.schemas.ooxml.system.ooxml
21:03:48.692 [main] TRACE - Loading type system org.apache.xmlbeans.metadata.system.sXMLCONFIG
21:03:48.693 [main] TRACE - Loading type system org.apache.xmlbeans.metadata.system.sXMLLANG
21:03:48.693 [main] TRACE - Loading type system org.apache.xmlbeans.metadata.system.sXMLSCHEMA
21:03:48.695 [main] TRACE - Loading type system org.apache.xmlbeans.metadata.system.sXMLTOOLS
21:03:48.700 [main] TRACE - Reading unresolved handles for type system org.apache.xmlbeans.metadata.system.sXMLTOOLS
21:03:48.729 [main] TRACE - Finished loading type system org.apache.xmlbeans.metadata.system.sXMLTOOLS
21:03:48.733 [main] TRACE - Reading unresolved handles for type system org.apache.xmlbeans.metadata.system.sXMLSCHEMA
21:03:48.740 [main] TRACE - Finished loading type system org.apache.xmlbeans.metadata.system.sXMLSCHEMA
21:03:48.743 [main] TRACE - Reading unresolved handles for type system org.apache.xmlbeans.metadata.system.sXMLLANG
21:03:48.747 [main] TRACE - Finished loading type system org.apache.xmlbeans.metadata.system.sXMLLANG
21:03:48.756 [main] TRACE - Reading unresolved handles for type system org.apache.xmlbeans.metadata.system.sXMLCONFIG
21:03:48.758 [main] TRACE - Finished loading type system org.apache.xmlbeans.metadata.system.sXMLCONFIG
21:03:48.759 [main] TRACE - Reading unresolved handles for type system org.apache.poi.schemas.ooxml.system.ooxml
21:03:48.894 [main] TRACE - Finished loading type system org.apache.poi.schemas.ooxml.system.ooxml
21:03:48.899 [main] TRACE - Resolving type for handle sstf81fdoctype
21:03:49.039 [main] TRACE - Resolving type for handle ctsst44f3type
21:03:49.057 [main] TRACE - Resolving type for handle ctrsta472type
21:03:49.107 [main] TRACE - Resolving type for handle stylesheet5d8bdoctype
21:03:49.124 [main] TRACE - Resolving type for handle ctstylesheet4257type
21:03:49.138 [main] TRACE - Resolving type for handle ctnumfmtsb58btype
21:03:49.155 [main] TRACE - Resolving type for handle ctfonts6623type
21:03:49.167 [main] TRACE - Resolving type for handle ctfont14d8type
21:03:49.191 [main] TRACE - Resolving type for handle ctfills2c6ftype
21:03:49.206 [main] TRACE - Resolving type for handle ctfill550ctype
21:03:49.210 [main] TRACE - Resolving type for handle ctborders0d66type
21:03:49.221 [main] TRACE - Resolving type for handle ctborderf935type
21:03:49.226 [main] TRACE - Resolving type for handle ctcellxfs1322type
21:03:49.233 [main] TRACE - Resolving type for handle ctxf97f7type
21:03:49.243 [main] TRACE - Resolving type for handle ctcellstylexfsa81ftype
21:03:49.258 [main] TRACE - Resolving type for handle workbookec17doctype
21:03:49.272 [main] TRACE - Resolving type for handle ctworkbook83c3type
21:03:49.295 [main] TRACE - Resolving type for handle ctsheets49fdtype
21:03:49.305 [main] TRACE - Resolving type for handle ctsheet4dbetype
21:03:49.310 [main] TRACE - Resolving type for handle strelationshipid1e94type
21:03:49.319 [main] TRACE - Resolving type for handle worksheetf539doctype
21:03:49.336 [main] TRACE - Resolving type for handle ctworksheet530dtype
21:03:49.352 [main] TRACE - Resolving type for handle ctsheetdata8408type
21:03:49.361 [main] TRACE - Resolving type for handle ctrowdd39type
21:03:49.393 [main] TRACE - Resolving type for handle ctcell842btype
21:03:49.426 [main] TRACE - Resolving type for handle stcellrefe4e0type
21:03:49.459 [main] TRACE - Resolving type for handle ctcols627ctype
21:03:49.523 [main] TRACE - Resolving type for handle stxstringf179type
21:03:49.538 [main] TRACE - Resolving type for handle stcelltypebf95type
21:03:50.977 [main] TRACE - Resolving type for handle stcellstylexfid70c7type
21:03:50.992 [main] TRACE - Resolving type for handle ctsheetdimensiond310type
21:03:51.000 [main] TRACE - Resolving type for handle stref90a2type
21:03:51.028 [main] TRACE - Resolving type for handle propertiesee84doctype
21:03:51.040 [main] TRACE - Resolving type for handle ctproperties3f10type
21:03:51.063 [main] TRACE - Resolving type for handle properties288cdoctype
21:03:51.073 [main] TRACE - Resolving type for handle ctproperties2c18type
21:03:51.112 [main] DEBUG - Save content types part
21:03:51.330 [main] DEBUG - Save package relationships
21:03:51.352 [main] DEBUG - Save part 'docProps/app.xml'
21:03:51.356 [main] DEBUG - Save part 'docProps/core.xml'
21:03:51.375 [main] DEBUG - Save part 'xl/sharedStrings.xml'
21:03:51.375 [main] DEBUG - Save part 'xl/styles.xml'
21:03:51.375 [main] DEBUG - Save part 'xl/workbook.xml'
21:03:51.378 [main] DEBUG - Save part 'xl/worksheets/sheet1.xml'
21:03:51.380 [main] DEBUG - Save part 'xl/worksheets/sheet2.xml'
21:04:59.416 [main] TRACE - Loading type system org.apache.poi.schemas.ooxml.system.ooxml
21:04:59.423 [main] TRACE - Loading type system org.apache.xmlbeans.metadata.system.sXMLCONFIG
21:04:59.424 [main] TRACE - Loading type system org.apache.xmlbeans.metadata.system.sXMLLANG
21:04:59.425 [main] TRACE - Loading type system org.apache.xmlbeans.metadata.system.sXMLSCHEMA
21:04:59.426 [main] TRACE - Loading type system org.apache.xmlbeans.metadata.system.sXMLTOOLS
21:04:59.428 [main] TRACE - Reading unresolved handles for type system org.apache.xmlbeans.metadata.system.sXMLTOOLS
21:04:59.451 [main] TRACE - Finished loading type system org.apache.xmlbeans.metadata.system.sXMLTOOLS
21:04:59.452 [main] TRACE - Reading unresolved handles for type system org.apache.xmlbeans.metadata.system.sXMLSCHEMA
21:04:59.460 [main] TRACE - Finished loading type system org.apache.xmlbeans.metadata.system.sXMLSCHEMA
21:04:59.462 [main] TRACE - Reading unresolved handles for type system org.apache.xmlbeans.metadata.system.sXMLLANG
21:04:59.464 [main] TRACE - Finished loading type system org.apache.xmlbeans.metadata.system.sXMLLANG
21:04:59.466 [main] TRACE - Reading unresolved handles for type system org.apache.xmlbeans.metadata.system.sXMLCONFIG
21:04:59.467 [main] TRACE - Finished loading type system org.apache.xmlbeans.metadata.system.sXMLCONFIG
21:04:59.469 [main] TRACE - Reading unresolved handles for type system org.apache.poi.schemas.ooxml.system.ooxml
21:04:59.600 [main] TRACE - Finished loading type system org.apache.poi.schemas.ooxml.system.ooxml
21:04:59.603 [main] TRACE - Resolving type for handle ctworkbook83c3type
21:04:59.736 [main] TRACE - Resolving type for handle ctworkbookpr03a5type
21:04:59.752 [main] TRACE - Resolving type for handle ctbookviewsb864type
21:04:59.758 [main] TRACE - Resolving type for handle ctbookviewf677type
21:04:59.769 [main] TRACE - Resolving type for handle ctsheets49fdtype
21:04:59.775 [main] TRACE - Resolving type for handle propertiesee84doctype
21:04:59.780 [main] TRACE - Resolving type for handle ctproperties3f10type
21:04:59.786 [main] TRACE - Resolving type for handle properties288cdoctype
21:04:59.789 [main] TRACE - Resolving type for handle ctproperties2c18type
21:04:59.799 [main] TRACE - Resolving type for handle sstf81fdoctype
21:04:59.802 [main] TRACE - Resolving type for handle ctsst44f3type
21:04:59.811 [main] TRACE - Resolving type for handle stylesheet5d8bdoctype
21:04:59.815 [main] TRACE - Resolving type for handle ctstylesheet4257type
21:04:59.822 [main] TRACE - Resolving type for handle ctfont14d8type
21:04:59.836 [main] TRACE - Resolving type for handle ctfontsizeb3b9type
21:04:59.853 [main] TRACE - Resolving type for handle ctcolord2c2type
21:04:59.865 [main] TRACE - Resolving type for handle ctfontname2dc3type
21:04:59.869 [main] TRACE - Resolving type for handle stxstringf179type
21:04:59.878 [main] TRACE - Resolving type for handle ctfontfamily685ctype
21:04:59.882 [main] TRACE - Resolving type for handle stfontfamily9c6ctype
21:04:59.891 [main] TRACE - Resolving type for handle ctfontschemebf5dtype
21:04:59.898 [main] TRACE - Resolving type for handle stfontschemef36dtype
21:04:59.910 [main] TRACE - Resolving type for handle ctfill550ctype
21:04:59.916 [main] TRACE - Resolving type for handle ctpatternfill7452type
21:04:59.927 [main] TRACE - Resolving type for handle stpatterntype7939type
21:04:59.934 [main] TRACE - Resolving type for handle ctborderf935type
21:04:59.941 [main] TRACE - Resolving type for handle ctborderpre497type
21:04:59.956 [main] TRACE - Resolving type for handle ctxf97f7type
21:04:59.964 [main] TRACE - Resolving type for handle stnumfmtid76fbtype
21:04:59.968 [main] TRACE - Resolving type for handle stfontid9d63type
21:04:59.971 [main] TRACE - Resolving type for handle stfillida097type
21:04:59.977 [main] TRACE - Resolving type for handle stborderid1a80type
21:04:59.981 [main] TRACE - Resolving type for handle stcellstylexfid70c7type
21:04:59.995 [main] TRACE - Resolving type for handle ctsheet4dbetype
21:05:00.003 [main] TRACE - Resolving type for handle ctworksheet530dtype
21:05:00.015 [main] TRACE - Resolving type for handle ctsheetformatprdef7type
21:05:00.029 [main] TRACE - Resolving type for handle ctsheetviewsb918type
21:05:00.037 [main] TRACE - Resolving type for handle ctsheetview0f43type
21:05:00.075 [main] TRACE - Resolving type for handle ctsheetdimensiond310type
21:05:00.080 [main] TRACE - Resolving type for handle stref90a2type
21:05:00.083 [main] TRACE - Resolving type for handle ctsheetdata8408type
21:05:00.088 [main] TRACE - Resolving type for handle ctpagemargins5455type
21:05:00.101 [main] TRACE - Resolving type for handle ctcols627ctype
21:05:00.110 [main] TRACE - Resolving type for handle strelationshipid1e94type
21:05:00.113 [main] TRACE - Resolving type for handle ctrowdd39type
21:05:00.130 [main] TRACE - Resolving type for handle ctcell842btype
21:05:00.149 [main] TRACE - Resolving type for handle stcellrefe4e0type
21:05:00.154 [main] TRACE - Resolving type for handle ctrsta472type
21:05:00.164 [main] TRACE - Resolving type for handle stcelltypebf95type
21:05:00.796 [main] TRACE - Resolving type for handle ctnumfmtsb58btype
21:05:00.799 [main] TRACE - Resolving type for handle ctfonts6623type
21:05:00.804 [main] TRACE - Resolving type for handle ctfills2c6ftype
21:05:00.810 [main] TRACE - Resolving type for handle ctborders0d66type
21:05:00.813 [main] TRACE - Resolving type for handle ctcellxfs1322type
21:05:00.816 [main] TRACE - Resolving type for handle ctcellstylexfsa81ftype
21:05:00.874 [main] DEBUG - Save core properties part
21:05:00.875 [main] DEBUG - Save content types part
21:05:01.067 [main] DEBUG - Save package relationships
21:05:01.090 [main] DEBUG - Save part 'docProps/app.xml'
21:05:01.097 [main] DEBUG - Save part 'docProps/core.xml'
21:05:01.113 [main] DEBUG - Save part 'xl/sharedStrings.xml'
21:05:01.114 [main] DEBUG - Save part 'xl/styles.xml'
21:05:01.114 [main] DEBUG - Save part 'xl/workbook.xml'
21:05:01.119 [main] DEBUG - Save part 'xl/worksheets/sheet1.xml'
21:05:01.127 [main] DEBUG - Save content types part
21:05:01.129 [main] DEBUG - Save package relationships
21:05:01.131 [main] DEBUG - Save part 'docProps/app.xml'
21:05:01.132 [main] DEBUG - Save part 'docProps/core.xml'
21:05:01.134 [main] DEBUG - Save part 'xl/sharedStrings.xml'
21:05:01.135 [main] DEBUG - Save part 'xl/styles.xml'
21:05:01.135 [main] DEBUG - Save part 'xl/workbook.xml'
21:05:01.137 [main] DEBUG - Save part 'xl/worksheets/sheet1.xml'
21:09:16.765 [main] TRACE - Loading type system org.apache.poi.schemas.ooxml.system.ooxml
21:09:16.769 [main] TRACE - Loading type system org.apache.xmlbeans.metadata.system.sXMLCONFIG
21:09:16.770 [main] TRACE - Loading type system org.apache.xmlbeans.metadata.system.sXMLLANG
21:09:16.770 [main] TRACE - Loading type system org.apache.xmlbeans.metadata.system.sXMLSCHEMA
21:09:16.772 [main] TRACE - Loading type system org.apache.xmlbeans.metadata.system.sXMLTOOLS
21:09:16.774 [main] TRACE - Reading unresolved handles for type system org.apache.xmlbeans.metadata.system.sXMLTOOLS
21:09:16.788 [main] TRACE - Finished loading type system org.apache.xmlbeans.metadata.system.sXMLTOOLS
21:09:16.791 [main] TRACE - Reading unresolved handles for type system org.apache.xmlbeans.metadata.system.sXMLSCHEMA
21:09:16.795 [main] TRACE - Finished loading type system org.apache.xmlbeans.metadata.system.sXMLSCHEMA
21:09:16.797 [main] TRACE - Reading unresolved handles for type system org.apache.xmlbeans.metadata.system.sXMLLANG
21:09:16.798 [main] TRACE - Finished loading type system org.apache.xmlbeans.metadata.system.sXMLLANG
21:09:16.799 [main] TRACE - Reading unresolved handles for type system org.apache.xmlbeans.metadata.system.sXMLCONFIG
21:09:16.800 [main] TRACE - Finished loading type system org.apache.xmlbeans.metadata.system.sXMLCONFIG
21:09:16.802 [main] TRACE - Reading unresolved handles for type system org.apache.poi.schemas.ooxml.system.ooxml
21:09:16.862 [main] TRACE - Finished loading type system org.apache.poi.schemas.ooxml.system.ooxml
21:09:16.863 [main] TRACE - Resolving type for handle ctworkbook83c3type
21:09:16.925 [main] TRACE - Resolving type for handle ctworkbookpr03a5type
21:09:16.932 [main] TRACE - Resolving type for handle ctbookviewsb864type
21:09:16.936 [main] TRACE - Resolving type for handle ctbookviewf677type
21:09:16.946 [main] TRACE - Resolving type for handle ctsheets49fdtype
21:09:16.948 [main] TRACE - Resolving type for handle propertiesee84doctype
21:09:16.950 [main] TRACE - Resolving type for handle ctproperties3f10type
21:09:16.954 [main] TRACE - Resolving type for handle properties288cdoctype
21:09:16.956 [main] TRACE - Resolving type for handle ctproperties2c18type
21:09:16.968 [main] TRACE - Resolving type for handle sstf81fdoctype
21:09:16.970 [main] TRACE - Resolving type for handle ctsst44f3type
21:09:16.986 [main] TRACE - Resolving type for handle stylesheet5d8bdoctype
21:09:16.987 [main] TRACE - Resolving type for handle ctstylesheet4257type
21:09:16.991 [main] TRACE - Resolving type for handle ctfont14d8type
21:09:16.998 [main] TRACE - Resolving type for handle ctfontsizeb3b9type
21:09:17.010 [main] TRACE - Resolving type for handle ctcolord2c2type
21:09:17.013 [main] TRACE - Resolving type for handle ctfontname2dc3type
21:09:17.015 [main] TRACE - Resolving type for handle stxstringf179type
21:09:17.019 [main] TRACE - Resolving type for handle ctfontfamily685ctype
21:09:17.021 [main] TRACE - Resolving type for handle stfontfamily9c6ctype
21:09:17.027 [main] TRACE - Resolving type for handle ctfontschemebf5dtype
21:09:17.030 [main] TRACE - Resolving type for handle stfontschemef36dtype
21:09:17.033 [main] TRACE - Resolving type for handle ctfill550ctype
21:09:17.035 [main] TRACE - Resolving type for handle ctpatternfill7452type
21:09:17.039 [main] TRACE - Resolving type for handle stpatterntype7939type
21:09:17.045 [main] TRACE - Resolving type for handle ctborderf935type
21:09:17.048 [main] TRACE - Resolving type for handle ctborderpre497type
21:09:17.062 [main] TRACE - Resolving type for handle ctxf97f7type
21:09:17.065 [main] TRACE - Resolving type for handle stnumfmtid76fbtype
21:09:17.067 [main] TRACE - Resolving type for handle stfontid9d63type
21:09:17.069 [main] TRACE - Resolving type for handle stfillida097type
21:09:17.070 [main] TRACE - Resolving type for handle stborderid1a80type
21:09:17.073 [main] TRACE - Resolving type for handle stcellstylexfid70c7type
21:09:17.082 [main] TRACE - Resolving type for handle ctsheet4dbetype
21:09:17.092 [main] TRACE - Resolving type for handle ctworksheet530dtype
21:09:17.102 [main] TRACE - Resolving type for handle ctsheetformatprdef7type
21:09:17.109 [main] TRACE - Resolving type for handle ctsheetviewsb918type
21:09:17.117 [main] TRACE - Resolving type for handle ctsheetview0f43type
21:09:17.162 [main] TRACE - Resolving type for handle ctsheetdimensiond310type
21:09:17.167 [main] TRACE - Resolving type for handle stref90a2type
21:09:17.173 [main] TRACE - Resolving type for handle ctsheetdata8408type
21:09:17.179 [main] TRACE - Resolving type for handle ctpagemargins5455type
21:09:17.208 [main] TRACE - Resolving type for handle ctcols627ctype
21:09:17.219 [main] TRACE - Resolving type for handle strelationshipid1e94type
21:09:17.224 [main] TRACE - Resolving type for handle ctrowdd39type
21:09:17.251 [main] TRACE - Resolving type for handle ctcell842btype
21:09:17.289 [main] TRACE - Resolving type for handle stcellrefe4e0type
21:09:17.296 [main] TRACE - Resolving type for handle ctrsta472type
21:09:17.307 [main] TRACE - Resolving type for handle stcelltypebf95type
21:09:17.889 [main] TRACE - Resolving type for handle ctnumfmtsb58btype
21:09:17.894 [main] TRACE - Resolving type for handle ctfonts6623type
21:09:17.898 [main] TRACE - Resolving type for handle ctfills2c6ftype
21:09:17.902 [main] TRACE - Resolving type for handle ctborders0d66type
21:09:17.907 [main] TRACE - Resolving type for handle ctcellxfs1322type
21:09:17.911 [main] TRACE - Resolving type for handle ctcellstylexfsa81ftype
21:09:17.964 [main] DEBUG - Save core properties part
21:09:17.964 [main] DEBUG - Save content types part
21:09:18.314 [main] DEBUG - Save package relationships
21:09:18.329 [main] DEBUG - Save part 'docProps/app.xml'
21:09:18.337 [main] DEBUG - Save part 'docProps/core.xml'
21:09:18.347 [main] DEBUG - Save part 'xl/sharedStrings.xml'
21:09:18.348 [main] DEBUG - Save part 'xl/styles.xml'
21:09:18.348 [main] DEBUG - Save part 'xl/workbook.xml'
21:09:18.350 [main] DEBUG - Save part 'xl/worksheets/sheet1.xml'
21:09:18.363 [main] DEBUG - Save content types part
21:09:18.365 [main] DEBUG - Save package relationships
21:09:18.367 [main] DEBUG - Save part 'docProps/app.xml'
21:09:18.367 [main] DEBUG - Save part 'docProps/core.xml'
21:09:18.369 [main] DEBUG - Save part 'xl/sharedStrings.xml'
21:09:18.369 [main] DEBUG - Save part 'xl/styles.xml'
21:09:18.369 [main] DEBUG - Save part 'xl/workbook.xml'
21:09:18.371 [main] DEBUG - Save part 'xl/worksheets/sheet1.xml'
21:09:59.971 [main] DEBUG - Parsing relationship: /xl/_rels/workbook.xml.rels
21:09:59.972 [main] DEBUG - Parsing relationship: /_rels/.rels
21:10:00.034 [main] TRACE - Resolving type for handle workbookec17doctype
21:10:00.043 [main] TRACE - Resolving type for handle worksheetf539doctype
21:10:00.735 [main] DEBUG - Save content types part
21:10:00.737 [main] DEBUG - Save package relationships
21:10:00.739 [main] DEBUG - Save part 'docProps/app.xml'
21:10:00.739 [main] DEBUG - Save part 'docProps/core.xml'
21:10:00.742 [main] DEBUG - Save part 'xl/sharedStrings.xml'
21:10:00.743 [main] DEBUG - Save part 'xl/styles.xml'
21:10:00.744 [main] DEBUG - Save part 'xl/workbook.xml'
21:10:00.746 [main] DEBUG - Save part 'xl/worksheets/sheet1.xml'
21:10:00.747 [main] DEBUG - Save part 'xl/worksheets/sheet2.xml'
21:14:30.920 [main] TRACE - Loading type system org.apache.poi.schemas.ooxml.system.ooxml
21:14:30.925 [main] TRACE - Loading type system org.apache.xmlbeans.metadata.system.sXMLCONFIG
21:14:30.925 [main] TRACE - Loading type system org.apache.xmlbeans.metadata.system.sXMLLANG
21:14:30.926 [main] TRACE - Loading type system org.apache.xmlbeans.metadata.system.sXMLSCHEMA
21:14:30.926 [main] TRACE - Loading type system org.apache.xmlbeans.metadata.system.sXMLTOOLS
21:14:30.928 [main] TRACE - Reading unresolved handles for type system org.apache.xmlbeans.metadata.system.sXMLTOOLS
21:14:30.960 [main] TRACE - Finished loading type system org.apache.xmlbeans.metadata.system.sXMLTOOLS
21:14:30.961 [main] TRACE - Reading unresolved handles for type system org.apache.xmlbeans.metadata.system.sXMLSCHEMA
21:14:30.966 [main] TRACE - Finished loading type system org.apache.xmlbeans.metadata.system.sXMLSCHEMA
21:14:30.970 [main] TRACE - Reading unresolved handles for type system org.apache.xmlbeans.metadata.system.sXMLLANG
21:14:30.971 [main] TRACE - Finished loading type system org.apache.xmlbeans.metadata.system.sXMLLANG
21:14:30.974 [main] TRACE - Reading unresolved handles for type system org.apache.xmlbeans.metadata.system.sXMLCONFIG
21:14:30.975 [main] TRACE - Finished loading type system org.apache.xmlbeans.metadata.system.sXMLCONFIG
21:14:30.977 [main] TRACE - Reading unresolved handles for type system org.apache.poi.schemas.ooxml.system.ooxml
21:14:31.040 [main] TRACE - Finished loading type system org.apache.poi.schemas.ooxml.system.ooxml
21:14:31.041 [main] TRACE - Resolving type for handle ctworkbook83c3type
21:14:31.126 [main] TRACE - Resolving type for handle ctworkbookpr03a5type
21:14:31.134 [main] TRACE - Resolving type for handle ctbookviewsb864type
21:14:31.140 [main] TRACE - Resolving type for handle ctbookviewf677type
21:14:31.145 [main] TRACE - Resolving type for handle ctsheets49fdtype
21:14:31.148 [main] TRACE - Resolving type for handle propertiesee84doctype
21:14:31.150 [main] TRACE - Resolving type for handle ctproperties3f10type
21:14:31.159 [main] TRACE - Resolving type for handle properties288cdoctype
21:14:31.161 [main] TRACE - Resolving type for handle ctproperties2c18type
21:14:31.170 [main] TRACE - Resolving type for handle sstf81fdoctype
21:14:31.173 [main] TRACE - Resolving type for handle ctsst44f3type
21:14:31.188 [main] TRACE - Resolving type for handle stylesheet5d8bdoctype
21:14:31.191 [main] TRACE - Resolving type for handle ctstylesheet4257type
21:14:31.195 [main] TRACE - Resolving type for handle ctfont14d8type
21:14:31.207 [main] TRACE - Resolving type for handle ctfontsizeb3b9type
21:14:31.220 [main] TRACE - Resolving type for handle ctcolord2c2type
21:14:31.228 [main] TRACE - Resolving type for handle ctfontname2dc3type
21:14:31.233 [main] TRACE - Resolving type for handle stxstringf179type
21:14:31.242 [main] TRACE - Resolving type for handle ctfontfamily685ctype
21:14:31.247 [main] TRACE - Resolving type for handle stfontfamily9c6ctype
21:14:31.255 [main] TRACE - Resolving type for handle ctfontschemebf5dtype
21:14:31.259 [main] TRACE - Resolving type for handle stfontschemef36dtype
21:14:31.270 [main] TRACE - Resolving type for handle ctfill550ctype
21:14:31.276 [main] TRACE - Resolving type for handle ctpatternfill7452type
21:14:31.279 [main] TRACE - Resolving type for handle stpatterntype7939type
21:14:31.282 [main] TRACE - Resolving type for handle ctborderf935type
21:14:31.286 [main] TRACE - Resolving type for handle ctborderpre497type
21:14:31.296 [main] TRACE - Resolving type for handle ctxf97f7type
21:14:31.319 [main] TRACE - Resolving type for handle stnumfmtid76fbtype
21:14:31.323 [main] TRACE - Resolving type for handle stfontid9d63type
21:14:31.326 [main] TRACE - Resolving type for handle stfillida097type
21:14:31.328 [main] TRACE - Resolving type for handle stborderid1a80type
21:14:31.331 [main] TRACE - Resolving type for handle stcellstylexfid70c7type
21:14:31.343 [main] TRACE - Resolving type for handle ctsheet4dbetype
21:14:31.353 [main] TRACE - Resolving type for handle ctworksheet530dtype
21:14:31.371 [main] TRACE - Resolving type for handle ctsheetformatprdef7type
21:14:31.383 [main] TRACE - Resolving type for handle ctsheetviewsb918type
21:14:31.393 [main] TRACE - Resolving type for handle ctsheetview0f43type
21:14:31.412 [main] TRACE - Resolving type for handle ctsheetdimensiond310type
21:14:31.415 [main] TRACE - Resolving type for handle stref90a2type
21:14:31.417 [main] TRACE - Resolving type for handle ctsheetdata8408type
21:14:31.422 [main] TRACE - Resolving type for handle ctpagemargins5455type
21:14:31.437 [main] TRACE - Resolving type for handle ctcols627ctype
21:14:31.447 [main] TRACE - Resolving type for handle strelationshipid1e94type
21:14:31.451 [main] TRACE - Resolving type for handle ctrowdd39type
21:14:31.479 [main] TRACE - Resolving type for handle ctcell842btype
21:14:31.510 [main] TRACE - Resolving type for handle stcellrefe4e0type
21:14:31.518 [main] TRACE - Resolving type for handle ctrsta472type
21:14:31.523 [main] TRACE - Resolving type for handle stcelltypebf95type
21:14:32.006 [main] TRACE - Resolving type for handle ctnumfmtsb58btype
21:14:32.009 [main] TRACE - Resolving type for handle ctfonts6623type
21:14:32.012 [main] TRACE - Resolving type for handle ctfills2c6ftype
21:14:32.014 [main] TRACE - Resolving type for handle ctborders0d66type
21:14:32.017 [main] TRACE - Resolving type for handle ctcellxfs1322type
21:14:32.020 [main] TRACE - Resolving type for handle ctcellstylexfsa81ftype
21:14:32.045 [main] DEBUG - Save core properties part
21:14:32.045 [main] DEBUG - Save content types part
21:14:32.198 [main] DEBUG - Save package relationships
21:14:32.215 [main] DEBUG - Save part 'docProps/app.xml'
21:14:32.232 [main] DEBUG - Save part 'docProps/core.xml'
21:14:32.242 [main] DEBUG - Save part 'xl/sharedStrings.xml'
21:14:32.242 [main] DEBUG - Save part 'xl/styles.xml'
21:14:32.243 [main] DEBUG - Save part 'xl/workbook.xml'
21:14:32.244 [main] DEBUG - Save part 'xl/worksheets/sheet1.xml'
21:14:32.254 [main] DEBUG - Save content types part
21:14:32.256 [main] DEBUG - Save package relationships
21:14:32.258 [main] DEBUG - Save part 'docProps/app.xml'
21:14:32.258 [main] DEBUG - Save part 'docProps/core.xml'
21:14:32.259 [main] DEBUG - Save part 'xl/sharedStrings.xml'
21:14:32.260 [main] DEBUG - Save part 'xl/styles.xml'
21:14:32.260 [main] DEBUG - Save part 'xl/workbook.xml'
21:14:32.261 [main] DEBUG - Save part 'xl/worksheets/sheet1.xml'
21:15:13.546 [main] DEBUG - Parsing relationship: /xl/_rels/workbook.xml.rels
21:15:13.548 [main] DEBUG - Parsing relationship: /_rels/.rels
21:15:13.596 [main] TRACE - Resolving type for handle workbookec17doctype
21:15:13.607 [main] TRACE - Resolving type for handle worksheetf539doctype
21:15:14.158 [main] DEBUG - Save content types part
21:15:14.160 [main] DEBUG - Save package relationships
21:15:14.162 [main] DEBUG - Save part 'docProps/app.xml'
21:15:14.162 [main] DEBUG - Save part 'docProps/core.xml'
21:15:14.163 [main] DEBUG - Save part 'xl/sharedStrings.xml'
21:15:14.164 [main] DEBUG - Save part 'xl/styles.xml'
21:15:14.164 [main] DEBUG - Save part 'xl/workbook.xml'
21:15:14.166 [main] DEBUG - Save part 'xl/worksheets/sheet1.xml'
21:15:14.166 [main] DEBUG - Save part 'xl/worksheets/sheet2.xml'
21:19:48.055 [main] TRACE - Loading type system org.apache.poi.schemas.ooxml.system.ooxml
21:19:48.061 [main] TRACE - Loading type system org.apache.xmlbeans.metadata.system.sXMLCONFIG
21:19:48.062 [main] TRACE - Loading type system org.apache.xmlbeans.metadata.system.sXMLLANG
21:19:48.062 [main] TRACE - Loading type system org.apache.xmlbeans.metadata.system.sXMLSCHEMA
21:19:48.063 [main] TRACE - Loading type system org.apache.xmlbeans.metadata.system.sXMLTOOLS
21:19:48.065 [main] TRACE - Reading unresolved handles for type system org.apache.xmlbeans.metadata.system.sXMLTOOLS
21:19:48.084 [main] TRACE - Finished loading type system org.apache.xmlbeans.metadata.system.sXMLTOOLS
21:19:48.085 [main] TRACE - Reading unresolved handles for type system org.apache.xmlbeans.metadata.system.sXMLSCHEMA
21:19:48.092 [main] TRACE - Finished loading type system org.apache.xmlbeans.metadata.system.sXMLSCHEMA
21:19:48.095 [main] TRACE - Reading unresolved handles for type system org.apache.xmlbeans.metadata.system.sXMLLANG
21:19:48.099 [main] TRACE - Finished loading type system org.apache.xmlbeans.metadata.system.sXMLLANG
21:19:48.104 [main] TRACE - Reading unresolved handles for type system org.apache.xmlbeans.metadata.system.sXMLCONFIG
21:19:48.105 [main] TRACE - Finished loading type system org.apache.xmlbeans.metadata.system.sXMLCONFIG
21:19:48.108 [main] TRACE - Reading unresolved handles for type system org.apache.poi.schemas.ooxml.system.ooxml
21:19:48.186 [main] TRACE - Finished loading type system org.apache.poi.schemas.ooxml.system.ooxml
21:19:48.188 [main] TRACE - Resolving type for handle ctworkbook83c3type
21:19:48.293 [main] TRACE - Resolving type for handle ctworkbookpr03a5type
21:19:48.306 [main] TRACE - Resolving type for handle ctbookviewsb864type
21:19:48.308 [main] TRACE - Resolving type for handle ctbookviewf677type
21:19:48.329 [main] TRACE - Resolving type for handle ctsheets49fdtype
21:19:48.333 [main] TRACE - Resolving type for handle propertiesee84doctype
21:19:48.336 [main] TRACE - Resolving type for handle ctproperties3f10type
21:19:48.343 [main] TRACE - Resolving type for handle properties288cdoctype
21:19:48.345 [main] TRACE - Resolving type for handle ctproperties2c18type
21:19:48.357 [main] TRACE - Resolving type for handle sstf81fdoctype
21:19:48.358 [main] TRACE - Resolving type for handle ctsst44f3type
21:19:48.363 [main] TRACE - Resolving type for handle stylesheet5d8bdoctype
21:19:48.365 [main] TRACE - Resolving type for handle ctstylesheet4257type
21:19:48.371 [main] TRACE - Resolving type for handle ctfont14d8type
21:19:48.378 [main] TRACE - Resolving type for handle ctfontsizeb3b9type
21:19:48.386 [main] TRACE - Resolving type for handle ctcolord2c2type
21:19:48.390 [main] TRACE - Resolving type for handle ctfontname2dc3type
21:19:48.396 [main] TRACE - Resolving type for handle stxstringf179type
21:19:48.403 [main] TRACE - Resolving type for handle ctfontfamily685ctype
21:19:48.406 [main] TRACE - Resolving type for handle stfontfamily9c6ctype
21:19:48.409 [main] TRACE - Resolving type for handle ctfontschemebf5dtype
21:19:48.412 [main] TRACE - Resolving type for handle stfontschemef36dtype
21:19:48.425 [main] TRACE - Resolving type for handle ctfill550ctype
21:19:48.427 [main] TRACE - Resolving type for handle ctpatternfill7452type
21:19:48.437 [main] TRACE - Resolving type for handle stpatterntype7939type
21:19:48.441 [main] TRACE - Resolving type for handle ctborderf935type
21:19:48.446 [main] TRACE - Resolving type for handle ctborderpre497type
21:19:48.455 [main] TRACE - Resolving type for handle ctxf97f7type
21:19:48.462 [main] TRACE - Resolving type for handle stnumfmtid76fbtype
21:19:48.464 [main] TRACE - Resolving type for handle stfontid9d63type
21:19:48.470 [main] TRACE - Resolving type for handle stfillida097type
21:19:48.473 [main] TRACE - Resolving type for handle stborderid1a80type
21:19:48.478 [main] TRACE - Resolving type for handle stcellstylexfid70c7type
21:19:48.511 [main] TRACE - Resolving type for handle ctsheet4dbetype
21:19:48.534 [main] TRACE - Resolving type for handle ctworksheet530dtype
21:19:48.593 [main] TRACE - Resolving type for handle ctsheetformatprdef7type
21:19:48.604 [main] TRACE - Resolving type for handle ctsheetviewsb918type
21:19:48.612 [main] TRACE - Resolving type for handle ctsheetview0f43type
21:19:48.650 [main] TRACE - Resolving type for handle ctsheetdimensiond310type
21:19:48.654 [main] TRACE - Resolving type for handle stref90a2type
21:19:48.658 [main] TRACE - Resolving type for handle ctsheetdata8408type
21:19:48.661 [main] TRACE - Resolving type for handle ctpagemargins5455type
21:19:48.673 [main] TRACE - Resolving type for handle ctcols627ctype
21:19:48.685 [main] TRACE - Resolving type for handle strelationshipid1e94type
21:19:48.689 [main] TRACE - Resolving type for handle ctrowdd39type
21:19:48.723 [main] TRACE - Resolving type for handle ctcell842btype
21:19:48.749 [main] TRACE - Resolving type for handle stcellrefe4e0type
21:19:48.758 [main] TRACE - Resolving type for handle ctrsta472type
21:19:48.777 [main] TRACE - Resolving type for handle stcelltypebf95type
21:19:49.475 [main] TRACE - Resolving type for handle ctnumfmtsb58btype
21:19:49.479 [main] TRACE - Resolving type for handle ctfonts6623type
21:19:49.486 [main] TRACE - Resolving type for handle ctfills2c6ftype
21:19:49.489 [main] TRACE - Resolving type for handle ctborders0d66type
21:19:49.492 [main] TRACE - Resolving type for handle ctcellxfs1322type
21:19:49.495 [main] TRACE - Resolving type for handle ctcellstylexfsa81ftype
21:19:49.537 [main] DEBUG - Save core properties part
21:19:49.538 [main] DEBUG - Save content types part
21:19:49.720 [main] DEBUG - Save package relationships
21:19:49.740 [main] DEBUG - Save part 'docProps/app.xml'
21:19:49.754 [main] DEBUG - Save part 'docProps/core.xml'
21:19:49.768 [main] DEBUG - Save part 'xl/sharedStrings.xml'
21:19:49.769 [main] DEBUG - Save part 'xl/styles.xml'
21:19:49.770 [main] DEBUG - Save part 'xl/workbook.xml'
21:19:49.776 [main] DEBUG - Save part 'xl/worksheets/sheet1.xml'
21:19:49.781 [main] DEBUG - Save content types part
21:19:49.786 [main] DEBUG - Save package relationships
21:19:49.790 [main] DEBUG - Save part 'docProps/app.xml'
21:19:49.791 [main] DEBUG - Save part 'docProps/core.xml'
21:19:49.794 [main] DEBUG - Save part 'xl/sharedStrings.xml'
21:19:49.795 [main] DEBUG - Save part 'xl/styles.xml'
21:19:49.795 [main] DEBUG - Save part 'xl/workbook.xml'
21:19:49.800 [main] DEBUG - Save part 'xl/worksheets/sheet1.xml'
21:20:29.783 [main] DEBUG - Parsing relationship: /xl/_rels/workbook.xml.rels
21:20:29.785 [main] DEBUG - Parsing relationship: /_rels/.rels
21:20:29.831 [main] TRACE - Resolving type for handle workbookec17doctype
21:20:29.838 [main] TRACE - Resolving type for handle worksheetf539doctype
21:20:30.411 [main] DEBUG - Save content types part
21:20:30.412 [main] DEBUG - Save package relationships
21:20:30.413 [main] DEBUG - Save part 'docProps/app.xml'
21:20:30.413 [main] DEBUG - Save part 'docProps/core.xml'
21:20:30.414 [main] DEBUG - Save part 'xl/sharedStrings.xml'
21:20:30.415 [main] DEBUG - Save part 'xl/styles.xml'
21:20:30.415 [main] DEBUG - Save part 'xl/workbook.xml'
21:20:30.417 [main] DEBUG - Save part 'xl/worksheets/sheet1.xml'
21:20:30.417 [main] DEBUG - Save part 'xl/worksheets/sheet2.xml'
21:25:50.138 [main] TRACE - Loading type system org.apache.poi.schemas.ooxml.system.ooxml
21:25:50.149 [main] TRACE - Loading type system org.apache.xmlbeans.metadata.system.sXMLCONFIG
21:25:50.151 [main] TRACE - Loading type system org.apache.xmlbeans.metadata.system.sXMLLANG
21:25:50.152 [main] TRACE - Loading type system org.apache.xmlbeans.metadata.system.sXMLSCHEMA
21:25:50.153 [main] TRACE - Loading type system org.apache.xmlbeans.metadata.system.sXMLTOOLS
