21:25:50.158 [main] TRACE - Reading unresolved handles for type system org.apache.xmlbeans.metadata.system.sXMLTOOLS
21:25:50.198 [main] TRACE - Finished loading type system org.apache.xmlbeans.metadata.system.sXMLTOOLS
21:25:50.200 [main] TRACE - Reading unresolved handles for type system org.apache.xmlbeans.metadata.system.sXMLSCHEMA
21:25:50.204 [main] TRACE - Finished loading type system org.apache.xmlbeans.metadata.system.sXMLSCHEMA
21:25:50.206 [main] TRACE - Reading unresolved handles for type system org.apache.xmlbeans.metadata.system.sXMLLANG
21:25:50.207 [main] TRACE - Finished loading type system org.apache.xmlbeans.metadata.system.sXMLLANG
21:25:50.219 [main] TRACE - Reading unresolved handles for type system org.apache.xmlbeans.metadata.system.sXMLCONFIG
21:25:50.219 [main] TRACE - Finished loading type system org.apache.xmlbeans.metadata.system.sXMLCONFIG
21:25:50.221 [main] TRACE - Reading unresolved handles for type system org.apache.poi.schemas.ooxml.system.ooxml
21:25:50.290 [main] TRACE - Finished loading type system org.apache.poi.schemas.ooxml.system.ooxml
21:25:50.291 [main] TRACE - Resolving type for handle ctworkbook83c3type
21:25:50.394 [main] TRACE - Resolving type for handle ctworkbookpr03a5type
21:25:50.405 [main] TRACE - Resolving type for handle ctbookviewsb864type
21:25:50.409 [main] TRACE - Resolving type for handle ctbookviewf677type
21:25:50.418 [main] TRACE - Resolving type for handle ctsheets49fdtype
21:25:50.421 [main] TRACE - Resolving type for handle propertiesee84doctype
21:25:50.423 [main] TRACE - Resolving type for handle ctproperties3f10type
21:25:50.430 [main] TRACE - Resolving type for handle properties288cdoctype
21:25:50.433 [main] TRACE - Resolving type for handle ctproperties2c18type
21:25:50.439 [main] TRACE - Resolving type for handle sstf81fdoctype
21:25:50.440 [main] TRACE - Resolving type for handle ctsst44f3type
21:25:50.452 [main] TRACE - Resolving type for handle stylesheet5d8bdoctype
21:25:50.455 [main] TRACE - Resolving type for handle ctstylesheet4257type
21:25:50.468 [main] TRACE - Resolving type for handle ctfont14d8type
21:25:50.473 [main] TRACE - Resolving type for handle ctfontsizeb3b9type
21:25:50.478 [main] TRACE - Resolving type for handle ctcolord2c2type
21:25:50.485 [main] TRACE - Resolving type for handle ctfontname2dc3type
21:25:50.487 [main] TRACE - Resolving type for handle stxstringf179type
21:25:50.489 [main] TRACE - Resolving type for handle ctfontfamily685ctype
21:25:50.490 [main] TRACE - Resolving type for handle stfontfamily9c6ctype
21:25:50.494 [main] TRACE - Resolving type for handle ctfontschemebf5dtype
21:25:50.503 [main] TRACE - Resolving type for handle stfontschemef36dtype
21:25:50.518 [main] TRACE - Resolving type for handle ctfill550ctype
21:25:50.523 [main] TRACE - Resolving type for handle ctpatternfill7452type
21:25:50.534 [main] TRACE - Resolving type for handle stpatterntype7939type
21:25:50.540 [main] TRACE - Resolving type for handle ctborderf935type
21:25:50.545 [main] TRACE - Resolving type for handle ctborderpre497type
21:25:50.554 [main] TRACE - Resolving type for handle ctxf97f7type
21:25:50.560 [main] TRACE - Resolving type for handle stnumfmtid76fbtype
21:25:50.563 [main] TRACE - Resolving type for handle stfontid9d63type
21:25:50.566 [main] TRACE - Resolving type for handle stfillida097type
21:25:50.569 [main] TRACE - Resolving type for handle stborderid1a80type
21:25:50.571 [main] TRACE - Resolving type for handle stcellstylexfid70c7type
21:25:50.601 [main] TRACE - Resolving type for handle ctsheet4dbetype
21:25:50.621 [main] TRACE - Resolving type for handle ctworksheet530dtype
21:25:50.655 [main] TRACE - Resolving type for handle ctsheetformatprdef7type
21:25:50.662 [main] TRACE - Resolving type for handle ctsheetviewsb918type
21:25:50.669 [main] TRACE - Resolving type for handle ctsheetview0f43type
21:25:50.704 [main] TRACE - Resolving type for handle ctsheetdimensiond310type
21:25:50.709 [main] TRACE - Resolving type for handle stref90a2type
21:25:50.712 [main] TRACE - Resolving type for handle ctsheetdata8408type
21:25:50.718 [main] TRACE - Resolving type for handle ctpagemargins5455type
21:25:50.732 [main] TRACE - Resolving type for handle ctcols627ctype
21:25:50.738 [main] TRACE - Resolving type for handle strelationshipid1e94type
21:25:50.742 [main] TRACE - Resolving type for handle ctrowdd39type
21:25:50.773 [main] TRACE - Resolving type for handle ctcell842btype
21:25:50.807 [main] TRACE - Resolving type for handle stcellrefe4e0type
21:25:50.811 [main] TRACE - Resolving type for handle ctrsta472type
21:25:50.833 [main] TRACE - Resolving type for handle stcelltypebf95type
21:25:51.421 [main] TRACE - Resolving type for handle ctnumfmtsb58btype
21:25:51.423 [main] TRACE - Resolving type for handle ctfonts6623type
21:25:51.426 [main] TRACE - Resolving type for handle ctfills2c6ftype
21:25:51.429 [main] TRACE - Resolving type for handle ctborders0d66type
21:25:51.435 [main] TRACE - Resolving type for handle ctcellxfs1322type
21:25:51.438 [main] TRACE - Resolving type for handle ctcellstylexfsa81ftype
21:25:51.474 [main] DEBUG - Save core properties part
21:25:51.474 [main] DEBUG - Save content types part
21:25:51.667 [main] DEBUG - Save package relationships
21:25:51.694 [main] DEBUG - Save part 'docProps/app.xml'
21:25:51.717 [main] DEBUG - Save part 'docProps/core.xml'
21:25:51.732 [main] DEBUG - Save part 'xl/sharedStrings.xml'
21:25:51.733 [main] DEBUG - Save part 'xl/styles.xml'
21:25:51.734 [main] DEBUG - Save part 'xl/workbook.xml'
21:25:51.736 [main] DEBUG - Save part 'xl/worksheets/sheet1.xml'
21:25:51.746 [main] DEBUG - Save content types part
21:25:51.750 [main] DEBUG - Save package relationships
21:25:51.753 [main] DEBUG - Save part 'docProps/app.xml'
21:25:51.753 [main] DEBUG - Save part 'docProps/core.xml'
21:25:51.756 [main] DEBUG - Save part 'xl/sharedStrings.xml'
21:25:51.756 [main] DEBUG - Save part 'xl/styles.xml'
21:25:51.757 [main] DEBUG - Save part 'xl/workbook.xml'
21:25:51.759 [main] DEBUG - Save part 'xl/worksheets/sheet1.xml'
21:34:07.191 [main] TRACE - Loading type system org.apache.poi.schemas.ooxml.system.ooxml
21:34:07.196 [main] TRACE - Loading type system org.apache.xmlbeans.metadata.system.sXMLCONFIG
21:34:07.197 [main] TRACE - Loading type system org.apache.xmlbeans.metadata.system.sXMLLANG
21:34:07.198 [main] TRACE - Loading type system org.apache.xmlbeans.metadata.system.sXMLSCHEMA
21:34:07.201 [main] TRACE - Loading type system org.apache.xmlbeans.metadata.system.sXMLTOOLS
21:34:07.204 [main] TRACE - Reading unresolved handles for type system org.apache.xmlbeans.metadata.system.sXMLTOOLS
21:34:07.239 [main] TRACE - Finished loading type system org.apache.xmlbeans.metadata.system.sXMLTOOLS
21:34:07.241 [main] TRACE - Reading unresolved handles for type system org.apache.xmlbeans.metadata.system.sXMLSCHEMA
21:34:07.247 [main] TRACE - Finished loading type system org.apache.xmlbeans.metadata.system.sXMLSCHEMA
21:34:07.250 [main] TRACE - Reading unresolved handles for type system org.apache.xmlbeans.metadata.system.sXMLLANG
21:34:07.253 [main] TRACE - Finished loading type system org.apache.xmlbeans.metadata.system.sXMLLANG
21:34:07.257 [main] TRACE - Reading unresolved handles for type system org.apache.xmlbeans.metadata.system.sXMLCONFIG
21:34:07.258 [main] TRACE - Finished loading type system org.apache.xmlbeans.metadata.system.sXMLCONFIG
21:34:07.260 [main] TRACE - Reading unresolved handles for type system org.apache.poi.schemas.ooxml.system.ooxml
21:34:07.331 [main] TRACE - Finished loading type system org.apache.poi.schemas.ooxml.system.ooxml
21:34:07.332 [main] TRACE - Resolving type for handle ctworkbook83c3type
21:34:07.452 [main] TRACE - Resolving type for handle ctworkbookpr03a5type
21:34:07.465 [main] TRACE - Resolving type for handle ctbookviewsb864type
21:34:07.470 [main] TRACE - Resolving type for handle ctbookviewf677type
21:34:07.477 [main] TRACE - Resolving type for handle ctsheets49fdtype
21:34:07.479 [main] TRACE - Resolving type for handle propertiesee84doctype
21:34:07.482 [main] TRACE - Resolving type for handle ctproperties3f10type
21:34:07.496 [main] TRACE - Resolving type for handle properties288cdoctype
21:34:07.497 [main] TRACE - Resolving type for handle ctproperties2c18type
21:34:07.506 [main] TRACE - Resolving type for handle sstf81fdoctype
21:34:07.508 [main] TRACE - Resolving type for handle ctsst44f3type
21:34:07.512 [main] TRACE - Resolving type for handle stylesheet5d8bdoctype
21:34:07.514 [main] TRACE - Resolving type for handle ctstylesheet4257type
21:34:07.519 [main] TRACE - Resolving type for handle ctfont14d8type
21:34:07.529 [main] TRACE - Resolving type for handle ctfontsizeb3b9type
21:34:07.547 [main] TRACE - Resolving type for handle ctcolord2c2type
21:34:07.561 [main] TRACE - Resolving type for handle ctfontname2dc3type
21:34:07.566 [main] TRACE - Resolving type for handle stxstringf179type
21:34:07.571 [main] TRACE - Resolving type for handle ctfontfamily685ctype
21:34:07.574 [main] TRACE - Resolving type for handle stfontfamily9c6ctype
21:34:07.580 [main] TRACE - Resolving type for handle ctfontschemebf5dtype
21:34:07.589 [main] TRACE - Resolving type for handle stfontschemef36dtype
21:34:07.596 [main] TRACE - Resolving type for handle ctfill550ctype
21:34:07.604 [main] TRACE - Resolving type for handle ctpatternfill7452type
21:34:07.615 [main] TRACE - Resolving type for handle stpatterntype7939type
21:34:07.621 [main] TRACE - Resolving type for handle ctborderf935type
21:34:07.625 [main] TRACE - Resolving type for handle ctborderpre497type
21:34:07.634 [main] TRACE - Resolving type for handle ctxf97f7type
21:34:07.640 [main] TRACE - Resolving type for handle stnumfmtid76fbtype
21:34:07.641 [main] TRACE - Resolving type for handle stfontid9d63type
21:34:07.645 [main] TRACE - Resolving type for handle stfillida097type
21:34:07.646 [main] TRACE - Resolving type for handle stborderid1a80type
21:34:07.648 [main] TRACE - Resolving type for handle stcellstylexfid70c7type
21:34:07.657 [main] TRACE - Resolving type for handle ctsheet4dbetype
21:34:07.670 [main] TRACE - Resolving type for handle ctworksheet530dtype
21:34:07.691 [main] TRACE - Resolving type for handle ctsheetformatprdef7type
21:34:07.698 [main] TRACE - Resolving type for handle ctsheetviewsb918type
21:34:07.710 [main] TRACE - Resolving type for handle ctsheetview0f43type
21:34:07.737 [main] TRACE - Resolving type for handle ctsheetdimensiond310type
21:34:07.740 [main] TRACE - Resolving type for handle stref90a2type
21:34:07.742 [main] TRACE - Resolving type for handle ctsheetdata8408type
21:34:07.747 [main] TRACE - Resolving type for handle ctpagemargins5455type
21:34:07.762 [main] TRACE - Resolving type for handle ctcols627ctype
21:34:07.779 [main] TRACE - Resolving type for handle strelationshipid1e94type
21:34:07.782 [main] TRACE - Resolving type for handle ctrowdd39type
21:34:07.827 [main] TRACE - Resolving type for handle ctcell842btype
21:34:07.848 [main] TRACE - Resolving type for handle stcellrefe4e0type
21:34:07.856 [main] TRACE - Resolving type for handle ctrsta472type
21:34:07.874 [main] TRACE - Resolving type for handle stcelltypebf95type
21:34:08.440 [main] TRACE - Resolving type for handle ctnumfmtsb58btype
21:34:08.442 [main] TRACE - Resolving type for handle ctfonts6623type
21:34:08.444 [main] TRACE - Resolving type for handle ctfills2c6ftype
21:34:08.446 [main] TRACE - Resolving type for handle ctborders0d66type
21:34:08.451 [main] TRACE - Resolving type for handle ctcellxfs1322type
21:34:08.454 [main] TRACE - Resolving type for handle ctcellstylexfsa81ftype
21:34:08.476 [main] DEBUG - Save core properties part
21:34:08.476 [main] DEBUG - Save content types part
21:34:08.606 [main] DEBUG - Save package relationships
21:34:08.626 [main] DEBUG - Save part 'docProps/app.xml'
21:34:08.647 [main] DEBUG - Save part 'docProps/core.xml'
21:34:08.660 [main] DEBUG - Save part 'xl/sharedStrings.xml'
21:34:08.660 [main] DEBUG - Save part 'xl/styles.xml'
21:34:08.660 [main] DEBUG - Save part 'xl/workbook.xml'
21:34:08.662 [main] DEBUG - Save part 'xl/worksheets/sheet1.xml'
21:34:08.675 [main] DEBUG - Save content types part
21:34:08.677 [main] DEBUG - Save package relationships
21:34:08.679 [main] DEBUG - Save part 'docProps/app.xml'
21:34:08.679 [main] DEBUG - Save part 'docProps/core.xml'
21:34:08.680 [main] DEBUG - Save part 'xl/sharedStrings.xml'
21:34:08.681 [main] DEBUG - Save part 'xl/styles.xml'
21:34:08.681 [main] DEBUG - Save part 'xl/workbook.xml'
21:34:08.683 [main] DEBUG - Save part 'xl/worksheets/sheet1.xml'
21:34:48.961 [main] DEBUG - Parsing relationship: /xl/_rels/workbook.xml.rels
21:34:48.963 [main] DEBUG - Parsing relationship: /_rels/.rels
21:34:49.028 [main] TRACE - Resolving type for handle workbookec17doctype
21:34:49.035 [main] TRACE - Resolving type for handle worksheetf539doctype
21:34:49.830 [main] DEBUG - Save content types part
21:34:49.832 [main] DEBUG - Save package relationships
21:34:49.833 [main] DEBUG - Save part 'docProps/app.xml'
21:34:49.834 [main] DEBUG - Save part 'docProps/core.xml'
21:34:49.835 [main] DEBUG - Save part 'xl/sharedStrings.xml'
21:34:49.837 [main] DEBUG - Save part 'xl/styles.xml'
21:34:49.837 [main] DEBUG - Save part 'xl/workbook.xml'
21:34:49.839 [main] DEBUG - Save part 'xl/worksheets/sheet1.xml'
21:34:49.840 [main] DEBUG - Save part 'xl/worksheets/sheet2.xml'
21:43:03.173 [main] TRACE - Loading type system org.apache.poi.schemas.ooxml.system.ooxml
21:43:03.183 [main] TRACE - Loading type system org.apache.xmlbeans.metadata.system.sXMLCONFIG
21:43:03.184 [main] TRACE - Loading type system org.apache.xmlbeans.metadata.system.sXMLLANG
21:43:03.184 [main] TRACE - Loading type system org.apache.xmlbeans.metadata.system.sXMLSCHEMA
21:43:03.186 [main] TRACE - Loading type system org.apache.xmlbeans.metadata.system.sXMLTOOLS
21:43:03.188 [main] TRACE - Reading unresolved handles for type system org.apache.xmlbeans.metadata.system.sXMLTOOLS
21:43:03.213 [main] TRACE - Finished loading type system org.apache.xmlbeans.metadata.system.sXMLTOOLS
21:43:03.215 [main] TRACE - Reading unresolved handles for type system org.apache.xmlbeans.metadata.system.sXMLSCHEMA
21:43:03.222 [main] TRACE - Finished loading type system org.apache.xmlbeans.metadata.system.sXMLSCHEMA
21:43:03.225 [main] TRACE - Reading unresolved handles for type system org.apache.xmlbeans.metadata.system.sXMLLANG
21:43:03.226 [main] TRACE - Finished loading type system org.apache.xmlbeans.metadata.system.sXMLLANG
21:43:03.230 [main] TRACE - Reading unresolved handles for type system org.apache.xmlbeans.metadata.system.sXMLCONFIG
21:43:03.231 [main] TRACE - Finished loading type system org.apache.xmlbeans.metadata.system.sXMLCONFIG
21:43:03.234 [main] TRACE - Reading unresolved handles for type system org.apache.poi.schemas.ooxml.system.ooxml
21:43:03.319 [main] TRACE - Finished loading type system org.apache.poi.schemas.ooxml.system.ooxml
21:43:03.321 [main] TRACE - Resolving type for handle ctworkbook83c3type
21:43:03.409 [main] TRACE - Resolving type for handle ctworkbookpr03a5type
21:43:03.423 [main] TRACE - Resolving type for handle ctbookviewsb864type
21:43:03.427 [main] TRACE - Resolving type for handle ctbookviewf677type
21:43:03.437 [main] TRACE - Resolving type for handle ctsheets49fdtype
21:43:03.443 [main] TRACE - Resolving type for handle propertiesee84doctype
21:43:03.445 [main] TRACE - Resolving type for handle ctproperties3f10type
21:43:03.458 [main] TRACE - Resolving type for handle properties288cdoctype
21:43:03.464 [main] TRACE - Resolving type for handle ctproperties2c18type
21:43:03.507 [main] TRACE - Resolving type for handle sstf81fdoctype
21:43:03.511 [main] TRACE - Resolving type for handle ctsst44f3type
21:43:03.518 [main] TRACE - Resolving type for handle stylesheet5d8bdoctype
21:43:03.520 [main] TRACE - Resolving type for handle ctstylesheet4257type
21:43:03.539 [main] TRACE - Resolving type for handle ctfont14d8type
21:43:03.560 [main] TRACE - Resolving type for handle ctfontsizeb3b9type
21:43:03.566 [main] TRACE - Resolving type for handle ctcolord2c2type
21:43:03.571 [main] TRACE - Resolving type for handle ctfontname2dc3type
21:43:03.574 [main] TRACE - Resolving type for handle stxstringf179type
21:43:03.579 [main] TRACE - Resolving type for handle ctfontfamily685ctype
21:43:03.581 [main] TRACE - Resolving type for handle stfontfamily9c6ctype
21:43:03.588 [main] TRACE - Resolving type for handle ctfontschemebf5dtype
21:43:03.598 [main] TRACE - Resolving type for handle stfontschemef36dtype
21:43:03.605 [main] TRACE - Resolving type for handle ctfill550ctype
21:43:03.612 [main] TRACE - Resolving type for handle ctpatternfill7452type
21:43:03.627 [main] TRACE - Resolving type for handle stpatterntype7939type
21:43:03.633 [main] TRACE - Resolving type for handle ctborderf935type
21:43:03.640 [main] TRACE - Resolving type for handle ctborderpre497type
21:43:03.647 [main] TRACE - Resolving type for handle ctxf97f7type
21:43:03.653 [main] TRACE - Resolving type for handle stnumfmtid76fbtype
21:43:03.656 [main] TRACE - Resolving type for handle stfontid9d63type
21:43:03.658 [main] TRACE - Resolving type for handle stfillida097type
21:43:03.660 [main] TRACE - Resolving type for handle stborderid1a80type
21:43:03.663 [main] TRACE - Resolving type for handle stcellstylexfid70c7type
21:43:03.694 [main] TRACE - Resolving type for handle ctsheet4dbetype
21:43:03.705 [main] TRACE - Resolving type for handle ctworksheet530dtype
21:43:03.716 [main] TRACE - Resolving type for handle ctsheetformatprdef7type
21:43:03.727 [main] TRACE - Resolving type for handle ctsheetviewsb918type
21:43:03.737 [main] TRACE - Resolving type for handle ctsheetview0f43type
21:43:03.786 [main] TRACE - Resolving type for handle ctsheetdimensiond310type
21:43:03.791 [main] TRACE - Resolving type for handle stref90a2type
21:43:03.806 [main] TRACE - Resolving type for handle ctsheetdata8408type
21:43:03.822 [main] TRACE - Resolving type for handle ctpagemargins5455type
21:43:03.874 [main] TRACE - Resolving type for handle ctcols627ctype
21:43:03.888 [main] TRACE - Resolving type for handle strelationshipid1e94type
21:43:03.894 [main] TRACE - Resolving type for handle ctrowdd39type
21:43:03.931 [main] TRACE - Resolving type for handle ctcell842btype
21:43:03.959 [main] TRACE - Resolving type for handle stcellrefe4e0type
21:43:03.965 [main] TRACE - Resolving type for handle ctrsta472type
21:43:03.972 [main] TRACE - Resolving type for handle stcelltypebf95type
21:43:04.752 [main] TRACE - Resolving type for handle ctnumfmtsb58btype
21:43:04.756 [main] TRACE - Resolving type for handle ctfonts6623type
21:43:04.762 [main] TRACE - Resolving type for handle ctfills2c6ftype
21:43:04.766 [main] TRACE - Resolving type for handle ctborders0d66type
21:43:04.769 [main] TRACE - Resolving type for handle ctcellxfs1322type
21:43:04.773 [main] TRACE - Resolving type for handle ctcellstylexfsa81ftype
21:43:04.820 [main] DEBUG - Save core properties part
21:43:04.820 [main] DEBUG - Save content types part
21:43:05.054 [main] DEBUG - Save package relationships
21:43:05.076 [main] DEBUG - Save part 'docProps/app.xml'
21:43:05.081 [main] DEBUG - Save part 'docProps/core.xml'
21:43:05.099 [main] DEBUG - Save part 'xl/sharedStrings.xml'
21:43:05.100 [main] DEBUG - Save part 'xl/styles.xml'
21:43:05.101 [main] DEBUG - Save part 'xl/workbook.xml'
21:43:05.105 [main] DEBUG - Save part 'xl/worksheets/sheet1.xml'
21:43:05.123 [main] DEBUG - Save content types part
21:43:05.126 [main] DEBUG - Save package relationships
21:43:05.128 [main] DEBUG - Save part 'docProps/app.xml'
21:43:05.129 [main] DEBUG - Save part 'docProps/core.xml'
21:43:05.132 [main] DEBUG - Save part 'xl/sharedStrings.xml'
21:43:05.132 [main] DEBUG - Save part 'xl/styles.xml'
21:43:05.133 [main] DEBUG - Save part 'xl/workbook.xml'
21:43:05.136 [main] DEBUG - Save part 'xl/worksheets/sheet1.xml'
21:43:36.465 [main] DEBUG - Parsing relationship: /xl/_rels/workbook.xml.rels
21:43:36.469 [main] DEBUG - Parsing relationship: /_rels/.rels
21:43:36.550 [main] TRACE - Resolving type for handle workbookec17doctype
21:43:36.558 [main] TRACE - Resolving type for handle worksheetf539doctype
21:43:37.369 [main] DEBUG - Save content types part
21:43:37.374 [main] DEBUG - Save package relationships
21:43:37.376 [main] DEBUG - Save part 'docProps/app.xml'
21:43:37.376 [main] DEBUG - Save part 'docProps/core.xml'
21:43:37.379 [main] DEBUG - Save part 'xl/sharedStrings.xml'
21:43:37.380 [main] DEBUG - Save part 'xl/styles.xml'
21:43:37.380 [main] DEBUG - Save part 'xl/workbook.xml'
21:43:37.385 [main] DEBUG - Save part 'xl/worksheets/sheet1.xml'
21:43:37.385 [main] DEBUG - Save part 'xl/worksheets/sheet2.xml'
22:15:53.417 [main] TRACE - Loading type system org.apache.poi.schemas.ooxml.system.ooxml
22:15:53.425 [main] TRACE - Loading type system org.apache.xmlbeans.metadata.system.sXMLCONFIG
22:15:53.426 [main] TRACE - Loading type system org.apache.xmlbeans.metadata.system.sXMLLANG
22:15:53.427 [main] TRACE - Loading type system org.apache.xmlbeans.metadata.system.sXMLSCHEMA
22:15:53.428 [main] TRACE - Loading type system org.apache.xmlbeans.metadata.system.sXMLTOOLS
22:15:53.430 [main] TRACE - Reading unresolved handles for type system org.apache.xmlbeans.metadata.system.sXMLTOOLS
22:15:53.453 [main] TRACE - Finished loading type system org.apache.xmlbeans.metadata.system.sXMLTOOLS
22:15:53.454 [main] TRACE - Reading unresolved handles for type system org.apache.xmlbeans.metadata.system.sXMLSCHEMA
22:15:53.463 [main] TRACE - Finished loading type system org.apache.xmlbeans.metadata.system.sXMLSCHEMA
22:15:53.468 [main] TRACE - Reading unresolved handles for type system org.apache.xmlbeans.metadata.system.sXMLLANG
22:15:53.470 [main] TRACE - Finished loading type system org.apache.xmlbeans.metadata.system.sXMLLANG
22:15:53.471 [main] TRACE - Reading unresolved handles for type system org.apache.xmlbeans.metadata.system.sXMLCONFIG
22:15:53.472 [main] TRACE - Finished loading type system org.apache.xmlbeans.metadata.system.sXMLCONFIG
22:15:53.476 [main] TRACE - Reading unresolved handles for type system org.apache.poi.schemas.ooxml.system.ooxml
22:15:53.557 [main] TRACE - Finished loading type system org.apache.poi.schemas.ooxml.system.ooxml
22:15:53.559 [main] TRACE - Resolving type for handle ctworkbook83c3type
22:15:53.644 [main] TRACE - Resolving type for handle ctworkbookpr03a5type
22:15:53.654 [main] TRACE - Resolving type for handle ctbookviewsb864type
22:15:53.659 [main] TRACE - Resolving type for handle ctbookviewf677type
22:15:53.667 [main] TRACE - Resolving type for handle ctsheets49fdtype
22:15:53.670 [main] TRACE - Resolving type for handle propertiesee84doctype
22:15:53.673 [main] TRACE - Resolving type for handle ctproperties3f10type
22:15:53.681 [main] TRACE - Resolving type for handle properties288cdoctype
22:15:53.683 [main] TRACE - Resolving type for handle ctproperties2c18type
22:15:53.688 [main] TRACE - Resolving type for handle sstf81fdoctype
22:15:53.690 [main] TRACE - Resolving type for handle ctsst44f3type
22:15:53.698 [main] TRACE - Resolving type for handle stylesheet5d8bdoctype
22:15:53.700 [main] TRACE - Resolving type for handle ctstylesheet4257type
22:15:53.706 [main] TRACE - Resolving type for handle ctfont14d8type
22:15:53.720 [main] TRACE - Resolving type for handle ctfontsizeb3b9type
22:15:53.730 [main] TRACE - Resolving type for handle ctcolord2c2type
22:15:53.736 [main] TRACE - Resolving type for handle ctfontname2dc3type
22:15:53.741 [main] TRACE - Resolving type for handle stxstringf179type
22:15:53.748 [main] TRACE - Resolving type for handle ctfontfamily685ctype
22:15:53.750 [main] TRACE - Resolving type for handle stfontfamily9c6ctype
22:15:53.755 [main] TRACE - Resolving type for handle ctfontschemebf5dtype
22:15:53.764 [main] TRACE - Resolving type for handle stfontschemef36dtype
22:15:53.771 [main] TRACE - Resolving type for handle ctfill550ctype
22:15:53.775 [main] TRACE - Resolving type for handle ctpatternfill7452type
22:15:53.780 [main] TRACE - Resolving type for handle stpatterntype7939type
22:15:53.782 [main] TRACE - Resolving type for handle ctborderf935type
22:15:53.785 [main] TRACE - Resolving type for handle ctborderpre497type
22:15:53.793 [main] TRACE - Resolving type for handle ctxf97f7type
22:15:53.798 [main] TRACE - Resolving type for handle stnumfmtid76fbtype
22:15:53.800 [main] TRACE - Resolving type for handle stfontid9d63type
22:15:53.801 [main] TRACE - Resolving type for handle stfillida097type
22:15:53.804 [main] TRACE - Resolving type for handle stborderid1a80type
22:15:53.805 [main] TRACE - Resolving type for handle stcellstylexfid70c7type
22:15:53.816 [main] TRACE - Resolving type for handle ctsheet4dbetype
22:15:53.825 [main] TRACE - Resolving type for handle ctworksheet530dtype
22:15:53.831 [main] TRACE - Resolving type for handle ctsheetformatprdef7type
22:15:53.841 [main] TRACE - Resolving type for handle ctsheetviewsb918type
22:15:53.847 [main] TRACE - Resolving type for handle ctsheetview0f43type
22:15:53.853 [main] TRACE - Resolving type for handle ctsheetdimensiond310type
22:15:53.854 [main] TRACE - Resolving type for handle stref90a2type
22:15:53.857 [main] TRACE - Resolving type for handle ctsheetdata8408type
22:15:53.862 [main] TRACE - Resolving type for handle ctpagemargins5455type
22:15:53.869 [main] TRACE - Resolving type for handle ctcols627ctype
22:15:53.872 [main] TRACE - Resolving type for handle strelationshipid1e94type
22:15:53.876 [main] TRACE - Resolving type for handle ctrowdd39type
22:15:53.886 [main] TRACE - Resolving type for handle ctcell842btype
22:15:53.897 [main] TRACE - Resolving type for handle stcellrefe4e0type
22:15:53.900 [main] TRACE - Resolving type for handle ctrsta472type
22:15:53.905 [main] TRACE - Resolving type for handle stcelltypebf95type
22:15:54.455 [main] TRACE - Resolving type for handle ctnumfmtsb58btype
22:15:54.461 [main] TRACE - Resolving type for handle ctfonts6623type
22:15:54.464 [main] TRACE - Resolving type for handle ctfills2c6ftype
22:15:54.466 [main] TRACE - Resolving type for handle ctborders0d66type
22:15:54.468 [main] TRACE - Resolving type for handle ctcellxfs1322type
22:15:54.470 [main] TRACE - Resolving type for handle ctcellstylexfsa81ftype
22:15:54.502 [main] DEBUG - Save core properties part
22:15:54.502 [main] DEBUG - Save content types part
22:15:54.662 [main] DEBUG - Save package relationships
22:15:54.685 [main] DEBUG - Save part 'docProps/app.xml'
22:15:54.702 [main] DEBUG - Save part 'docProps/core.xml'
22:15:54.715 [main] DEBUG - Save part 'xl/sharedStrings.xml'
22:15:54.716 [main] DEBUG - Save part 'xl/styles.xml'
22:15:54.716 [main] DEBUG - Save part 'xl/workbook.xml'
22:15:54.718 [main] DEBUG - Save part 'xl/worksheets/sheet1.xml'
22:15:54.730 [main] DEBUG - Save content types part
22:15:54.732 [main] DEBUG - Save package relationships
22:15:54.733 [main] DEBUG - Save part 'docProps/app.xml'
22:15:54.734 [main] DEBUG - Save part 'docProps/core.xml'
22:15:54.735 [main] DEBUG - Save part 'xl/sharedStrings.xml'
22:15:54.736 [main] DEBUG - Save part 'xl/styles.xml'
22:15:54.736 [main] DEBUG - Save part 'xl/workbook.xml'
22:15:54.738 [main] DEBUG - Save part 'xl/worksheets/sheet1.xml'
22:16:36.096 [main] DEBUG - Parsing relationship: /xl/_rels/workbook.xml.rels
22:16:36.097 [main] DEBUG - Parsing relationship: /_rels/.rels
22:16:36.158 [main] TRACE - Resolving type for handle workbookec17doctype
22:16:36.166 [main] TRACE - Resolving type for handle worksheetf539doctype
22:16:36.739 [main] DEBUG - Save content types part
22:16:36.741 [main] DEBUG - Save package relationships
22:16:36.743 [main] DEBUG - Save part 'docProps/app.xml'
22:16:36.744 [main] DEBUG - Save part 'docProps/core.xml'
22:16:36.746 [main] DEBUG - Save part 'xl/sharedStrings.xml'
22:16:36.747 [main] DEBUG - Save part 'xl/styles.xml'
22:16:36.747 [main] DEBUG - Save part 'xl/workbook.xml'
22:16:36.750 [main] DEBUG - Save part 'xl/worksheets/sheet1.xml'
22:16:36.750 [main] DEBUG - Save part 'xl/worksheets/sheet2.xml'
22:26:31.245 [main] TRACE - Loading type system org.apache.poi.schemas.ooxml.system.ooxml
22:26:31.252 [main] TRACE - Loading type system org.apache.xmlbeans.metadata.system.sXMLCONFIG
22:26:31.252 [main] TRACE - Loading type system org.apache.xmlbeans.metadata.system.sXMLLANG
22:26:31.253 [main] TRACE - Loading type system org.apache.xmlbeans.metadata.system.sXMLSCHEMA
22:26:31.253 [main] TRACE - Loading type system org.apache.xmlbeans.metadata.system.sXMLTOOLS
22:26:31.255 [main] TRACE - Reading unresolved handles for type system org.apache.xmlbeans.metadata.system.sXMLTOOLS
22:26:31.275 [main] TRACE - Finished loading type system org.apache.xmlbeans.metadata.system.sXMLTOOLS
22:26:31.276 [main] TRACE - Reading unresolved handles for type system org.apache.xmlbeans.metadata.system.sXMLSCHEMA
22:26:31.291 [main] TRACE - Finished loading type system org.apache.xmlbeans.metadata.system.sXMLSCHEMA
22:26:31.294 [main] TRACE - Reading unresolved handles for type system org.apache.xmlbeans.metadata.system.sXMLLANG
22:26:31.295 [main] TRACE - Finished loading type system org.apache.xmlbeans.metadata.system.sXMLLANG
22:26:31.296 [main] TRACE - Reading unresolved handles for type system org.apache.xmlbeans.metadata.system.sXMLCONFIG
22:26:31.297 [main] TRACE - Finished loading type system org.apache.xmlbeans.metadata.system.sXMLCONFIG
22:26:31.298 [main] TRACE - Reading unresolved handles for type system org.apache.poi.schemas.ooxml.system.ooxml
22:26:31.381 [main] TRACE - Finished loading type system org.apache.poi.schemas.ooxml.system.ooxml
22:26:31.383 [main] TRACE - Resolving type for handle ctworkbook83c3type
22:26:31.442 [main] TRACE - Resolving type for handle ctworkbookpr03a5type
22:26:31.449 [main] TRACE - Resolving type for handle ctbookviewsb864type
22:26:31.457 [main] TRACE - Resolving type for handle ctbookviewf677type
22:26:31.462 [main] TRACE - Resolving type for handle ctsheets49fdtype
22:26:31.464 [main] TRACE - Resolving type for handle propertiesee84doctype
22:26:31.466 [main] TRACE - Resolving type for handle ctproperties3f10type
22:26:31.472 [main] TRACE - Resolving type for handle properties288cdoctype
22:26:31.474 [main] TRACE - Resolving type for handle ctproperties2c18type
22:26:31.480 [main] TRACE - Resolving type for handle sstf81fdoctype
22:26:31.481 [main] TRACE - Resolving type for handle ctsst44f3type
22:26:31.487 [main] TRACE - Resolving type for handle stylesheet5d8bdoctype
22:26:31.488 [main] TRACE - Resolving type for handle ctstylesheet4257type
22:26:31.500 [main] TRACE - Resolving type for handle ctfont14d8type
22:26:31.526 [main] TRACE - Resolving type for handle ctfontsizeb3b9type
22:26:31.532 [main] TRACE - Resolving type for handle ctcolord2c2type
22:26:31.539 [main] TRACE - Resolving type for handle ctfontname2dc3type
22:26:31.545 [main] TRACE - Resolving type for handle stxstringf179type
22:26:31.550 [main] TRACE - Resolving type for handle ctfontfamily685ctype
22:26:31.554 [main] TRACE - Resolving type for handle stfontfamily9c6ctype
22:26:31.559 [main] TRACE - Resolving type for handle ctfontschemebf5dtype
22:26:31.562 [main] TRACE - Resolving type for handle stfontschemef36dtype
22:26:31.573 [main] TRACE - Resolving type for handle ctfill550ctype
22:26:31.574 [main] TRACE - Resolving type for handle ctpatternfill7452type
22:26:31.577 [main] TRACE - Resolving type for handle stpatterntype7939type
22:26:31.579 [main] TRACE - Resolving type for handle ctborderf935type
22:26:31.585 [main] TRACE - Resolving type for handle ctborderpre497type
22:26:31.594 [main] TRACE - Resolving type for handle ctxf97f7type
22:26:31.598 [main] TRACE - Resolving type for handle stnumfmtid76fbtype
22:26:31.601 [main] TRACE - Resolving type for handle stfontid9d63type
22:26:31.603 [main] TRACE - Resolving type for handle stfillida097type
22:26:31.605 [main] TRACE - Resolving type for handle stborderid1a80type
22:26:31.606 [main] TRACE - Resolving type for handle stcellstylexfid70c7type
22:26:31.612 [main] TRACE - Resolving type for handle ctsheet4dbetype
22:26:31.625 [main] TRACE - Resolving type for handle ctworksheet530dtype
22:26:31.637 [main] TRACE - Resolving type for handle ctsheetformatprdef7type
22:26:31.645 [main] TRACE - Resolving type for handle ctsheetviewsb918type
22:26:31.654 [main] TRACE - Resolving type for handle ctsheetview0f43type
22:26:31.665 [main] TRACE - Resolving type for handle ctsheetdimensiond310type
22:26:31.669 [main] TRACE - Resolving type for handle stref90a2type
22:26:31.671 [main] TRACE - Resolving type for handle ctsheetdata8408type
22:26:31.672 [main] TRACE - Resolving type for handle ctpagemargins5455type
22:26:31.677 [main] TRACE - Resolving type for handle ctcols627ctype
22:26:31.681 [main] TRACE - Resolving type for handle strelationshipid1e94type
22:26:31.686 [main] TRACE - Resolving type for handle ctrowdd39type
22:26:31.694 [main] TRACE - Resolving type for handle ctcell842btype
22:26:31.707 [main] TRACE - Resolving type for handle stcellrefe4e0type
22:26:31.710 [main] TRACE - Resolving type for handle ctrsta472type
22:26:31.714 [main] TRACE - Resolving type for handle stcelltypebf95type
22:26:32.243 [main] TRACE - Resolving type for handle ctnumfmtsb58btype
22:26:32.247 [main] TRACE - Resolving type for handle ctfonts6623type
22:26:32.251 [main] TRACE - Resolving type for handle ctfills2c6ftype
22:26:32.255 [main] TRACE - Resolving type for handle ctborders0d66type
22:26:32.257 [main] TRACE - Resolving type for handle ctcellxfs1322type
22:26:32.259 [main] TRACE - Resolving type for handle ctcellstylexfsa81ftype
22:26:32.285 [main] DEBUG - Save core properties part
22:26:32.286 [main] DEBUG - Save content types part
22:26:32.419 [main] DEBUG - Save package relationships
22:26:32.440 [main] DEBUG - Save part 'docProps/app.xml'
22:26:32.455 [main] DEBUG - Save part 'docProps/core.xml'
22:26:32.468 [main] DEBUG - Save part 'xl/sharedStrings.xml'
22:26:32.469 [main] DEBUG - Save part 'xl/styles.xml'
22:26:32.469 [main] DEBUG - Save part 'xl/workbook.xml'
22:26:32.472 [main] DEBUG - Save part 'xl/worksheets/sheet1.xml'
22:26:32.492 [main] DEBUG - Save content types part
22:26:32.495 [main] DEBUG - Save package relationships
22:26:32.499 [main] DEBUG - Save part 'docProps/app.xml'
22:26:32.500 [main] DEBUG - Save part 'docProps/core.xml'
22:26:32.503 [main] DEBUG - Save part 'xl/sharedStrings.xml'
22:26:32.504 [main] DEBUG - Save part 'xl/styles.xml'
22:26:32.505 [main] DEBUG - Save part 'xl/workbook.xml'
22:26:32.507 [main] DEBUG - Save part 'xl/worksheets/sheet1.xml'
22:27:14.964 [main] DEBUG - Parsing relationship: /xl/_rels/workbook.xml.rels
22:27:14.967 [main] DEBUG - Parsing relationship: /_rels/.rels
22:27:15.042 [main] TRACE - Resolving type for handle workbookec17doctype
22:27:15.049 [main] TRACE - Resolving type for handle worksheetf539doctype
22:27:15.701 [main] DEBUG - Save content types part
22:27:15.704 [main] DEBUG - Save package relationships
22:27:15.706 [main] DEBUG - Save part 'docProps/app.xml'
22:27:15.706 [main] DEBUG - Save part 'docProps/core.xml'
22:27:15.709 [main] DEBUG - Save part 'xl/sharedStrings.xml'
22:27:15.709 [main] DEBUG - Save part 'xl/styles.xml'
22:27:15.709 [main] DEBUG - Save part 'xl/workbook.xml'
22:27:15.711 [main] DEBUG - Save part 'xl/worksheets/sheet1.xml'
22:27:15.712 [main] DEBUG - Save part 'xl/worksheets/sheet2.xml'
22:29:19.256 [main] TRACE - Loading type system org.apache.poi.schemas.ooxml.system.ooxml
22:29:19.264 [main] TRACE - Loading type system org.apache.xmlbeans.metadata.system.sXMLCONFIG
22:29:19.264 [main] TRACE - Loading type system org.apache.xmlbeans.metadata.system.sXMLLANG
22:29:19.265 [main] TRACE - Loading type system org.apache.xmlbeans.metadata.system.sXMLSCHEMA
22:29:19.266 [main] TRACE - Loading type system org.apache.xmlbeans.metadata.system.sXMLTOOLS
22:29:19.267 [main] TRACE - Reading unresolved handles for type system org.apache.xmlbeans.metadata.system.sXMLTOOLS
22:29:19.287 [main] TRACE - Finished loading type system org.apache.xmlbeans.metadata.system.sXMLTOOLS
22:29:19.289 [main] TRACE - Reading unresolved handles for type system org.apache.xmlbeans.metadata.system.sXMLSCHEMA
22:29:19.296 [main] TRACE - Finished loading type system org.apache.xmlbeans.metadata.system.sXMLSCHEMA
22:29:19.299 [main] TRACE - Reading unresolved handles for type system org.apache.xmlbeans.metadata.system.sXMLLANG
22:29:19.301 [main] TRACE - Finished loading type system org.apache.xmlbeans.metadata.system.sXMLLANG
22:29:19.303 [main] TRACE - Reading unresolved handles for type system org.apache.xmlbeans.metadata.system.sXMLCONFIG
22:29:19.304 [main] TRACE - Finished loading type system org.apache.xmlbeans.metadata.system.sXMLCONFIG
22:29:19.306 [main] TRACE - Reading unresolved handles for type system org.apache.poi.schemas.ooxml.system.ooxml
22:29:19.368 [main] TRACE - Finished loading type system org.apache.poi.schemas.ooxml.system.ooxml
22:29:19.369 [main] TRACE - Resolving type for handle ctworkbook83c3type
22:29:19.440 [main] TRACE - Resolving type for handle ctworkbookpr03a5type
22:29:19.451 [main] TRACE - Resolving type for handle ctbookviewsb864type
22:29:19.453 [main] TRACE - Resolving type for handle ctbookviewf677type
22:29:19.463 [main] TRACE - Resolving type for handle ctsheets49fdtype
22:29:19.467 [main] TRACE - Resolving type for handle propertiesee84doctype
22:29:19.469 [main] TRACE - Resolving type for handle ctproperties3f10type
22:29:19.485 [main] TRACE - Resolving type for handle properties288cdoctype
22:29:19.487 [main] TRACE - Resolving type for handle ctproperties2c18type
22:29:19.497 [main] TRACE - Resolving type for handle sstf81fdoctype
22:29:19.500 [main] TRACE - Resolving type for handle ctsst44f3type
22:29:19.508 [main] TRACE - Resolving type for handle stylesheet5d8bdoctype
22:29:19.510 [main] TRACE - Resolving type for handle ctstylesheet4257type
22:29:19.515 [main] TRACE - Resolving type for handle ctfont14d8type
22:29:19.523 [main] TRACE - Resolving type for handle ctfontsizeb3b9type
22:29:19.535 [main] TRACE - Resolving type for handle ctcolord2c2type
22:29:19.539 [main] TRACE - Resolving type for handle ctfontname2dc3type
22:29:19.541 [main] TRACE - Resolving type for handle stxstringf179type
22:29:19.549 [main] TRACE - Resolving type for handle ctfontfamily685ctype
22:29:19.554 [main] TRACE - Resolving type for handle stfontfamily9c6ctype
22:29:19.560 [main] TRACE - Resolving type for handle ctfontschemebf5dtype
22:29:19.565 [main] TRACE - Resolving type for handle stfontschemef36dtype
22:29:19.575 [main] TRACE - Resolving type for handle ctfill550ctype
22:29:19.579 [main] TRACE - Resolving type for handle ctpatternfill7452type
22:29:19.586 [main] TRACE - Resolving type for handle stpatterntype7939type
22:29:19.590 [main] TRACE - Resolving type for handle ctborderf935type
22:29:19.593 [main] TRACE - Resolving type for handle ctborderpre497type
22:29:19.609 [main] TRACE - Resolving type for handle ctxf97f7type
22:29:19.624 [main] TRACE - Resolving type for handle stnumfmtid76fbtype
22:29:19.627 [main] TRACE - Resolving type for handle stfontid9d63type
22:29:19.632 [main] TRACE - Resolving type for handle stfillida097type
22:29:19.635 [main] TRACE - Resolving type for handle stborderid1a80type
22:29:19.637 [main] TRACE - Resolving type for handle stcellstylexfid70c7type
22:29:19.647 [main] TRACE - Resolving type for handle ctsheet4dbetype
22:29:19.655 [main] TRACE - Resolving type for handle ctworksheet530dtype
22:29:19.669 [main] TRACE - Resolving type for handle ctsheetformatprdef7type
22:29:19.676 [main] TRACE - Resolving type for handle ctsheetviewsb918type
22:29:19.689 [main] TRACE - Resolving type for handle ctsheetview0f43type
22:29:19.715 [main] TRACE - Resolving type for handle ctsheetdimensiond310type
22:29:19.718 [main] TRACE - Resolving type for handle stref90a2type
22:29:19.720 [main] TRACE - Resolving type for handle ctsheetdata8408type
22:29:19.726 [main] TRACE - Resolving type for handle ctpagemargins5455type
22:29:19.744 [main] TRACE - Resolving type for handle ctcols627ctype
22:29:19.750 [main] TRACE - Resolving type for handle strelationshipid1e94type
22:29:19.752 [main] TRACE - Resolving type for handle ctrowdd39type
22:29:19.786 [main] TRACE - Resolving type for handle ctcell842btype
22:29:19.800 [main] TRACE - Resolving type for handle stcellrefe4e0type
22:29:19.804 [main] TRACE - Resolving type for handle ctrsta472type
22:29:19.806 [main] TRACE - Resolving type for handle stcelltypebf95type
22:29:20.266 [main] TRACE - Resolving type for handle ctnumfmtsb58btype
22:29:20.268 [main] TRACE - Resolving type for handle ctfonts6623type
22:29:20.271 [main] TRACE - Resolving type for handle ctfills2c6ftype
22:29:20.273 [main] TRACE - Resolving type for handle ctborders0d66type
22:29:20.280 [main] TRACE - Resolving type for handle ctcellxfs1322type
22:29:20.282 [main] TRACE - Resolving type for handle ctcellstylexfsa81ftype
22:29:20.304 [main] DEBUG - Save core properties part
22:29:20.304 [main] DEBUG - Save content types part
22:29:20.439 [main] DEBUG - Save package relationships
22:29:20.461 [main] DEBUG - Save part 'docProps/app.xml'
22:29:20.476 [main] DEBUG - Save part 'docProps/core.xml'
22:29:20.486 [main] DEBUG - Save part 'xl/sharedStrings.xml'
22:29:20.487 [main] DEBUG - Save part 'xl/styles.xml'
22:29:20.487 [main] DEBUG - Save part 'xl/workbook.xml'
22:29:20.489 [main] DEBUG - Save part 'xl/worksheets/sheet1.xml'
22:29:20.493 [main] DEBUG - Save content types part
22:29:20.495 [main] DEBUG - Save package relationships
22:29:20.497 [main] DEBUG - Save part 'docProps/app.xml'
22:29:20.497 [main] DEBUG - Save part 'docProps/core.xml'
22:29:20.499 [main] DEBUG - Save part 'xl/sharedStrings.xml'
22:29:20.499 [main] DEBUG - Save part 'xl/styles.xml'
22:29:20.500 [main] DEBUG - Save part 'xl/workbook.xml'
22:29:20.501 [main] DEBUG - Save part 'xl/worksheets/sheet1.xml'
22:30:01.539 [main] DEBUG - Parsing relationship: /xl/_rels/workbook.xml.rels
22:30:01.540 [main] DEBUG - Parsing relationship: /_rels/.rels
22:30:01.586 [main] TRACE - Resolving type for handle workbookec17doctype
22:30:01.590 [main] TRACE - Resolving type for handle worksheetf539doctype
22:30:02.133 [main] DEBUG - Save content types part
22:30:02.135 [main] DEBUG - Save package relationships
22:30:02.136 [main] DEBUG - Save part 'docProps/app.xml'
22:30:02.136 [main] DEBUG - Save part 'docProps/core.xml'
22:30:02.137 [main] DEBUG - Save part 'xl/sharedStrings.xml'
22:30:02.138 [main] DEBUG - Save part 'xl/styles.xml'
22:30:02.138 [main] DEBUG - Save part 'xl/workbook.xml'
22:30:02.139 [main] DEBUG - Save part 'xl/worksheets/sheet1.xml'
22:30:02.139 [main] DEBUG - Save part 'xl/worksheets/sheet2.xml'
22:46:58.121 [main] DEBUG - Parsing relationship: /xl/_rels/workbook.xml.rels
22:46:58.136 [main] DEBUG - Parsing relationship: /_rels/.rels
22:46:58.709 [main] TRACE - Loading type system org.apache.poi.schemas.ooxml.system.ooxml
22:46:58.715 [main] TRACE - Loading type system org.apache.xmlbeans.metadata.system.sXMLCONFIG
22:46:58.716 [main] TRACE - Loading type system org.apache.xmlbeans.metadata.system.sXMLLANG
22:46:58.717 [main] TRACE - Loading type system org.apache.xmlbeans.metadata.system.sXMLSCHEMA
22:46:58.719 [main] TRACE - Loading type system org.apache.xmlbeans.metadata.system.sXMLTOOLS
22:46:58.722 [main] TRACE - Reading unresolved handles for type system org.apache.xmlbeans.metadata.system.sXMLTOOLS
22:46:58.752 [main] TRACE - Finished loading type system org.apache.xmlbeans.metadata.system.sXMLTOOLS
22:46:58.754 [main] TRACE - Reading unresolved handles for type system org.apache.xmlbeans.metadata.system.sXMLSCHEMA
22:46:58.765 [main] TRACE - Finished loading type system org.apache.xmlbeans.metadata.system.sXMLSCHEMA
22:46:58.767 [main] TRACE - Reading unresolved handles for type system org.apache.xmlbeans.metadata.system.sXMLLANG
22:46:58.769 [main] TRACE - Finished loading type system org.apache.xmlbeans.metadata.system.sXMLLANG
22:46:58.772 [main] TRACE - Reading unresolved handles for type system org.apache.xmlbeans.metadata.system.sXMLCONFIG
22:46:58.774 [main] TRACE - Finished loading type system org.apache.xmlbeans.metadata.system.sXMLCONFIG
22:46:58.775 [main] TRACE - Reading unresolved handles for type system org.apache.poi.schemas.ooxml.system.ooxml
22:46:58.887 [main] TRACE - Finished loading type system org.apache.poi.schemas.ooxml.system.ooxml
22:46:58.888 [main] TRACE - Resolving type for handle sstf81fdoctype
22:46:59.008 [main] TRACE - Resolving type for handle ctsst44f3type
22:46:59.028 [main] TRACE - Resolving type for handle ctrsta472type
22:46:59.077 [main] TRACE - Resolving type for handle stylesheet5d8bdoctype
22:46:59.089 [main] TRACE - Resolving type for handle ctstylesheet4257type
22:46:59.105 [main] TRACE - Resolving type for handle ctnumfmtsb58btype
22:46:59.109 [main] TRACE - Resolving type for handle ctfonts6623type
22:46:59.114 [main] TRACE - Resolving type for handle ctfont14d8type
22:46:59.151 [main] TRACE - Resolving type for handle ctfills2c6ftype
22:46:59.156 [main] TRACE - Resolving type for handle ctfill550ctype
22:46:59.160 [main] TRACE - Resolving type for handle ctborders0d66type
22:46:59.165 [main] TRACE - Resolving type for handle ctborderf935type
22:46:59.176 [main] TRACE - Resolving type for handle ctcellxfs1322type
22:46:59.181 [main] TRACE - Resolving type for handle ctxf97f7type
22:46:59.192 [main] TRACE - Resolving type for handle ctcellstylexfsa81ftype
22:46:59.211 [main] TRACE - Resolving type for handle workbookec17doctype
22:46:59.219 [main] TRACE - Resolving type for handle ctworkbook83c3type
22:46:59.230 [main] TRACE - Resolving type for handle ctsheets49fdtype
22:46:59.237 [main] TRACE - Resolving type for handle ctsheet4dbetype
22:46:59.242 [main] TRACE - Resolving type for handle strelationshipid1e94type
22:46:59.246 [main] TRACE - Resolving type for handle worksheetf539doctype
22:46:59.265 [main] TRACE - Resolving type for handle ctworksheet530dtype
22:46:59.276 [main] TRACE - Resolving type for handle ctsheetdata8408type
22:46:59.285 [main] TRACE - Resolving type for handle ctrowdd39type
22:46:59.307 [main] TRACE - Resolving type for handle ctcell842btype
22:46:59.337 [main] TRACE - Resolving type for handle stcellrefe4e0type
22:46:59.353 [main] TRACE - Resolving type for handle ctcols627ctype
22:46:59.402 [main] TRACE - Resolving type for handle stxstringf179type
22:46:59.416 [main] TRACE - Resolving type for handle stcelltypebf95type
22:47:00.314 [main] TRACE - Resolving type for handle stcellstylexfid70c7type
22:47:00.321 [main] TRACE - Resolving type for handle ctsheetdimensiond310type
22:47:00.324 [main] TRACE - Resolving type for handle stref90a2type
22:47:00.343 [main] TRACE - Resolving type for handle propertiesee84doctype
22:47:00.348 [main] TRACE - Resolving type for handle ctproperties3f10type
22:47:00.357 [main] TRACE - Resolving type for handle properties288cdoctype
22:47:00.360 [main] TRACE - Resolving type for handle ctproperties2c18type
22:47:00.386 [main] DEBUG - Save content types part
22:47:00.592 [main] DEBUG - Save package relationships
22:47:00.605 [main] DEBUG - Save part 'docProps/app.xml'
22:47:00.608 [main] DEBUG - Save part 'docProps/core.xml'
22:47:00.613 [main] DEBUG - Save part 'xl/sharedStrings.xml'
22:47:00.613 [main] DEBUG - Save part 'xl/styles.xml'
22:47:00.614 [main] DEBUG - Save part 'xl/workbook.xml'
22:47:00.617 [main] DEBUG - Save part 'xl/worksheets/sheet1.xml'
22:47:00.618 [main] DEBUG - Save part 'xl/worksheets/sheet2.xml'
22:57:09.268 [main] DEBUG - Parsing relationship: /xl/_rels/workbook.xml.rels
22:57:09.288 [main] DEBUG - Parsing relationship: /_rels/.rels
22:57:09.716 [main] TRACE - Loading type system org.apache.poi.schemas.ooxml.system.ooxml
22:57:09.725 [main] TRACE - Loading type system org.apache.xmlbeans.metadata.system.sXMLCONFIG
22:57:09.728 [main] TRACE - Loading type system org.apache.xmlbeans.metadata.system.sXMLLANG
22:57:09.730 [main] TRACE - Loading type system org.apache.xmlbeans.metadata.system.sXMLSCHEMA
22:57:09.736 [main] TRACE - Loading type system org.apache.xmlbeans.metadata.system.sXMLTOOLS
22:57:09.747 [main] TRACE - Reading unresolved handles for type system org.apache.xmlbeans.metadata.system.sXMLTOOLS
22:57:09.816 [main] TRACE - Finished loading type system org.apache.xmlbeans.metadata.system.sXMLTOOLS
22:57:09.823 [main] TRACE - Reading unresolved handles for type system org.apache.xmlbeans.metadata.system.sXMLSCHEMA
22:57:09.835 [main] TRACE - Finished loading type system org.apache.xmlbeans.metadata.system.sXMLSCHEMA
22:57:09.844 [main] TRACE - Reading unresolved handles for type system org.apache.xmlbeans.metadata.system.sXMLLANG
22:57:09.850 [main] TRACE - Finished loading type system org.apache.xmlbeans.metadata.system.sXMLLANG
22:57:09.853 [main] TRACE - Reading unresolved handles for type system org.apache.xmlbeans.metadata.system.sXMLCONFIG
22:57:09.854 [main] TRACE - Finished loading type system org.apache.xmlbeans.metadata.system.sXMLCONFIG
22:57:09.856 [main] TRACE - Reading unresolved handles for type system org.apache.poi.schemas.ooxml.system.ooxml
22:57:09.974 [main] TRACE - Finished loading type system org.apache.poi.schemas.ooxml.system.ooxml
