00:46:11.369 [main] TRACE - Resolving type for handle ctfontfamily685ctype
00:46:11.393 [main] TRACE - Resolving type for handle stfontfamily9c6ctype
00:46:11.397 [main] TRACE - Resolving type for handle ctfontschemebf5dtype
00:46:11.408 [main] TRACE - Resolving type for handle stfontschemef36dtype
00:46:11.425 [main] TRACE - Resolving type for handle ctfill550ctype
00:46:11.427 [main] TRACE - Resolving type for handle ctpatternfill7452type
00:46:11.433 [main] TRACE - Resolving type for handle stpatterntype7939type
00:46:11.439 [main] TRACE - Resolving type for handle ctborderf935type
00:46:11.445 [main] TRACE - Resolving type for handle ctborderpre497type
00:46:11.461 [main] TRACE - Resolving type for handle ctxf97f7type
00:46:11.474 [main] TRACE - Resolving type for handle stnumfmtid76fbtype
00:46:11.476 [main] TRACE - Resolving type for handle stfontid9d63type
00:46:11.478 [main] TRACE - Resolving type for handle stfillida097type
00:46:11.479 [main] TRACE - Resolving type for handle stborderid1a80type
00:46:11.483 [main] TRACE - Resolving type for handle stcellstylexfid70c7type
00:46:11.498 [main] TRACE - Resolving type for handle ctsheet4dbetype
00:46:11.505 [main] TRACE - Resolving type for handle ctworksheet530dtype
00:46:11.540 [main] TRACE - Resolving type for handle ctsheetformatprdef7type
00:46:11.551 [main] TRACE - Resolving type for handle ctsheetviewsb918type
00:46:11.561 [main] TRACE - Resolving type for handle ctsheetview0f43type
00:46:11.593 [main] TRACE - Resolving type for handle ctsheetdimensiond310type
00:46:11.597 [main] TRACE - Resolving type for handle stref90a2type
00:46:11.600 [main] TRACE - Resolving type for handle ctsheetdata8408type
00:46:11.605 [main] TRACE - Resolving type for handle ctpagemargins5455type
00:46:11.624 [main] TRACE - Resolving type for handle ctcols627ctype
00:46:11.631 [main] TRACE - Resolving type for handle strelationshipid1e94type
00:46:11.633 [main] TRACE - Resolving type for handle ctrowdd39type
00:46:11.645 [main] TRACE - Resolving type for handle ctcell842btype
00:46:11.692 [main] TRACE - Resolving type for handle stcellrefe4e0type
00:46:11.703 [main] TRACE - Resolving type for handle ctrsta472type
00:46:11.710 [main] TRACE - Resolving type for handle stcelltypebf95type
00:46:12.458 [main] TRACE - Resolving type for handle ctnumfmtsb58btype
00:46:12.461 [main] TRACE - Resolving type for handle ctfonts6623type
00:46:12.465 [main] TRACE - Resolving type for handle ctfills2c6ftype
00:46:12.470 [main] TRACE - Resolving type for handle ctborders0d66type
00:46:12.476 [main] TRACE - Resolving type for handle ctcellxfs1322type
00:46:12.478 [main] TRACE - Resolving type for handle ctcellstylexfsa81ftype
00:46:12.509 [main] DEBUG - Save core properties part
00:46:12.509 [main] DEBUG - Save content types part
00:46:12.659 [main] DEBUG - Save package relationships
00:46:12.683 [main] DEBUG - Save part 'docProps/app.xml'
00:46:12.698 [main] DEBUG - Save part 'docProps/core.xml'
00:46:12.715 [main] DEBUG - Save part 'xl/sharedStrings.xml'
00:46:12.717 [main] DEBUG - Save part 'xl/styles.xml'
00:46:12.717 [main] DEBUG - Save part 'xl/workbook.xml'
00:46:12.720 [main] DEBUG - Save part 'xl/worksheets/sheet1.xml'
00:46:12.737 [main] DEBUG - Save content types part
00:46:12.739 [main] DEBUG - Save package relationships
00:46:12.744 [main] DEBUG - Save part 'docProps/app.xml'
00:46:12.744 [main] DEBUG - Save part 'docProps/core.xml'
00:46:12.746 [main] DEBUG - Save part 'xl/sharedStrings.xml'
00:46:12.747 [main] DEBUG - Save part 'xl/styles.xml'
00:46:12.747 [main] DEBUG - Save part 'xl/workbook.xml'
00:46:12.751 [main] DEBUG - Save part 'xl/worksheets/sheet1.xml'
00:46:15.096 [main] INFO  - ***Screenshot of Car washing services taken successfully***
00:46:15.097 [main] INFO  - <------Car Washing services Test Scenario Execution ended successfully------>
00:46:26.266 [main] INFO  - <------FreeListing Test Scenario Execution Started succesfully------>
00:46:28.172 [main] INFO  - FreeListing is launched
00:46:33.073 [main] INFO  - Wrong Detail is entered and Start Now button is clicked
00:46:35.464 [main] INFO  - Invalid message is printed
00:46:37.968 [main] INFO  - *****Window navigated back successfully*****
00:46:37.970 [main] INFO  - <------FreeListing Test Scenario Execution Started succesfully------>
00:46:49.265 [main] INFO  - <------Gym Test Scenario Execution Started succesfully------>
00:46:52.648 [main] INFO  - Gym section under fitness is clicked
00:46:56.219 [main] DEBUG - Parsing relationship: /xl/_rels/workbook.xml.rels
00:46:56.222 [main] DEBUG - Parsing relationship: /_rels/.rels
00:46:56.286 [main] TRACE - Resolving type for handle workbookec17doctype
00:46:56.298 [main] TRACE - Resolving type for handle worksheetf539doctype
00:46:57.210 [main] DEBUG - Save content types part
00:46:57.211 [main] DEBUG - Save package relationships
00:46:57.212 [main] DEBUG - Save part 'docProps/app.xml'
00:46:57.213 [main] DEBUG - Save part 'docProps/core.xml'
00:46:57.214 [main] DEBUG - Save part 'xl/sharedStrings.xml'
00:46:57.214 [main] DEBUG - Save part 'xl/styles.xml'
00:46:57.215 [main] DEBUG - Save part 'xl/workbook.xml'
00:46:57.216 [main] DEBUG - Save part 'xl/worksheets/sheet1.xml'
00:46:57.216 [main] DEBUG - Save part 'xl/worksheets/sheet2.xml'
00:46:57.218 [main] INFO  - *****Sub-menu Items of Gyms are printed*****
00:46:57.763 [main] INFO  - ***Screenshot of Gym sub-Menu items taken successfully***
00:46:57.763 [main] INFO  - <------Gym Test Scenario Execution Ended succesfully------>
09:28:33.422 [main] INFO  - <------Car Washing services Test Scenario Execution Started------>
09:28:33.619 [main] INFO  - Justdial logo is verified successfully
09:28:39.460 [main] INFO  - Popup Handled succesfully
09:28:42.018 [main] INFO  - Current location is selected
09:28:48.970 [main] INFO  - Searched Car washing services are visible on screen
09:29:06.761 [main] INFO  - 4.0+ rating filter is applied after clicking on rating filter under AllFilters tag
09:29:07.092 [main] INFO  - *****Car Washing services name and rating is printed on console and excel*****
09:29:18.153 [main] TRACE - Loading type system org.apache.poi.schemas.ooxml.system.ooxml
09:29:18.156 [main] TRACE - Loading type system org.apache.xmlbeans.metadata.system.sXMLCONFIG
09:29:18.157 [main] TRACE - Loading type system org.apache.xmlbeans.metadata.system.sXMLLANG
09:29:18.157 [main] TRACE - Loading type system org.apache.xmlbeans.metadata.system.sXMLSCHEMA
09:29:18.158 [main] TRACE - Loading type system org.apache.xmlbeans.metadata.system.sXMLTOOLS
09:29:18.159 [main] TRACE - Reading unresolved handles for type system org.apache.xmlbeans.metadata.system.sXMLTOOLS
09:29:18.179 [main] TRACE - Finished loading type system org.apache.xmlbeans.metadata.system.sXMLTOOLS
09:29:18.181 [main] TRACE - Reading unresolved handles for type system org.apache.xmlbeans.metadata.system.sXMLSCHEMA
09:29:18.185 [main] TRACE - Finished loading type system org.apache.xmlbeans.metadata.system.sXMLSCHEMA
09:29:18.189 [main] TRACE - Reading unresolved handles for type system org.apache.xmlbeans.metadata.system.sXMLLANG
09:29:18.192 [main] TRACE - Finished loading type system org.apache.xmlbeans.metadata.system.sXMLLANG
09:29:18.195 [main] TRACE - Reading unresolved handles for type system org.apache.xmlbeans.metadata.system.sXMLCONFIG
09:29:18.198 [main] TRACE - Finished loading type system org.apache.xmlbeans.metadata.system.sXMLCONFIG
09:29:18.203 [main] TRACE - Reading unresolved handles for type system org.apache.poi.schemas.ooxml.system.ooxml
09:29:18.249 [main] TRACE - Finished loading type system org.apache.poi.schemas.ooxml.system.ooxml
09:29:18.251 [main] TRACE - Resolving type for handle ctworkbook83c3type
09:29:18.310 [main] TRACE - Resolving type for handle ctworkbookpr03a5type
09:29:18.322 [main] TRACE - Resolving type for handle ctbookviewsb864type
09:29:18.325 [main] TRACE - Resolving type for handle ctbookviewf677type
09:29:18.333 [main] TRACE - Resolving type for handle ctsheets49fdtype
09:29:18.337 [main] TRACE - Resolving type for handle propertiesee84doctype
09:29:18.339 [main] TRACE - Resolving type for handle ctproperties3f10type
09:29:18.347 [main] TRACE - Resolving type for handle properties288cdoctype
09:29:18.350 [main] TRACE - Resolving type for handle ctproperties2c18type
09:29:18.355 [main] TRACE - Resolving type for handle sstf81fdoctype
09:29:18.357 [main] TRACE - Resolving type for handle ctsst44f3type
09:29:18.364 [main] TRACE - Resolving type for handle stylesheet5d8bdoctype
09:29:18.366 [main] TRACE - Resolving type for handle ctstylesheet4257type
09:29:18.374 [main] TRACE - Resolving type for handle ctfont14d8type
09:29:18.384 [main] TRACE - Resolving type for handle ctfontsizeb3b9type
09:29:18.390 [main] TRACE - Resolving type for handle ctcolord2c2type
09:29:18.394 [main] TRACE - Resolving type for handle ctfontname2dc3type
09:29:18.398 [main] TRACE - Resolving type for handle stxstringf179type
09:29:18.403 [main] TRACE - Resolving type for handle ctfontfamily685ctype
09:29:18.406 [main] TRACE - Resolving type for handle stfontfamily9c6ctype
09:29:18.409 [main] TRACE - Resolving type for handle ctfontschemebf5dtype
09:29:18.413 [main] TRACE - Resolving type for handle stfontschemef36dtype
09:29:18.419 [main] TRACE - Resolving type for handle ctfill550ctype
09:29:18.421 [main] TRACE - Resolving type for handle ctpatternfill7452type
09:29:18.424 [main] TRACE - Resolving type for handle stpatterntype7939type
09:29:18.427 [main] TRACE - Resolving type for handle ctborderf935type
09:29:18.430 [main] TRACE - Resolving type for handle ctborderpre497type
09:29:18.436 [main] TRACE - Resolving type for handle ctxf97f7type
09:29:18.438 [main] TRACE - Resolving type for handle stnumfmtid76fbtype
09:29:18.440 [main] TRACE - Resolving type for handle stfontid9d63type
09:29:18.442 [main] TRACE - Resolving type for handle stfillida097type
09:29:18.444 [main] TRACE - Resolving type for handle stborderid1a80type
09:29:18.447 [main] TRACE - Resolving type for handle stcellstylexfid70c7type
09:29:18.452 [main] TRACE - Resolving type for handle ctsheet4dbetype
09:29:18.457 [main] TRACE - Resolving type for handle ctworksheet530dtype
09:29:18.463 [main] TRACE - Resolving type for handle ctsheetformatprdef7type
09:29:18.468 [main] TRACE - Resolving type for handle ctsheetviewsb918type
09:29:18.472 [main] TRACE - Resolving type for handle ctsheetview0f43type
09:29:18.483 [main] TRACE - Resolving type for handle ctsheetdimensiond310type
09:29:18.484 [main] TRACE - Resolving type for handle stref90a2type
09:29:18.486 [main] TRACE - Resolving type for handle ctsheetdata8408type
09:29:18.489 [main] TRACE - Resolving type for handle ctpagemargins5455type
09:29:18.492 [main] TRACE - Resolving type for handle ctcols627ctype
09:29:18.496 [main] TRACE - Resolving type for handle strelationshipid1e94type
09:29:18.499 [main] TRACE - Resolving type for handle ctrowdd39type
09:29:18.506 [main] TRACE - Resolving type for handle ctcell842btype
09:29:18.514 [main] TRACE - Resolving type for handle stcellrefe4e0type
09:29:18.517 [main] TRACE - Resolving type for handle ctrsta472type
09:29:18.521 [main] TRACE - Resolving type for handle stcelltypebf95type
09:29:19.336 [main] TRACE - Resolving type for handle ctnumfmtsb58btype
09:29:19.339 [main] TRACE - Resolving type for handle ctfonts6623type
09:29:19.342 [main] TRACE - Resolving type for handle ctfills2c6ftype
09:29:19.345 [main] TRACE - Resolving type for handle ctborders0d66type
09:29:19.349 [main] TRACE - Resolving type for handle ctcellxfs1322type
09:29:19.350 [main] TRACE - Resolving type for handle ctcellstylexfsa81ftype
09:29:19.370 [main] DEBUG - Save core properties part
09:29:19.370 [main] DEBUG - Save content types part
09:29:19.468 [main] DEBUG - Save package relationships
09:29:19.476 [main] DEBUG - Save part 'docProps/app.xml'
09:29:19.482 [main] DEBUG - Save part 'docProps/core.xml'
09:29:19.488 [main] DEBUG - Save part 'xl/sharedStrings.xml'
09:29:19.488 [main] DEBUG - Save part 'xl/styles.xml'
09:29:19.488 [main] DEBUG - Save part 'xl/workbook.xml'
09:29:19.489 [main] DEBUG - Save part 'xl/worksheets/sheet1.xml'
09:29:19.493 [main] DEBUG - Save content types part
09:29:19.494 [main] DEBUG - Save package relationships
09:29:19.496 [main] DEBUG - Save part 'docProps/app.xml'
09:29:19.497 [main] DEBUG - Save part 'docProps/core.xml'
09:29:19.500 [main] DEBUG - Save part 'xl/sharedStrings.xml'
09:29:19.500 [main] DEBUG - Save part 'xl/styles.xml'
09:29:19.500 [main] DEBUG - Save part 'xl/workbook.xml'
09:29:19.502 [main] DEBUG - Save part 'xl/worksheets/sheet1.xml'
09:29:21.856 [main] INFO  - ***Screenshot of Car washing services taken successfully***
09:29:21.856 [main] INFO  - <------Car Washing services Test Scenario Execution ended successfully------>
09:29:48.888 [main] INFO  - <------FreeListing Test Scenario Execution Started succesfully------>
09:29:50.025 [main] INFO  - FreeListing is launched
09:29:54.619 [main] INFO  - Wrong Detail is entered and Start Now button is clicked
09:29:56.858 [main] INFO  - Invalid message is printed
09:29:58.258 [main] INFO  - *****Window navigated back successfully*****
09:29:58.258 [main] INFO  - <------FreeListing Test Scenario Execution Started succesfully------>
09:30:25.979 [main] INFO  - <------Gym Test Scenario Execution Started succesfully------>
09:30:29.097 [main] INFO  - Gym section under fitness is clicked
09:30:31.687 [main] DEBUG - Parsing relationship: /xl/_rels/workbook.xml.rels
09:30:31.688 [main] DEBUG - Parsing relationship: /_rels/.rels
09:30:31.715 [main] TRACE - Resolving type for handle workbookec17doctype
09:30:31.718 [main] TRACE - Resolving type for handle worksheetf539doctype
09:30:32.184 [main] DEBUG - Save content types part
09:30:32.185 [main] DEBUG - Save package relationships
09:30:32.186 [main] DEBUG - Save part 'docProps/app.xml'
09:30:32.186 [main] DEBUG - Save part 'docProps/core.xml'
09:30:32.187 [main] DEBUG - Save part 'xl/sharedStrings.xml'
09:30:32.187 [main] DEBUG - Save part 'xl/styles.xml'
09:30:32.187 [main] DEBUG - Save part 'xl/workbook.xml'
09:30:32.188 [main] DEBUG - Save part 'xl/worksheets/sheet1.xml'
09:30:32.188 [main] DEBUG - Save part 'xl/worksheets/sheet2.xml'
09:30:32.189 [main] INFO  - *****Sub-menu Items of Gyms are printed*****
09:30:32.484 [main] INFO  - ***Screenshot of Gym sub-Menu items taken successfully***
09:30:32.484 [main] INFO  - <------Gym Test Scenario Execution Ended succesfully------>
14:38:45.369 [main] INFO  - <------Car Washing services Test Scenario Execution Started------>
14:38:45.404 [main] INFO  - Justdial logo is verified successfully
14:38:59.115 [main] INFO  - Popup Handled succesfully
14:39:25.465 [main] INFO  - <------FreeListing Test Scenario Execution Started succesfully------>
14:39:43.288 [main] INFO  - <------Gym Test Scenario Execution Started succesfully------>
14:40:30.016 [main] INFO  - <------Car Washing services Test Scenario Execution Started------>
14:40:30.053 [main] INFO  - Justdial logo is verified successfully
14:41:23.274 [main] INFO  - <------Car Washing services Test Scenario Execution Started------>
14:41:23.326 [main] INFO  - Justdial logo is verified successfully
14:41:24.145 [main] INFO  - Popup Handled succesfully
14:41:26.657 [main] INFO  - Current location is selected
14:41:33.463 [main] INFO  - Searched Car washing services are visible on screen
14:42:01.154 [main] INFO  - 4.0+ rating filter is applied after clicking on rating filter under AllFilters tag
14:42:01.449 [main] INFO  - *****Car Washing services name and rating is printed on console and excel*****
14:42:10.447 [main] TRACE - Loading type system org.apache.poi.schemas.ooxml.system.ooxml
14:42:10.450 [main] TRACE - Loading type system org.apache.xmlbeans.metadata.system.sXMLCONFIG
14:42:10.450 [main] TRACE - Loading type system org.apache.xmlbeans.metadata.system.sXMLLANG
14:42:10.451 [main] TRACE - Loading type system org.apache.xmlbeans.metadata.system.sXMLSCHEMA
14:42:10.451 [main] TRACE - Loading type system org.apache.xmlbeans.metadata.system.sXMLTOOLS
14:42:10.452 [main] TRACE - Reading unresolved handles for type system org.apache.xmlbeans.metadata.system.sXMLTOOLS
14:42:10.464 [main] TRACE - Finished loading type system org.apache.xmlbeans.metadata.system.sXMLTOOLS
14:42:10.465 [main] TRACE - Reading unresolved handles for type system org.apache.xmlbeans.metadata.system.sXMLSCHEMA
14:42:10.468 [main] TRACE - Finished loading type system org.apache.xmlbeans.metadata.system.sXMLSCHEMA
14:42:10.469 [main] TRACE - Reading unresolved handles for type system org.apache.xmlbeans.metadata.system.sXMLLANG
14:42:10.469 [main] TRACE - Finished loading type system org.apache.xmlbeans.metadata.system.sXMLLANG
14:42:10.470 [main] TRACE - Reading unresolved handles for type system org.apache.xmlbeans.metadata.system.sXMLCONFIG
14:42:10.472 [main] TRACE - Finished loading type system org.apache.xmlbeans.metadata.system.sXMLCONFIG
14:42:10.473 [main] TRACE - Reading unresolved handles for type system org.apache.poi.schemas.ooxml.system.ooxml
14:42:10.502 [main] TRACE - Finished loading type system org.apache.poi.schemas.ooxml.system.ooxml
14:42:10.503 [main] TRACE - Resolving type for handle ctworkbook83c3type
14:42:10.552 [main] TRACE - Resolving type for handle ctworkbookpr03a5type
14:42:10.561 [main] TRACE - Resolving type for handle ctbookviewsb864type
14:42:10.564 [main] TRACE - Resolving type for handle ctbookviewf677type
14:42:10.568 [main] TRACE - Resolving type for handle ctsheets49fdtype
14:42:10.571 [main] TRACE - Resolving type for handle propertiesee84doctype
14:42:10.574 [main] TRACE - Resolving type for handle ctproperties3f10type
14:42:10.578 [main] TRACE - Resolving type for handle properties288cdoctype
14:42:10.580 [main] TRACE - Resolving type for handle ctproperties2c18type
14:42:10.584 [main] TRACE - Resolving type for handle sstf81fdoctype
14:42:10.586 [main] TRACE - Resolving type for handle ctsst44f3type
14:42:10.590 [main] TRACE - Resolving type for handle stylesheet5d8bdoctype
14:42:10.592 [main] TRACE - Resolving type for handle ctstylesheet4257type
14:42:10.597 [main] TRACE - Resolving type for handle ctfont14d8type
14:42:10.602 [main] TRACE - Resolving type for handle ctfontsizeb3b9type
14:42:10.608 [main] TRACE - Resolving type for handle ctcolord2c2type
14:42:10.611 [main] TRACE - Resolving type for handle ctfontname2dc3type
14:42:10.613 [main] TRACE - Resolving type for handle stxstringf179type
14:42:10.615 [main] TRACE - Resolving type for handle ctfontfamily685ctype
14:42:10.617 [main] TRACE - Resolving type for handle stfontfamily9c6ctype
14:42:10.621 [main] TRACE - Resolving type for handle ctfontschemebf5dtype
14:42:10.625 [main] TRACE - Resolving type for handle stfontschemef36dtype
14:42:10.630 [main] TRACE - Resolving type for handle ctfill550ctype
14:42:10.632 [main] TRACE - Resolving type for handle ctpatternfill7452type
14:42:10.635 [main] TRACE - Resolving type for handle stpatterntype7939type
14:42:10.641 [main] TRACE - Resolving type for handle ctborderf935type
14:42:10.645 [main] TRACE - Resolving type for handle ctborderpre497type
14:42:10.649 [main] TRACE - Resolving type for handle ctxf97f7type
14:42:10.652 [main] TRACE - Resolving type for handle stnumfmtid76fbtype
14:42:10.654 [main] TRACE - Resolving type for handle stfontid9d63type
14:42:10.657 [main] TRACE - Resolving type for handle stfillida097type
14:42:10.660 [main] TRACE - Resolving type for handle stborderid1a80type
14:42:10.662 [main] TRACE - Resolving type for handle stcellstylexfid70c7type
14:42:10.667 [main] TRACE - Resolving type for handle ctsheet4dbetype
14:42:10.673 [main] TRACE - Resolving type for handle ctworksheet530dtype
14:42:10.677 [main] TRACE - Resolving type for handle ctsheetformatprdef7type
14:42:10.681 [main] TRACE - Resolving type for handle ctsheetviewsb918type
14:42:10.683 [main] TRACE - Resolving type for handle ctsheetview0f43type
14:42:10.687 [main] TRACE - Resolving type for handle ctsheetdimensiond310type
14:42:10.689 [main] TRACE - Resolving type for handle stref90a2type
14:42:10.691 [main] TRACE - Resolving type for handle ctsheetdata8408type
14:42:10.693 [main] TRACE - Resolving type for handle ctpagemargins5455type
14:42:10.696 [main] TRACE - Resolving type for handle ctcols627ctype
14:42:10.699 [main] TRACE - Resolving type for handle strelationshipid1e94type
14:42:10.700 [main] TRACE - Resolving type for handle ctrowdd39type
14:42:10.706 [main] TRACE - Resolving type for handle ctcell842btype
14:42:10.712 [main] TRACE - Resolving type for handle stcellrefe4e0type
14:42:10.714 [main] TRACE - Resolving type for handle ctrsta472type
14:42:10.717 [main] TRACE - Resolving type for handle stcelltypebf95type
14:42:10.983 [main] TRACE - Resolving type for handle ctnumfmtsb58btype
14:42:10.987 [main] TRACE - Resolving type for handle ctfonts6623type
14:42:10.989 [main] TRACE - Resolving type for handle ctfills2c6ftype
14:42:10.991 [main] TRACE - Resolving type for handle ctborders0d66type
14:42:10.992 [main] TRACE - Resolving type for handle ctcellxfs1322type
14:42:10.994 [main] TRACE - Resolving type for handle ctcellstylexfsa81ftype
14:42:11.011 [main] DEBUG - Save core properties part
14:42:11.011 [main] DEBUG - Save content types part
14:42:11.078 [main] DEBUG - Save package relationships
14:42:11.088 [main] DEBUG - Save part 'docProps/app.xml'
14:42:11.092 [main] DEBUG - Save part 'docProps/core.xml'
14:42:11.097 [main] DEBUG - Save part 'xl/sharedStrings.xml'
14:42:11.097 [main] DEBUG - Save part 'xl/styles.xml'
14:42:11.097 [main] DEBUG - Save part 'xl/workbook.xml'
14:42:11.099 [main] DEBUG - Save part 'xl/worksheets/sheet1.xml'
14:42:11.101 [main] DEBUG - Save content types part
14:42:11.102 [main] DEBUG - Save package relationships
14:42:11.102 [main] DEBUG - Save part 'docProps/app.xml'
14:42:11.103 [main] DEBUG - Save part 'docProps/core.xml'
14:42:11.104 [main] DEBUG - Save part 'xl/sharedStrings.xml'
14:42:11.104 [main] DEBUG - Save part 'xl/styles.xml'
14:42:11.104 [main] DEBUG - Save part 'xl/workbook.xml'
14:42:11.105 [main] DEBUG - Save part 'xl/worksheets/sheet1.xml'
14:42:13.297 [main] INFO  - ***Screenshot of Car washing services taken successfully***
14:42:13.297 [main] INFO  - <------Car Washing services Test Scenario Execution ended successfully------>
14:42:29.103 [main] INFO  - <------FreeListing Test Scenario Execution Started succesfully------>
14:42:41.938 [main] INFO  - <------Gym Test Scenario Execution Started succesfully------>
14:42:45.026 [main] INFO  - Gym section under fitness is clicked
14:42:47.426 [main] DEBUG - Parsing relationship: /xl/_rels/workbook.xml.rels
14:42:47.427 [main] DEBUG - Parsing relationship: /_rels/.rels
14:42:47.458 [main] TRACE - Resolving type for handle workbookec17doctype
14:42:47.462 [main] TRACE - Resolving type for handle worksheetf539doctype
14:42:47.671 [main] DEBUG - Save content types part
14:42:47.672 [main] DEBUG - Save package relationships
14:42:47.672 [main] DEBUG - Save part 'docProps/app.xml'
14:42:47.673 [main] DEBUG - Save part 'docProps/core.xml'
14:42:47.673 [main] DEBUG - Save part 'xl/sharedStrings.xml'
14:42:47.673 [main] DEBUG - Save part 'xl/styles.xml'
14:42:47.674 [main] DEBUG - Save part 'xl/workbook.xml'
14:42:47.675 [main] DEBUG - Save part 'xl/worksheets/sheet1.xml'
14:42:47.675 [main] DEBUG - Save part 'xl/worksheets/sheet2.xml'
14:42:49.688 [main] INFO  - *****Sub-menu Items of Gyms are printed*****
14:42:49.986 [main] INFO  - ***Screenshot of Gym sub-Menu items taken successfully***
14:44:07.982 [main] INFO  - <------Car Washing services Test Scenario Execution Started------>
14:44:08.022 [main] INFO  - Justdial logo is verified successfully
14:44:10.665 [main] INFO  - Popup Handled succesfully
14:44:13.137 [main] INFO  - Current location is selected
14:44:19.537 [main] INFO  - Searched Car washing services are visible on screen
14:44:47.192 [main] INFO  - 4.0+ rating filter is applied after clicking on rating filter under AllFilters tag
14:44:47.381 [main] INFO  - *****Car Washing services name and rating is printed on console and excel*****
14:44:58.456 [main] TRACE - Loading type system org.apache.poi.schemas.ooxml.system.ooxml
14:44:58.458 [main] TRACE - Loading type system org.apache.xmlbeans.metadata.system.sXMLCONFIG
14:44:58.458 [main] TRACE - Loading type system org.apache.xmlbeans.metadata.system.sXMLLANG
14:44:58.459 [main] TRACE - Loading type system org.apache.xmlbeans.metadata.system.sXMLSCHEMA
14:44:58.459 [main] TRACE - Loading type system org.apache.xmlbeans.metadata.system.sXMLTOOLS
14:44:58.460 [main] TRACE - Reading unresolved handles for type system org.apache.xmlbeans.metadata.system.sXMLTOOLS
14:44:58.469 [main] TRACE - Finished loading type system org.apache.xmlbeans.metadata.system.sXMLTOOLS
14:44:58.470 [main] TRACE - Reading unresolved handles for type system org.apache.xmlbeans.metadata.system.sXMLSCHEMA
14:44:58.472 [main] TRACE - Finished loading type system org.apache.xmlbeans.metadata.system.sXMLSCHEMA
14:44:58.473 [main] TRACE - Reading unresolved handles for type system org.apache.xmlbeans.metadata.system.sXMLLANG
14:44:58.473 [main] TRACE - Finished loading type system org.apache.xmlbeans.metadata.system.sXMLLANG
14:44:58.474 [main] TRACE - Reading unresolved handles for type system org.apache.xmlbeans.metadata.system.sXMLCONFIG
14:44:58.475 [main] TRACE - Finished loading type system org.apache.xmlbeans.metadata.system.sXMLCONFIG
14:44:58.475 [main] TRACE - Reading unresolved handles for type system org.apache.poi.schemas.ooxml.system.ooxml
14:44:58.508 [main] TRACE - Finished loading type system org.apache.poi.schemas.ooxml.system.ooxml
14:44:58.509 [main] TRACE - Resolving type for handle ctworkbook83c3type
14:44:58.535 [main] TRACE - Resolving type for handle ctworkbookpr03a5type
14:44:58.540 [main] TRACE - Resolving type for handle ctbookviewsb864type
14:44:58.541 [main] TRACE - Resolving type for handle ctbookviewf677type
14:44:58.544 [main] TRACE - Resolving type for handle ctsheets49fdtype
14:44:58.546 [main] TRACE - Resolving type for handle propertiesee84doctype
14:44:58.547 [main] TRACE - Resolving type for handle ctproperties3f10type
14:44:58.554 [main] TRACE - Resolving type for handle properties288cdoctype
14:44:58.555 [main] TRACE - Resolving type for handle ctproperties2c18type
14:44:58.558 [main] TRACE - Resolving type for handle sstf81fdoctype
14:44:58.559 [main] TRACE - Resolving type for handle ctsst44f3type
14:44:58.561 [main] TRACE - Resolving type for handle stylesheet5d8bdoctype
14:44:58.562 [main] TRACE - Resolving type for handle ctstylesheet4257type
14:44:58.564 [main] TRACE - Resolving type for handle ctfont14d8type
14:44:58.568 [main] TRACE - Resolving type for handle ctfontsizeb3b9type
14:44:58.572 [main] TRACE - Resolving type for handle ctcolord2c2type
14:44:58.574 [main] TRACE - Resolving type for handle ctfontname2dc3type
14:44:58.575 [main] TRACE - Resolving type for handle stxstringf179type
14:44:58.578 [main] TRACE - Resolving type for handle ctfontfamily685ctype
14:44:58.579 [main] TRACE - Resolving type for handle stfontfamily9c6ctype
14:44:58.581 [main] TRACE - Resolving type for handle ctfontschemebf5dtype
14:44:58.584 [main] TRACE - Resolving type for handle stfontschemef36dtype
14:44:58.588 [main] TRACE - Resolving type for handle ctfill550ctype
14:44:58.590 [main] TRACE - Resolving type for handle ctpatternfill7452type
14:44:58.592 [main] TRACE - Resolving type for handle stpatterntype7939type
14:44:58.594 [main] TRACE - Resolving type for handle ctborderf935type
14:44:58.595 [main] TRACE - Resolving type for handle ctborderpre497type
14:44:58.597 [main] TRACE - Resolving type for handle ctxf97f7type
14:44:58.601 [main] TRACE - Resolving type for handle stnumfmtid76fbtype
14:44:58.602 [main] TRACE - Resolving type for handle stfontid9d63type
14:44:58.603 [main] TRACE - Resolving type for handle stfillida097type
14:44:58.604 [main] TRACE - Resolving type for handle stborderid1a80type
14:44:58.605 [main] TRACE - Resolving type for handle stcellstylexfid70c7type
14:44:58.607 [main] TRACE - Resolving type for handle ctsheet4dbetype
14:44:58.610 [main] TRACE - Resolving type for handle ctworksheet530dtype
14:44:58.615 [main] TRACE - Resolving type for handle ctsheetformatprdef7type
14:44:58.620 [main] TRACE - Resolving type for handle ctsheetviewsb918type
14:44:58.621 [main] TRACE - Resolving type for handle ctsheetview0f43type
14:44:58.624 [main] TRACE - Resolving type for handle ctsheetdimensiond310type
14:44:58.625 [main] TRACE - Resolving type for handle stref90a2type
14:44:58.626 [main] TRACE - Resolving type for handle ctsheetdata8408type
14:44:58.627 [main] TRACE - Resolving type for handle ctpagemargins5455type
14:44:58.630 [main] TRACE - Resolving type for handle ctcols627ctype
14:44:58.631 [main] TRACE - Resolving type for handle strelationshipid1e94type
14:44:58.632 [main] TRACE - Resolving type for handle ctrowdd39type
14:44:58.637 [main] TRACE - Resolving type for handle ctcell842btype
14:44:58.641 [main] TRACE - Resolving type for handle stcellrefe4e0type
14:44:58.643 [main] TRACE - Resolving type for handle ctrsta472type
14:44:58.644 [main] TRACE - Resolving type for handle stcelltypebf95type
14:44:58.920 [main] TRACE - Resolving type for handle ctnumfmtsb58btype
14:44:58.924 [main] TRACE - Resolving type for handle ctfonts6623type
14:44:58.928 [main] TRACE - Resolving type for handle ctfills2c6ftype
14:44:58.930 [main] TRACE - Resolving type for handle ctborders0d66type
14:44:58.933 [main] TRACE - Resolving type for handle ctcellxfs1322type
14:44:58.936 [main] TRACE - Resolving type for handle ctcellstylexfsa81ftype
14:44:58.954 [main] DEBUG - Save core properties part
14:44:58.954 [main] DEBUG - Save content types part
14:44:59.073 [main] DEBUG - Save package relationships
14:44:59.090 [main] DEBUG - Save part 'docProps/app.xml'
14:44:59.096 [main] DEBUG - Save part 'docProps/core.xml'
14:44:59.112 [main] DEBUG - Save part 'xl/sharedStrings.xml'
14:44:59.112 [main] DEBUG - Save part 'xl/styles.xml'
14:44:59.113 [main] DEBUG - Save part 'xl/workbook.xml'
14:44:59.118 [main] DEBUG - Save part 'xl/worksheets/sheet1.xml'
14:44:59.122 [main] DEBUG - Save content types part
14:44:59.125 [main] DEBUG - Save package relationships
14:44:59.128 [main] DEBUG - Save part 'docProps/app.xml'
14:44:59.128 [main] DEBUG - Save part 'docProps/core.xml'
14:44:59.131 [main] DEBUG - Save part 'xl/sharedStrings.xml'
14:44:59.132 [main] DEBUG - Save part 'xl/styles.xml'
14:44:59.134 [main] DEBUG - Save part 'xl/workbook.xml'
14:44:59.139 [main] DEBUG - Save part 'xl/worksheets/sheet1.xml'
14:45:01.351 [main] INFO  - ***Screenshot of Car washing services taken successfully***
14:45:01.351 [main] INFO  - <------Car Washing services Test Scenario Execution ended successfully------>
14:45:12.081 [main] INFO  - <------FreeListing Test Scenario Execution Started succesfully------>
14:45:13.487 [main] INFO  - FreeListing is launched
14:45:17.864 [main] INFO  - Wrong Detail is entered and Start Now button is clicked
14:45:20.059 [main] INFO  - Invalid message is printed
14:45:21.842 [main] INFO  - *****Window navigated back successfully*****
14:45:21.842 [main] INFO  - <------FreeListing Test Scenario Execution Started succesfully------>
14:45:30.904 [main] INFO  - <------Gym Test Scenario Execution Started succesfully------>
14:45:33.995 [main] INFO  - Gym section under fitness is clicked
14:45:36.379 [main] DEBUG - Parsing relationship: /xl/_rels/workbook.xml.rels
14:45:36.380 [main] DEBUG - Parsing relationship: /_rels/.rels
14:45:36.405 [main] TRACE - Resolving type for handle workbookec17doctype
14:45:36.408 [main] TRACE - Resolving type for handle worksheetf539doctype
14:45:36.634 [main] DEBUG - Save content types part
14:45:36.635 [main] DEBUG - Save package relationships
14:45:36.636 [main] DEBUG - Save part 'docProps/app.xml'
14:45:36.637 [main] DEBUG - Save part 'docProps/core.xml'
14:45:36.638 [main] DEBUG - Save part 'xl/sharedStrings.xml'
14:45:36.639 [main] DEBUG - Save part 'xl/styles.xml'
14:45:36.639 [main] DEBUG - Save part 'xl/workbook.xml'
14:45:36.640 [main] DEBUG - Save part 'xl/worksheets/sheet1.xml'
14:45:36.640 [main] DEBUG - Save part 'xl/worksheets/sheet2.xml'
14:45:38.649 [main] INFO  - *****Sub-menu Items of Gyms are printed*****
14:45:38.927 [main] INFO  - ***Screenshot of Gym sub-Menu items taken successfully***
14:50:43.546 [main] INFO  - <------Car Washing services Test Scenario Execution Started------>
14:50:43.585 [main] INFO  - Justdial logo is verified successfully
14:50:45.809 [main] INFO  - Popup Handled succesfully
14:50:48.281 [main] INFO  - Current location is selected
14:50:54.645 [main] INFO  - Searched Car washing services are visible on screen
14:51:22.225 [main] INFO  - 4.0+ rating filter is applied after clicking on rating filter under AllFilters tag
14:51:22.414 [main] INFO  - *****Car Washing services name and rating is printed on console and excel*****
14:51:27.164 [main] TRACE - Loading type system org.apache.poi.schemas.ooxml.system.ooxml
14:51:27.166 [main] TRACE - Loading type system org.apache.xmlbeans.metadata.system.sXMLCONFIG
14:51:27.166 [main] TRACE - Loading type system org.apache.xmlbeans.metadata.system.sXMLLANG
14:51:27.167 [main] TRACE - Loading type system org.apache.xmlbeans.metadata.system.sXMLSCHEMA
14:51:27.167 [main] TRACE - Loading type system org.apache.xmlbeans.metadata.system.sXMLTOOLS
14:51:27.168 [main] TRACE - Reading unresolved handles for type system org.apache.xmlbeans.metadata.system.sXMLTOOLS
14:51:27.176 [main] TRACE - Finished loading type system org.apache.xmlbeans.metadata.system.sXMLTOOLS
14:51:27.176 [main] TRACE - Reading unresolved handles for type system org.apache.xmlbeans.metadata.system.sXMLSCHEMA
14:51:27.179 [main] TRACE - Finished loading type system org.apache.xmlbeans.metadata.system.sXMLSCHEMA
14:51:27.179 [main] TRACE - Reading unresolved handles for type system org.apache.xmlbeans.metadata.system.sXMLLANG
14:51:27.180 [main] TRACE - Finished loading type system org.apache.xmlbeans.metadata.system.sXMLLANG
14:51:27.181 [main] TRACE - Reading unresolved handles for type system org.apache.xmlbeans.metadata.system.sXMLCONFIG
14:51:27.182 [main] TRACE - Finished loading type system org.apache.xmlbeans.metadata.system.sXMLCONFIG
14:51:27.183 [main] TRACE - Reading unresolved handles for type system org.apache.poi.schemas.ooxml.system.ooxml
14:51:27.215 [main] TRACE - Finished loading type system org.apache.poi.schemas.ooxml.system.ooxml
14:51:27.215 [main] TRACE - Resolving type for handle ctworkbook83c3type
14:51:27.241 [main] TRACE - Resolving type for handle ctworkbookpr03a5type
14:51:27.247 [main] TRACE - Resolving type for handle ctbookviewsb864type
14:51:27.248 [main] TRACE - Resolving type for handle ctbookviewf677type
14:51:27.252 [main] TRACE - Resolving type for handle ctsheets49fdtype
14:51:27.254 [main] TRACE - Resolving type for handle propertiesee84doctype
14:51:27.255 [main] TRACE - Resolving type for handle ctproperties3f10type
14:51:27.261 [main] TRACE - Resolving type for handle properties288cdoctype
14:51:27.262 [main] TRACE - Resolving type for handle ctproperties2c18type
14:51:27.265 [main] TRACE - Resolving type for handle sstf81fdoctype
14:51:27.266 [main] TRACE - Resolving type for handle ctsst44f3type
14:51:27.269 [main] TRACE - Resolving type for handle stylesheet5d8bdoctype
14:51:27.270 [main] TRACE - Resolving type for handle ctstylesheet4257type
14:51:27.272 [main] TRACE - Resolving type for handle ctfont14d8type
14:51:27.278 [main] TRACE - Resolving type for handle ctfontsizeb3b9type
14:51:27.280 [main] TRACE - Resolving type for handle ctcolord2c2type
14:51:27.281 [main] TRACE - Resolving type for handle ctfontname2dc3type
14:51:27.283 [main] TRACE - Resolving type for handle stxstringf179type
14:51:27.285 [main] TRACE - Resolving type for handle ctfontfamily685ctype
14:51:27.286 [main] TRACE - Resolving type for handle stfontfamily9c6ctype
14:51:27.288 [main] TRACE - Resolving type for handle ctfontschemebf5dtype
14:51:27.290 [main] TRACE - Resolving type for handle stfontschemef36dtype
14:51:27.294 [main] TRACE - Resolving type for handle ctfill550ctype
14:51:27.296 [main] TRACE - Resolving type for handle ctpatternfill7452type
14:51:27.299 [main] TRACE - Resolving type for handle stpatterntype7939type
14:51:27.302 [main] TRACE - Resolving type for handle ctborderf935type
14:51:27.304 [main] TRACE - Resolving type for handle ctborderpre497type
14:51:27.308 [main] TRACE - Resolving type for handle ctxf97f7type
14:51:27.310 [main] TRACE - Resolving type for handle stnumfmtid76fbtype
14:51:27.311 [main] TRACE - Resolving type for handle stfontid9d63type
14:51:27.312 [main] TRACE - Resolving type for handle stfillida097type
14:51:27.313 [main] TRACE - Resolving type for handle stborderid1a80type
14:51:27.314 [main] TRACE - Resolving type for handle stcellstylexfid70c7type
14:51:27.317 [main] TRACE - Resolving type for handle ctsheet4dbetype
14:51:27.320 [main] TRACE - Resolving type for handle ctworksheet530dtype
14:51:27.326 [main] TRACE - Resolving type for handle ctsheetformatprdef7type
14:51:27.331 [main] TRACE - Resolving type for handle ctsheetviewsb918type
14:51:27.334 [main] TRACE - Resolving type for handle ctsheetview0f43type
14:51:27.340 [main] TRACE - Resolving type for handle ctsheetdimensiond310type
14:51:27.343 [main] TRACE - Resolving type for handle stref90a2type
14:51:27.345 [main] TRACE - Resolving type for handle ctsheetdata8408type
14:51:27.348 [main] TRACE - Resolving type for handle ctpagemargins5455type
14:51:27.358 [main] TRACE - Resolving type for handle ctcols627ctype
14:51:27.362 [main] TRACE - Resolving type for handle strelationshipid1e94type
14:51:27.363 [main] TRACE - Resolving type for handle ctrowdd39type
14:51:27.371 [main] TRACE - Resolving type for handle ctcell842btype
14:51:27.383 [main] TRACE - Resolving type for handle stcellrefe4e0type
14:51:27.387 [main] TRACE - Resolving type for handle ctrsta472type
14:51:27.392 [main] TRACE - Resolving type for handle stcelltypebf95type
14:51:27.667 [main] TRACE - Resolving type for handle ctnumfmtsb58btype
14:51:27.670 [main] TRACE - Resolving type for handle ctfonts6623type
14:51:27.673 [main] TRACE - Resolving type for handle ctfills2c6ftype
14:51:27.676 [main] TRACE - Resolving type for handle ctborders0d66type
14:51:27.678 [main] TRACE - Resolving type for handle ctcellxfs1322type
14:51:27.681 [main] TRACE - Resolving type for handle ctcellstylexfsa81ftype
14:51:27.707 [main] DEBUG - Save core properties part
14:51:27.707 [main] DEBUG - Save content types part
14:51:27.855 [main] DEBUG - Save package relationships
14:51:27.865 [main] DEBUG - Save part 'docProps/app.xml'
14:51:27.868 [main] DEBUG - Save part 'docProps/core.xml'
14:51:27.875 [main] DEBUG - Save part 'xl/sharedStrings.xml'
14:51:27.876 [main] DEBUG - Save part 'xl/styles.xml'
14:51:27.876 [main] DEBUG - Save part 'xl/workbook.xml'
14:51:27.878 [main] DEBUG - Save part 'xl/worksheets/sheet1.xml'
14:51:27.880 [main] DEBUG - Save content types part
14:51:27.881 [main] DEBUG - Save package relationships
14:51:27.882 [main] DEBUG - Save part 'docProps/app.xml'
14:51:27.882 [main] DEBUG - Save part 'docProps/core.xml'
14:51:27.883 [main] DEBUG - Save part 'xl/sharedStrings.xml'
14:51:27.883 [main] DEBUG - Save part 'xl/styles.xml'
14:51:27.884 [main] DEBUG - Save part 'xl/workbook.xml'
14:51:27.885 [main] DEBUG - Save part 'xl/worksheets/sheet1.xml'
14:51:30.092 [main] INFO  - ***Screenshot of Car washing services taken successfully***
14:51:30.092 [main] INFO  - <------Car Washing services Test Scenario Execution ended successfully------>
14:51:40.988 [main] INFO  - <------FreeListing Test Scenario Execution Started succesfully------>
14:51:43.213 [main] INFO  - FreeListing is launched
14:51:47.616 [main] INFO  - Wrong Detail is entered and Start Now button is clicked
14:51:49.805 [main] INFO  - Invalid message is printed
14:51:51.978 [main] INFO  - *****Window navigated back successfully*****
14:51:51.978 [main] INFO  - <------FreeListing Test Scenario Execution Started succesfully------>
14:52:02.869 [main] INFO  - <------Gym Test Scenario Execution Started succesfully------>
14:52:05.962 [main] INFO  - Gym section under fitness is clicked
14:52:08.302 [main] DEBUG - Parsing relationship: /xl/_rels/workbook.xml.rels
14:52:08.303 [main] DEBUG - Parsing relationship: /_rels/.rels
14:52:08.327 [main] TRACE - Resolving type for handle workbookec17doctype
14:52:08.330 [main] TRACE - Resolving type for handle worksheetf539doctype
14:52:08.562 [main] DEBUG - Save content types part
14:52:08.563 [main] DEBUG - Save package relationships
14:52:08.564 [main] DEBUG - Save part 'docProps/app.xml'
14:52:08.564 [main] DEBUG - Save part 'docProps/core.xml'
14:52:08.565 [main] DEBUG - Save part 'xl/sharedStrings.xml'
14:52:08.565 [main] DEBUG - Save part 'xl/styles.xml'
14:52:08.565 [main] DEBUG - Save part 'xl/workbook.xml'
14:52:08.566 [main] DEBUG - Save part 'xl/worksheets/sheet1.xml'
14:52:08.566 [main] DEBUG - Save part 'xl/worksheets/sheet2.xml'
14:52:10.578 [main] INFO  - *****Sub-menu Items of Gyms are printed*****
14:52:10.825 [main] INFO  - ***Screenshot of Gym sub-Menu items taken successfully***
14:52:12.339 [main] INFO  - Dropdown List of sub-menu gym items are printed
14:52:12.339 [main] INFO  - <------Gym Test Scenario Execution Ended succesfully------>
15:02:48.446 [main] INFO  - <------Car Washing services Test Scenario Execution Started------>
15:02:48.489 [main] INFO  - Justdial logo is verified successfully
15:02:49.010 [main] INFO  - Popup Handled succesfully
15:02:51.578 [main] INFO  - Current location is selected
15:02:57.925 [main] INFO  - Searched Car washing services are visible on screen
15:03:25.596 [main] INFO  - 4.0+ rating filter is applied after clicking on rating filter under AllFilters tag
15:03:25.801 [main] INFO  - *****Car Washing services name and rating is printed on console and excel*****
15:03:30.526 [main] TRACE - Loading type system org.apache.poi.schemas.ooxml.system.ooxml
15:03:30.528 [main] TRACE - Loading type system org.apache.xmlbeans.metadata.system.sXMLCONFIG
15:03:30.528 [main] TRACE - Loading type system org.apache.xmlbeans.metadata.system.sXMLLANG
15:03:30.528 [main] TRACE - Loading type system org.apache.xmlbeans.metadata.system.sXMLSCHEMA
15:03:30.529 [main] TRACE - Loading type system org.apache.xmlbeans.metadata.system.sXMLTOOLS
15:03:30.529 [main] TRACE - Reading unresolved handles for type system org.apache.xmlbeans.metadata.system.sXMLTOOLS
15:03:30.538 [main] TRACE - Finished loading type system org.apache.xmlbeans.metadata.system.sXMLTOOLS
15:03:30.538 [main] TRACE - Reading unresolved handles for type system org.apache.xmlbeans.metadata.system.sXMLSCHEMA
15:03:30.542 [main] TRACE - Finished loading type system org.apache.xmlbeans.metadata.system.sXMLSCHEMA
15:03:30.543 [main] TRACE - Reading unresolved handles for type system org.apache.xmlbeans.metadata.system.sXMLLANG
15:03:30.543 [main] TRACE - Finished loading type system org.apache.xmlbeans.metadata.system.sXMLLANG
15:03:30.544 [main] TRACE - Reading unresolved handles for type system org.apache.xmlbeans.metadata.system.sXMLCONFIG
15:03:30.545 [main] TRACE - Finished loading type system org.apache.xmlbeans.metadata.system.sXMLCONFIG
15:03:30.546 [main] TRACE - Reading unresolved handles for type system org.apache.poi.schemas.ooxml.system.ooxml
15:03:30.575 [main] TRACE - Finished loading type system org.apache.poi.schemas.ooxml.system.ooxml
15:03:30.577 [main] TRACE - Resolving type for handle ctworkbook83c3type
15:03:30.608 [main] TRACE - Resolving type for handle ctworkbookpr03a5type
15:03:30.613 [main] TRACE - Resolving type for handle ctbookviewsb864type
15:03:30.617 [main] TRACE - Resolving type for handle ctbookviewf677type
15:03:30.622 [main] TRACE - Resolving type for handle ctsheets49fdtype
15:03:30.625 [main] TRACE - Resolving type for handle propertiesee84doctype
15:03:30.626 [main] TRACE - Resolving type for handle ctproperties3f10type
15:03:30.629 [main] TRACE - Resolving type for handle properties288cdoctype
15:03:30.630 [main] TRACE - Resolving type for handle ctproperties2c18type
15:03:30.633 [main] TRACE - Resolving type for handle sstf81fdoctype
15:03:30.634 [main] TRACE - Resolving type for handle ctsst44f3type
15:03:30.639 [main] TRACE - Resolving type for handle stylesheet5d8bdoctype
15:03:30.641 [main] TRACE - Resolving type for handle ctstylesheet4257type
15:03:30.646 [main] TRACE - Resolving type for handle ctfont14d8type
15:03:30.653 [main] TRACE - Resolving type for handle ctfontsizeb3b9type
15:03:30.658 [main] TRACE - Resolving type for handle ctcolord2c2type
15:03:30.660 [main] TRACE - Resolving type for handle ctfontname2dc3type
15:03:30.662 [main] TRACE - Resolving type for handle stxstringf179type
15:03:30.663 [main] TRACE - Resolving type for handle ctfontfamily685ctype
15:03:30.664 [main] TRACE - Resolving type for handle stfontfamily9c6ctype
15:03:30.667 [main] TRACE - Resolving type for handle ctfontschemebf5dtype
15:03:30.669 [main] TRACE - Resolving type for handle stfontschemef36dtype
15:03:30.672 [main] TRACE - Resolving type for handle ctfill550ctype
15:03:30.675 [main] TRACE - Resolving type for handle ctpatternfill7452type
15:03:30.677 [main] TRACE - Resolving type for handle stpatterntype7939type
15:03:30.678 [main] TRACE - Resolving type for handle ctborderf935type
15:03:30.682 [main] TRACE - Resolving type for handle ctborderpre497type
15:03:30.687 [main] TRACE - Resolving type for handle ctxf97f7type
15:03:30.691 [main] TRACE - Resolving type for handle stnumfmtid76fbtype
15:03:30.693 [main] TRACE - Resolving type for handle stfontid9d63type
15:03:30.694 [main] TRACE - Resolving type for handle stfillida097type
15:03:30.695 [main] TRACE - Resolving type for handle stborderid1a80type
15:03:30.696 [main] TRACE - Resolving type for handle stcellstylexfid70c7type
15:03:30.701 [main] TRACE - Resolving type for handle ctsheet4dbetype
15:03:30.709 [main] TRACE - Resolving type for handle ctworksheet530dtype
15:03:30.714 [main] TRACE - Resolving type for handle ctsheetformatprdef7type
15:03:30.717 [main] TRACE - Resolving type for handle ctsheetviewsb918type
15:03:30.719 [main] TRACE - Resolving type for handle ctsheetview0f43type
15:03:30.724 [main] TRACE - Resolving type for handle ctsheetdimensiond310type
15:03:30.728 [main] TRACE - Resolving type for handle stref90a2type
15:03:30.729 [main] TRACE - Resolving type for handle ctsheetdata8408type
15:03:30.731 [main] TRACE - Resolving type for handle ctpagemargins5455type
15:03:30.737 [main] TRACE - Resolving type for handle ctcols627ctype
15:03:30.741 [main] TRACE - Resolving type for handle strelationshipid1e94type
15:03:30.743 [main] TRACE - Resolving type for handle ctrowdd39type
15:03:30.749 [main] TRACE - Resolving type for handle ctcell842btype
15:03:30.761 [main] TRACE - Resolving type for handle stcellrefe4e0type
15:03:30.765 [main] TRACE - Resolving type for handle ctrsta472type
15:03:30.769 [main] TRACE - Resolving type for handle stcelltypebf95type
15:03:31.008 [main] TRACE - Resolving type for handle ctnumfmtsb58btype
15:03:31.009 [main] TRACE - Resolving type for handle ctfonts6623type
15:03:31.011 [main] TRACE - Resolving type for handle ctfills2c6ftype
15:03:31.012 [main] TRACE - Resolving type for handle ctborders0d66type
15:03:31.013 [main] TRACE - Resolving type for handle ctcellxfs1322type
15:03:31.015 [main] TRACE - Resolving type for handle ctcellstylexfsa81ftype
15:03:31.027 [main] DEBUG - Save core properties part
15:03:31.027 [main] DEBUG - Save content types part
15:03:31.093 [main] DEBUG - Save package relationships
15:03:31.100 [main] DEBUG - Save part 'docProps/app.xml'
15:03:31.103 [main] DEBUG - Save part 'docProps/core.xml'
15:03:31.109 [main] DEBUG - Save part 'xl/sharedStrings.xml'
15:03:31.109 [main] DEBUG - Save part 'xl/styles.xml'
15:03:31.109 [main] DEBUG - Save part 'xl/workbook.xml'
15:03:31.110 [main] DEBUG - Save part 'xl/worksheets/sheet1.xml'
15:03:31.112 [main] DEBUG - Save content types part
15:03:31.112 [main] DEBUG - Save package relationships
15:03:31.113 [main] DEBUG - Save part 'docProps/app.xml'
15:03:31.113 [main] DEBUG - Save part 'docProps/core.xml'
15:03:31.114 [main] DEBUG - Save part 'xl/sharedStrings.xml'
15:03:31.114 [main] DEBUG - Save part 'xl/styles.xml'
15:03:31.114 [main] DEBUG - Save part 'xl/workbook.xml'
15:03:31.115 [main] DEBUG - Save part 'xl/worksheets/sheet1.xml'
15:03:33.322 [main] INFO  - ***Screenshot of Car washing services taken successfully***
15:03:33.323 [main] INFO  - <------Car Washing services Test Scenario Execution ended successfully------>
15:03:50.037 [main] INFO  - <------FreeListing Test Scenario Execution Started succesfully------>
15:03:52.205 [main] INFO  - FreeListing is launched
15:03:56.547 [main] INFO  - Wrong Detail is entered and Start Now button is clicked
15:03:58.767 [main] INFO  - Invalid message is printed
15:04:01.824 [main] INFO  - *****Window navigated back successfully*****
15:04:01.824 [main] INFO  - <------FreeListing Test Scenario Execution Started succesfully------>
15:04:14.336 [main] INFO  - <------Gym Test Scenario Execution Started succesfully------>
